15-Dec-2022 23:34:07.433 정보 [main] org.apache.catalina.startup.VersionLoggerListener.log 서버 버전 이름:    Apache Tomcat/9.0.65
15-Dec-2022 23:34:07.439 정보 [main] org.apache.catalina.startup.VersionLoggerListener.log Server 빌드 시각:  Jul 14 2022 12:28:53 UTC
15-Dec-2022 23:34:07.439 정보 [main] org.apache.catalina.startup.VersionLoggerListener.log Server 버전 번호:  9.0.65.0
15-Dec-2022 23:34:07.440 정보 [main] org.apache.catalina.startup.VersionLoggerListener.log 운영체제 이름:     Windows 10
15-Dec-2022 23:34:07.440 정보 [main] org.apache.catalina.startup.VersionLoggerListener.log 운영체제 버전:     10.0
15-Dec-2022 23:34:07.440 정보 [main] org.apache.catalina.startup.VersionLoggerListener.log 아키텍처:          amd64
15-Dec-2022 23:34:07.440 정보 [main] org.apache.catalina.startup.VersionLoggerListener.log 자바 홈:           C:\Program Files\Eclipse Adoptium\jdk-11.0.14.101-hotspot
15-Dec-2022 23:34:07.440 정보 [main] org.apache.catalina.startup.VersionLoggerListener.log JVM 버전:          11.0.14.1+1
15-Dec-2022 23:34:07.441 정보 [main] org.apache.catalina.startup.VersionLoggerListener.log JVM 벤더:          Eclipse Adoptium
15-Dec-2022 23:34:07.441 정보 [main] org.apache.catalina.startup.VersionLoggerListener.log CATALINA_BASE:     C:\fundmentals\apache-tomcat-9.0.65
15-Dec-2022 23:34:07.441 정보 [main] org.apache.catalina.startup.VersionLoggerListener.log CATALINA_HOME:     C:\fundmentals\apache-tomcat-9.0.65
15-Dec-2022 23:34:07.462 정보 [main] org.apache.catalina.startup.VersionLoggerListener.log 명령 행 아규먼트:  --add-opens=java.base/java.lang=ALL-UNNAMED
15-Dec-2022 23:34:07.462 정보 [main] org.apache.catalina.startup.VersionLoggerListener.log 명령 행 아규먼트:  --add-opens=java.base/java.io=ALL-UNNAMED
15-Dec-2022 23:34:07.463 정보 [main] org.apache.catalina.startup.VersionLoggerListener.log 명령 행 아규먼트:  --add-opens=java.base/java.util=ALL-UNNAMED
15-Dec-2022 23:34:07.463 정보 [main] org.apache.catalina.startup.VersionLoggerListener.log 명령 행 아규먼트:  --add-opens=java.base/java.util.concurrent=ALL-UNNAMED
15-Dec-2022 23:34:07.463 정보 [main] org.apache.catalina.startup.VersionLoggerListener.log 명령 행 아규먼트:  --add-opens=java.rmi/sun.rmi.transport=ALL-UNNAMED
15-Dec-2022 23:34:07.463 정보 [main] org.apache.catalina.startup.VersionLoggerListener.log 명령 행 아규먼트:  -Djava.util.logging.config.file=C:/fundmentals/apache-tomcat-9.0.65/conf/logging.properties
15-Dec-2022 23:34:07.463 정보 [main] org.apache.catalina.startup.VersionLoggerListener.log 명령 행 아규먼트:  -Djava.util.logging.manager=org.apache.juli.ClassLoaderLogManager
15-Dec-2022 23:34:07.463 정보 [main] org.apache.catalina.startup.VersionLoggerListener.log 명령 행 아규먼트:  -Djdk.tls.ephemeralDHKeySize=2048
15-Dec-2022 23:34:07.463 정보 [main] org.apache.catalina.startup.VersionLoggerListener.log 명령 행 아규먼트:  -Djava.protocol.handler.pkgs=org.apache.catalina.webresources
15-Dec-2022 23:34:07.464 정보 [main] org.apache.catalina.startup.VersionLoggerListener.log 명령 행 아규먼트:  -Dorg.apache.catalina.security.SecurityListener.UMASK=0027
15-Dec-2022 23:34:07.464 정보 [main] org.apache.catalina.startup.VersionLoggerListener.log 명령 행 아규먼트:  -Dignore.endorsed.dirs=
15-Dec-2022 23:34:07.464 정보 [main] org.apache.catalina.startup.VersionLoggerListener.log 명령 행 아규먼트:  -Dcatalina.base=C:/fundmentals/apache-tomcat-9.0.65
15-Dec-2022 23:34:07.464 정보 [main] org.apache.catalina.startup.VersionLoggerListener.log 명령 행 아규먼트:  -Dcatalina.home=C:/fundmentals/apache-tomcat-9.0.65
15-Dec-2022 23:34:07.464 정보 [main] org.apache.catalina.startup.VersionLoggerListener.log 명령 행 아규먼트:  -Djava.io.tmpdir=C:/fundmentals/apache-tomcat-9.0.65/temp
15-Dec-2022 23:34:07.475 정보 [main] org.apache.catalina.core.AprLifecycleListener.lifecycleEvent APR 버전 [1.7.0]을(를) 사용한, APR 기반 Apache Tomcat Native 라이브러리 [1.2.35]을(를) 로드했습니다.
15-Dec-2022 23:34:07.475 정보 [main] org.apache.catalina.core.AprLifecycleListener.lifecycleEvent APR 용량정보들: IPv6 [true], sendfile [true], accept filters [false], random [true], UDS [true].
15-Dec-2022 23:34:07.476 정보 [main] org.apache.catalina.core.AprLifecycleListener.lifecycleEvent APR/OpenSSL 설정: useAprConnector [false], useOpenSSL [true]
15-Dec-2022 23:34:07.492 정보 [main] org.apache.catalina.core.AprLifecycleListener.initializeSSL OpenSSL이 성공적으로 초기화되었습니다: [OpenSSL 1.1.1q  5 Jul 2022]
15-Dec-2022 23:34:07.916 정보 [main] org.apache.coyote.AbstractProtocol.init 프로토콜 핸들러 ["http-nio-8081"]을(를) 초기화합니다.
15-Dec-2022 23:34:07.956 정보 [main] org.apache.catalina.startup.Catalina.load [829] 밀리초 내에 서버가 초기화되었습니다.
15-Dec-2022 23:34:08.046 정보 [main] org.apache.catalina.core.StandardService.startInternal 서비스 [Catalina]을(를) 시작합니다.
15-Dec-2022 23:34:08.047 정보 [main] org.apache.catalina.core.StandardEngine.startInternal 서버 엔진을 시작합니다: [Apache Tomcat/9.0.65]
15-Dec-2022 23:34:08.064 정보 [main] org.apache.catalina.startup.HostConfig.deployDirectory 웹 애플리케이션 디렉토리 [C:\fundmentals\apache-tomcat-9.0.65\webapps\docs]을(를) 배치합니다.
15-Dec-2022 23:34:08.727 경고 [main] org.apache.catalina.util.SessionIdGeneratorBase.createSecureRandom [SHA1PRNG] 알고리즘을 사용하여, 세션 ID를 생성하기 위한 SecureRandom 객체를 생성하는데, [255] 밀리초가 소요됐습니다.
15-Dec-2022 23:34:08.756 정보 [main] org.apache.catalina.startup.HostConfig.deployDirectory 웹 애플리케이션 디렉토리 [C:\fundmentals\apache-tomcat-9.0.65\webapps\docs]에 대한 배치가 [693] 밀리초에 완료되었습니다.
15-Dec-2022 23:34:08.756 정보 [main] org.apache.catalina.startup.HostConfig.deployDirectory 웹 애플리케이션 디렉토리 [C:\fundmentals\apache-tomcat-9.0.65\webapps\examples]을(를) 배치합니다.
15-Dec-2022 23:34:09.609 정보 [main] org.apache.catalina.startup.HostConfig.deployDirectory 웹 애플리케이션 디렉토리 [C:\fundmentals\apache-tomcat-9.0.65\webapps\examples]에 대한 배치가 [853] 밀리초에 완료되었습니다.
15-Dec-2022 23:34:09.610 정보 [main] org.apache.catalina.startup.HostConfig.deployDirectory 웹 애플리케이션 디렉토리 [C:\fundmentals\apache-tomcat-9.0.65\webapps\Gradle___iducs_jw201912022___servlet_jsp_1_0_SNAPSHOT_war]을(를) 배치합니다.
15-Dec-2022 23:34:09.705 정보 [main] org.apache.catalina.startup.HostConfig.deployDirectory 웹 애플리케이션 디렉토리 [C:\fundmentals\apache-tomcat-9.0.65\webapps\Gradle___iducs_jw201912022___servlet_jsp_1_0_SNAPSHOT_war]에 대한 배치가 [95] 밀리초에 완료되었습니다.
15-Dec-2022 23:34:09.706 정보 [main] org.apache.catalina.startup.HostConfig.deployDirectory 웹 애플리케이션 디렉토리 [C:\fundmentals\apache-tomcat-9.0.65\webapps\host-manager]을(를) 배치합니다.
15-Dec-2022 23:34:09.778 정보 [main] org.apache.catalina.startup.HostConfig.deployDirectory 웹 애플리케이션 디렉토리 [C:\fundmentals\apache-tomcat-9.0.65\webapps\host-manager]에 대한 배치가 [71] 밀리초에 완료되었습니다.
15-Dec-2022 23:34:09.778 정보 [main] org.apache.catalina.startup.HostConfig.deployDirectory 웹 애플리케이션 디렉토리 [C:\fundmentals\apache-tomcat-9.0.65\webapps\manager]을(를) 배치합니다.
15-Dec-2022 23:34:09.839 정보 [main] org.apache.catalina.startup.HostConfig.deployDirectory 웹 애플리케이션 디렉토리 [C:\fundmentals\apache-tomcat-9.0.65\webapps\manager]에 대한 배치가 [61] 밀리초에 완료되었습니다.
15-Dec-2022 23:34:09.840 정보 [main] org.apache.catalina.startup.HostConfig.deployDirectory 웹 애플리케이션 디렉토리 [C:\fundmentals\apache-tomcat-9.0.65\webapps\project]을(를) 배치합니다.
15-Dec-2022 23:34:09.877 정보 [main] org.apache.catalina.startup.HostConfig.deployDirectory 웹 애플리케이션 디렉토리 [C:\fundmentals\apache-tomcat-9.0.65\webapps\project]에 대한 배치가 [36] 밀리초에 완료되었습니다.
15-Dec-2022 23:34:09.877 정보 [main] org.apache.catalina.startup.HostConfig.deployDirectory 웹 애플리케이션 디렉토리 [C:\fundmentals\apache-tomcat-9.0.65\webapps\ROOT]을(를) 배치합니다.
15-Dec-2022 23:34:09.915 정보 [main] org.apache.catalina.startup.HostConfig.deployDirectory 웹 애플리케이션 디렉토리 [C:\fundmentals\apache-tomcat-9.0.65\webapps\ROOT]에 대한 배치가 [38] 밀리초에 완료되었습니다.
15-Dec-2022 23:34:09.915 정보 [main] org.apache.catalina.startup.HostConfig.deployDirectory 웹 애플리케이션 디렉토리 [C:\fundmentals\apache-tomcat-9.0.65\webapps\ttt]을(를) 배치합니다.
15-Dec-2022 23:34:09.961 정보 [main] org.apache.catalina.startup.HostConfig.deployDirectory 웹 애플리케이션 디렉토리 [C:\fundmentals\apache-tomcat-9.0.65\webapps\ttt]에 대한 배치가 [46] 밀리초에 완료되었습니다.
15-Dec-2022 23:34:09.966 정보 [main] org.apache.coyote.AbstractProtocol.start 프로토콜 핸들러 ["http-nio-8081"]을(를) 시작합니다.
15-Dec-2022 23:34:10.226 정보 [main] org.apache.catalina.startup.Catalina.start 서버가 [2270] 밀리초 내에 시작되었습니다.
15-Dec-2022 23:34:12.674 정보 [main] org.apache.catalina.startup.VersionLoggerListener.log 서버 버전 이름:    Apache Tomcat/9.0.65
15-Dec-2022 23:34:12.680 정보 [main] org.apache.catalina.startup.VersionLoggerListener.log Server 빌드 시각:  Jul 14 2022 12:28:53 UTC
15-Dec-2022 23:34:12.680 정보 [main] org.apache.catalina.startup.VersionLoggerListener.log Server 버전 번호:  9.0.65.0
15-Dec-2022 23:34:12.680 정보 [main] org.apache.catalina.startup.VersionLoggerListener.log 운영체제 이름:     Windows 10
15-Dec-2022 23:34:12.680 정보 [main] org.apache.catalina.startup.VersionLoggerListener.log 운영체제 버전:     10.0
15-Dec-2022 23:34:12.681 정보 [main] org.apache.catalina.startup.VersionLoggerListener.log 아키텍처:          amd64
15-Dec-2022 23:34:12.681 정보 [main] org.apache.catalina.startup.VersionLoggerListener.log 자바 홈:           C:\Program Files\Eclipse Adoptium\jdk-11.0.14.101-hotspot
15-Dec-2022 23:34:12.681 정보 [main] org.apache.catalina.startup.VersionLoggerListener.log JVM 버전:          11.0.14.1+1
15-Dec-2022 23:34:12.681 정보 [main] org.apache.catalina.startup.VersionLoggerListener.log JVM 벤더:          Eclipse Adoptium
15-Dec-2022 23:34:12.682 정보 [main] org.apache.catalina.startup.VersionLoggerListener.log CATALINA_BASE:     C:\fundmentals\apache-tomcat-9.0.65
15-Dec-2022 23:34:12.682 정보 [main] org.apache.catalina.startup.VersionLoggerListener.log CATALINA_HOME:     C:\fundmentals\apache-tomcat-9.0.65
15-Dec-2022 23:34:12.697 정보 [main] org.apache.catalina.startup.VersionLoggerListener.log 명령 행 아규먼트:  --add-opens=java.base/java.lang=ALL-UNNAMED
15-Dec-2022 23:34:12.697 정보 [main] org.apache.catalina.startup.VersionLoggerListener.log 명령 행 아규먼트:  --add-opens=java.base/java.io=ALL-UNNAMED
15-Dec-2022 23:34:12.697 정보 [main] org.apache.catalina.startup.VersionLoggerListener.log 명령 행 아규먼트:  --add-opens=java.base/java.util=ALL-UNNAMED
15-Dec-2022 23:34:12.697 정보 [main] org.apache.catalina.startup.VersionLoggerListener.log 명령 행 아규먼트:  --add-opens=java.base/java.util.concurrent=ALL-UNNAMED
15-Dec-2022 23:34:12.697 정보 [main] org.apache.catalina.startup.VersionLoggerListener.log 명령 행 아규먼트:  --add-opens=java.rmi/sun.rmi.transport=ALL-UNNAMED
15-Dec-2022 23:34:12.698 정보 [main] org.apache.catalina.startup.VersionLoggerListener.log 명령 행 아규먼트:  -Djava.util.logging.config.file=C:/fundmentals/apache-tomcat-9.0.65/conf/logging.properties
15-Dec-2022 23:34:12.698 정보 [main] org.apache.catalina.startup.VersionLoggerListener.log 명령 행 아규먼트:  -Djava.util.logging.manager=org.apache.juli.ClassLoaderLogManager
15-Dec-2022 23:34:12.698 정보 [main] org.apache.catalina.startup.VersionLoggerListener.log 명령 행 아규먼트:  -Djdk.tls.ephemeralDHKeySize=2048
15-Dec-2022 23:34:12.698 정보 [main] org.apache.catalina.startup.VersionLoggerListener.log 명령 행 아규먼트:  -Djava.protocol.handler.pkgs=org.apache.catalina.webresources
15-Dec-2022 23:34:12.698 정보 [main] org.apache.catalina.startup.VersionLoggerListener.log 명령 행 아규먼트:  -Dorg.apache.catalina.security.SecurityListener.UMASK=0027
15-Dec-2022 23:34:12.698 정보 [main] org.apache.catalina.startup.VersionLoggerListener.log 명령 행 아규먼트:  -Dignore.endorsed.dirs=
15-Dec-2022 23:34:12.699 정보 [main] org.apache.catalina.startup.VersionLoggerListener.log 명령 행 아규먼트:  -Dcatalina.base=C:/fundmentals/apache-tomcat-9.0.65
15-Dec-2022 23:34:12.699 정보 [main] org.apache.catalina.startup.VersionLoggerListener.log 명령 행 아규먼트:  -Dcatalina.home=C:/fundmentals/apache-tomcat-9.0.65
15-Dec-2022 23:34:12.699 정보 [main] org.apache.catalina.startup.VersionLoggerListener.log 명령 행 아규먼트:  -Djava.io.tmpdir=C:/fundmentals/apache-tomcat-9.0.65/temp
15-Dec-2022 23:34:12.705 정보 [main] org.apache.catalina.core.AprLifecycleListener.lifecycleEvent APR 버전 [1.7.0]을(를) 사용한, APR 기반 Apache Tomcat Native 라이브러리 [1.2.35]을(를) 로드했습니다.
15-Dec-2022 23:34:12.705 정보 [main] org.apache.catalina.core.AprLifecycleListener.lifecycleEvent APR 용량정보들: IPv6 [true], sendfile [true], accept filters [false], random [true], UDS [true].
15-Dec-2022 23:34:12.705 정보 [main] org.apache.catalina.core.AprLifecycleListener.lifecycleEvent APR/OpenSSL 설정: useAprConnector [false], useOpenSSL [true]
15-Dec-2022 23:34:12.714 정보 [main] org.apache.catalina.core.AprLifecycleListener.initializeSSL OpenSSL이 성공적으로 초기화되었습니다: [OpenSSL 1.1.1q  5 Jul 2022]
15-Dec-2022 23:34:13.295 정보 [main] org.apache.coyote.AbstractProtocol.init 프로토콜 핸들러 ["http-nio-8081"]을(를) 초기화합니다.
15-Dec-2022 23:34:13.327 심각 [main] org.apache.catalina.util.LifecycleBase.handleSubClassException 구성요소 [Connector[HTTP/1.1-8081]]을(를) 초기화하지 못했습니다.
	org.apache.catalina.LifecycleException: 프로토콜 핸들러 초기화가 실패했습니다.
		at org.apache.catalina.connector.Connector.initInternal(Connector.java:1051)
		at org.apache.catalina.util.LifecycleBase.init(LifecycleBase.java:136)
		at org.apache.catalina.core.StandardService.initInternal(StandardService.java:556)
		at org.apache.catalina.util.LifecycleBase.init(LifecycleBase.java:136)
		at org.apache.catalina.core.StandardServer.initInternal(StandardServer.java:1045)
		at org.apache.catalina.util.LifecycleBase.init(LifecycleBase.java:136)
		at org.apache.catalina.startup.Catalina.load(Catalina.java:724)
		at org.apache.catalina.startup.Catalina.load(Catalina.java:746)
		at java.base/jdk.internal.reflect.NativeMethodAccessorImpl.invoke0(Native Method)
		at java.base/jdk.internal.reflect.NativeMethodAccessorImpl.invoke(NativeMethodAccessorImpl.java:62)
		at java.base/jdk.internal.reflect.DelegatingMethodAccessorImpl.invoke(DelegatingMethodAccessorImpl.java:43)
		at java.base/java.lang.reflect.Method.invoke(Method.java:566)
		at org.apache.catalina.startup.Bootstrap.load(Bootstrap.java:305)
		at org.apache.catalina.startup.Bootstrap.main(Bootstrap.java:475)
	Caused by: java.net.BindException: Address already in use: bind
		at java.base/sun.nio.ch.Net.bind0(Native Method)
		at java.base/sun.nio.ch.Net.bind(Net.java:459)
		at java.base/sun.nio.ch.Net.bind(Net.java:448)
		at java.base/sun.nio.ch.ServerSocketChannelImpl.bind(ServerSocketChannelImpl.java:227)
		at org.apache.tomcat.util.net.NioEndpoint.initServerSocket(NioEndpoint.java:275)
		at org.apache.tomcat.util.net.NioEndpoint.bind(NioEndpoint.java:230)
		at org.apache.tomcat.util.net.AbstractEndpoint.bindWithCleanup(AbstractEndpoint.java:1227)
		at org.apache.tomcat.util.net.AbstractEndpoint.init(AbstractEndpoint.java:1240)
		at org.apache.coyote.AbstractProtocol.init(AbstractProtocol.java:603)
		at org.apache.coyote.http11.AbstractHttp11Protocol.init(AbstractHttp11Protocol.java:80)
		at org.apache.catalina.connector.Connector.initInternal(Connector.java:1048)
		... 13 more
15-Dec-2022 23:34:13.329 정보 [main] org.apache.catalina.startup.Catalina.load [999] 밀리초 내에 서버가 초기화되었습니다.
15-Dec-2022 23:34:13.466 정보 [main] org.apache.catalina.core.StandardService.startInternal 서비스 [Catalina]을(를) 시작합니다.
15-Dec-2022 23:34:13.466 정보 [main] org.apache.catalina.core.StandardEngine.startInternal 서버 엔진을 시작합니다: [Apache Tomcat/9.0.65]
15-Dec-2022 23:34:13.484 정보 [main] org.apache.catalina.startup.HostConfig.deployDirectory 웹 애플리케이션 디렉토리 [C:\fundmentals\apache-tomcat-9.0.65\webapps\docs]을(를) 배치합니다.
15-Dec-2022 23:34:14.122 정보 [main] org.apache.catalina.startup.VersionLoggerListener.log 서버 버전 이름:    Apache Tomcat/9.0.65
15-Dec-2022 23:34:14.140 정보 [main] org.apache.catalina.startup.VersionLoggerListener.log Server 빌드 시각:  Jul 14 2022 12:28:53 UTC
15-Dec-2022 23:34:14.140 정보 [main] org.apache.catalina.startup.VersionLoggerListener.log Server 버전 번호:  9.0.65.0
15-Dec-2022 23:34:14.141 정보 [main] org.apache.catalina.startup.VersionLoggerListener.log 운영체제 이름:     Windows 10
15-Dec-2022 23:34:14.142 정보 [main] org.apache.catalina.startup.VersionLoggerListener.log 운영체제 버전:     10.0
15-Dec-2022 23:34:14.143 정보 [main] org.apache.catalina.startup.VersionLoggerListener.log 아키텍처:          amd64
15-Dec-2022 23:34:14.143 정보 [main] org.apache.catalina.startup.VersionLoggerListener.log 자바 홈:           C:\Program Files\Eclipse Adoptium\jdk-11.0.14.101-hotspot
15-Dec-2022 23:34:14.143 정보 [main] org.apache.catalina.startup.VersionLoggerListener.log JVM 버전:          11.0.14.1+1
15-Dec-2022 23:34:14.144 정보 [main] org.apache.catalina.startup.VersionLoggerListener.log JVM 벤더:          Eclipse Adoptium
15-Dec-2022 23:34:14.144 정보 [main] org.apache.catalina.startup.VersionLoggerListener.log CATALINA_BASE:     C:\fundmentals\apache-tomcat-9.0.65
15-Dec-2022 23:34:14.145 정보 [main] org.apache.catalina.startup.VersionLoggerListener.log CATALINA_HOME:     C:\fundmentals\apache-tomcat-9.0.65
15-Dec-2022 23:34:14.152 정보 [main] org.apache.catalina.startup.VersionLoggerListener.log 명령 행 아규먼트:  --add-opens=java.base/java.lang=ALL-UNNAMED
15-Dec-2022 23:34:14.154 정보 [main] org.apache.catalina.startup.VersionLoggerListener.log 명령 행 아규먼트:  --add-opens=java.base/java.io=ALL-UNNAMED
15-Dec-2022 23:34:14.156 정보 [main] org.apache.catalina.startup.VersionLoggerListener.log 명령 행 아규먼트:  --add-opens=java.base/java.util=ALL-UNNAMED
15-Dec-2022 23:34:14.156 정보 [main] org.apache.catalina.startup.VersionLoggerListener.log 명령 행 아규먼트:  --add-opens=java.base/java.util.concurrent=ALL-UNNAMED
15-Dec-2022 23:34:14.158 정보 [main] org.apache.catalina.startup.VersionLoggerListener.log 명령 행 아규먼트:  --add-opens=java.rmi/sun.rmi.transport=ALL-UNNAMED
15-Dec-2022 23:34:14.158 정보 [main] org.apache.catalina.startup.VersionLoggerListener.log 명령 행 아규먼트:  -Djava.util.logging.config.file=C:\fundmentals\apache-tomcat-9.0.65\conf\logging.properties
15-Dec-2022 23:34:14.160 정보 [main] org.apache.catalina.startup.VersionLoggerListener.log 명령 행 아규먼트:  -Djava.util.logging.manager=org.apache.juli.ClassLoaderLogManager
15-Dec-2022 23:34:14.163 정보 [main] org.apache.catalina.startup.VersionLoggerListener.log 명령 행 아규먼트:  -Djdk.tls.ephemeralDHKeySize=2048
15-Dec-2022 23:34:14.164 정보 [main] org.apache.catalina.startup.VersionLoggerListener.log 명령 행 아규먼트:  -Djava.protocol.handler.pkgs=org.apache.catalina.webresources
15-Dec-2022 23:34:14.165 정보 [main] org.apache.catalina.startup.VersionLoggerListener.log 명령 행 아규먼트:  -Dignore.endorsed.dirs=
15-Dec-2022 23:34:14.166 정보 [main] org.apache.catalina.startup.VersionLoggerListener.log 명령 행 아규먼트:  -Dcatalina.base=C:\fundmentals\apache-tomcat-9.0.65
15-Dec-2022 23:34:14.167 정보 [main] org.apache.catalina.startup.VersionLoggerListener.log 명령 행 아규먼트:  -Dcatalina.home=C:\fundmentals\apache-tomcat-9.0.65
15-Dec-2022 23:34:14.168 정보 [main] org.apache.catalina.startup.VersionLoggerListener.log 명령 행 아규먼트:  -Djava.io.tmpdir=C:\fundmentals\apache-tomcat-9.0.65\temp
15-Dec-2022 23:34:14.175 정보 [main] org.apache.catalina.core.AprLifecycleListener.lifecycleEvent APR 버전 [1.7.0]을(를) 사용한, APR 기반 Apache Tomcat Native 라이브러리 [1.2.35]을(를) 로드했습니다.
15-Dec-2022 23:34:14.176 정보 [main] org.apache.catalina.core.AprLifecycleListener.lifecycleEvent APR 용량정보들: IPv6 [true], sendfile [true], accept filters [false], random [true], UDS [true].
15-Dec-2022 23:34:14.177 정보 [main] org.apache.catalina.core.AprLifecycleListener.lifecycleEvent APR/OpenSSL 설정: useAprConnector [false], useOpenSSL [true]
15-Dec-2022 23:34:14.187 정보 [main] org.apache.catalina.core.AprLifecycleListener.initializeSSL OpenSSL이 성공적으로 초기화되었습니다: [OpenSSL 1.1.1q  5 Jul 2022]
15-Dec-2022 23:34:14.378 경고 [main] org.apache.catalina.util.SessionIdGeneratorBase.createSecureRandom [SHA1PRNG] 알고리즘을 사용하여, 세션 ID를 생성하기 위한 SecureRandom 객체를 생성하는데, [362] 밀리초가 소요됐습니다.
15-Dec-2022 23:34:14.427 정보 [main] org.apache.catalina.startup.HostConfig.deployDirectory 웹 애플리케이션 디렉토리 [C:\fundmentals\apache-tomcat-9.0.65\webapps\docs]에 대한 배치가 [943] 밀리초에 완료되었습니다.
15-Dec-2022 23:34:14.427 정보 [main] org.apache.catalina.startup.HostConfig.deployDirectory 웹 애플리케이션 디렉토리 [C:\fundmentals\apache-tomcat-9.0.65\webapps\examples]을(를) 배치합니다.
15-Dec-2022 23:34:14.646 정보 [main] org.apache.coyote.AbstractProtocol.init 프로토콜 핸들러 ["http-nio-8081"]을(를) 초기화합니다.
15-Dec-2022 23:34:14.682 심각 [main] org.apache.catalina.util.LifecycleBase.handleSubClassException 구성요소 [Connector[HTTP/1.1-8081]]을(를) 초기화하지 못했습니다.
	org.apache.catalina.LifecycleException: 프로토콜 핸들러 초기화가 실패했습니다.
		at org.apache.catalina.connector.Connector.initInternal(Connector.java:1051)
		at org.apache.catalina.util.LifecycleBase.init(LifecycleBase.java:136)
		at org.apache.catalina.core.StandardService.initInternal(StandardService.java:556)
		at org.apache.catalina.util.LifecycleBase.init(LifecycleBase.java:136)
		at org.apache.catalina.core.StandardServer.initInternal(StandardServer.java:1045)
		at org.apache.catalina.util.LifecycleBase.init(LifecycleBase.java:136)
		at org.apache.catalina.startup.Catalina.load(Catalina.java:724)
		at org.apache.catalina.startup.Catalina.load(Catalina.java:746)
		at java.base/jdk.internal.reflect.NativeMethodAccessorImpl.invoke0(Native Method)
		at java.base/jdk.internal.reflect.NativeMethodAccessorImpl.invoke(NativeMethodAccessorImpl.java:62)
		at java.base/jdk.internal.reflect.DelegatingMethodAccessorImpl.invoke(DelegatingMethodAccessorImpl.java:43)
		at java.base/java.lang.reflect.Method.invoke(Method.java:566)
		at org.apache.catalina.startup.Bootstrap.load(Bootstrap.java:305)
		at org.apache.catalina.startup.Bootstrap.main(Bootstrap.java:475)
	Caused by: java.net.BindException: Address already in use: bind
		at java.base/sun.nio.ch.Net.bind0(Native Method)
		at java.base/sun.nio.ch.Net.bind(Net.java:459)
		at java.base/sun.nio.ch.Net.bind(Net.java:448)
		at java.base/sun.nio.ch.ServerSocketChannelImpl.bind(ServerSocketChannelImpl.java:227)
		at org.apache.tomcat.util.net.NioEndpoint.initServerSocket(NioEndpoint.java:275)
		at org.apache.tomcat.util.net.NioEndpoint.bind(NioEndpoint.java:230)
		at org.apache.tomcat.util.net.AbstractEndpoint.bindWithCleanup(AbstractEndpoint.java:1227)
		at org.apache.tomcat.util.net.AbstractEndpoint.init(AbstractEndpoint.java:1240)
		at org.apache.coyote.AbstractProtocol.init(AbstractProtocol.java:603)
		at org.apache.coyote.http11.AbstractHttp11Protocol.init(AbstractHttp11Protocol.java:80)
		at org.apache.catalina.connector.Connector.initInternal(Connector.java:1048)
		... 13 more
15-Dec-2022 23:34:14.696 정보 [main] org.apache.catalina.startup.Catalina.load [971] 밀리초 내에 서버가 초기화되었습니다.
15-Dec-2022 23:34:14.798 정보 [main] org.apache.catalina.core.StandardService.startInternal 서비스 [Catalina]을(를) 시작합니다.
15-Dec-2022 23:34:14.803 정보 [main] org.apache.catalina.core.StandardEngine.startInternal 서버 엔진을 시작합니다: [Apache Tomcat/9.0.65]
15-Dec-2022 23:34:14.825 정보 [main] org.apache.catalina.startup.HostConfig.deployDirectory 웹 애플리케이션 디렉토리 [C:\fundmentals\apache-tomcat-9.0.65\webapps\docs]을(를) 배치합니다.
15-Dec-2022 23:34:15.533 정보 [main] org.apache.catalina.startup.HostConfig.deployDirectory 웹 애플리케이션 디렉토리 [C:\fundmentals\apache-tomcat-9.0.65\webapps\examples]에 대한 배치가 [1,106] 밀리초에 완료되었습니다.
15-Dec-2022 23:34:15.533 정보 [main] org.apache.catalina.startup.HostConfig.deployDirectory 웹 애플리케이션 디렉토리 [C:\fundmentals\apache-tomcat-9.0.65\webapps\Gradle___iducs_jw201912022___servlet_jsp_1_0_SNAPSHOT_war]을(를) 배치합니다.
15-Dec-2022 23:34:15.615 정보 [main] org.apache.catalina.startup.HostConfig.deployDirectory 웹 애플리케이션 디렉토리 [C:\fundmentals\apache-tomcat-9.0.65\webapps\Gradle___iducs_jw201912022___servlet_jsp_1_0_SNAPSHOT_war]에 대한 배치가 [82] 밀리초에 완료되었습니다.
15-Dec-2022 23:34:15.616 정보 [main] org.apache.catalina.startup.HostConfig.deployDirectory 웹 애플리케이션 디렉토리 [C:\fundmentals\apache-tomcat-9.0.65\webapps\host-manager]을(를) 배치합니다.
15-Dec-2022 23:34:15.679 정보 [main] org.apache.catalina.startup.HostConfig.deployDirectory 웹 애플리케이션 디렉토리 [C:\fundmentals\apache-tomcat-9.0.65\webapps\host-manager]에 대한 배치가 [63] 밀리초에 완료되었습니다.
15-Dec-2022 23:34:15.680 정보 [main] org.apache.catalina.startup.HostConfig.deployDirectory 웹 애플리케이션 디렉토리 [C:\fundmentals\apache-tomcat-9.0.65\webapps\manager]을(를) 배치합니다.
15-Dec-2022 23:34:15.682 경고 [main] org.apache.catalina.util.SessionIdGeneratorBase.createSecureRandom [SHA1PRNG] 알고리즘을 사용하여, 세션 ID를 생성하기 위한 SecureRandom 객체를 생성하는데, [332] 밀리초가 소요됐습니다.
15-Dec-2022 23:34:15.727 정보 [main] org.apache.catalina.startup.HostConfig.deployDirectory 웹 애플리케이션 디렉토리 [C:\fundmentals\apache-tomcat-9.0.65\webapps\docs]에 대한 배치가 [902] 밀리초에 완료되었습니다.
15-Dec-2022 23:34:15.735 정보 [main] org.apache.catalina.startup.HostConfig.deployDirectory 웹 애플리케이션 디렉토리 [C:\fundmentals\apache-tomcat-9.0.65\webapps\examples]을(를) 배치합니다.
15-Dec-2022 23:34:15.756 정보 [main] org.apache.catalina.startup.HostConfig.deployDirectory 웹 애플리케이션 디렉토리 [C:\fundmentals\apache-tomcat-9.0.65\webapps\manager]에 대한 배치가 [76] 밀리초에 완료되었습니다.
15-Dec-2022 23:34:15.759 정보 [main] org.apache.catalina.startup.HostConfig.deployDirectory 웹 애플리케이션 디렉토리 [C:\fundmentals\apache-tomcat-9.0.65\webapps\project]을(를) 배치합니다.
15-Dec-2022 23:34:15.816 정보 [main] org.apache.catalina.startup.HostConfig.deployDirectory 웹 애플리케이션 디렉토리 [C:\fundmentals\apache-tomcat-9.0.65\webapps\project]에 대한 배치가 [59] 밀리초에 완료되었습니다.
15-Dec-2022 23:34:15.817 정보 [main] org.apache.catalina.startup.HostConfig.deployDirectory 웹 애플리케이션 디렉토리 [C:\fundmentals\apache-tomcat-9.0.65\webapps\ROOT]을(를) 배치합니다.
15-Dec-2022 23:34:15.873 정보 [main] org.apache.catalina.startup.HostConfig.deployDirectory 웹 애플리케이션 디렉토리 [C:\fundmentals\apache-tomcat-9.0.65\webapps\ROOT]에 대한 배치가 [56] 밀리초에 완료되었습니다.
15-Dec-2022 23:34:15.874 정보 [main] org.apache.catalina.startup.HostConfig.deployDirectory 웹 애플리케이션 디렉토리 [C:\fundmentals\apache-tomcat-9.0.65\webapps\ttt]을(를) 배치합니다.
15-Dec-2022 23:34:15.923 정보 [main] org.apache.catalina.startup.HostConfig.deployDirectory 웹 애플리케이션 디렉토리 [C:\fundmentals\apache-tomcat-9.0.65\webapps\ttt]에 대한 배치가 [49] 밀리초에 완료되었습니다.
15-Dec-2022 23:34:15.933 정보 [main] org.apache.catalina.startup.Catalina.start 서버가 [2600] 밀리초 내에 시작되었습니다.
15-Dec-2022 23:34:15.959 심각 [main] org.apache.catalina.core.StandardServer.await 주소 [localhost]와(과) 포트 [8005]에, 서버 셧다운 소켓을 생성하지 못했습니다. (base 포트 [8005], offset [0])
	java.net.BindException: Address already in use: NET_Bind
		at java.base/java.net.PlainSocketImpl.bind0(Native Method)
		at java.base/java.net.PlainSocketImpl.socketBind(PlainSocketImpl.java:132)
		at java.base/java.net.AbstractPlainSocketImpl.bind(AbstractPlainSocketImpl.java:452)
		at java.base/java.net.ServerSocket.bind(ServerSocket.java:395)
		at java.base/java.net.ServerSocket.<init>(ServerSocket.java:257)
		at org.apache.catalina.core.StandardServer.await(StandardServer.java:580)
		at org.apache.catalina.startup.Catalina.await(Catalina.java:864)
		at org.apache.catalina.startup.Catalina.start(Catalina.java:810)
		at java.base/jdk.internal.reflect.NativeMethodAccessorImpl.invoke0(Native Method)
		at java.base/jdk.internal.reflect.NativeMethodAccessorImpl.invoke(NativeMethodAccessorImpl.java:62)
		at java.base/jdk.internal.reflect.DelegatingMethodAccessorImpl.invoke(DelegatingMethodAccessorImpl.java:43)
		at java.base/java.lang.reflect.Method.invoke(Method.java:566)
		at org.apache.catalina.startup.Bootstrap.start(Bootstrap.java:345)
		at org.apache.catalina.startup.Bootstrap.main(Bootstrap.java:476)
15-Dec-2022 23:34:15.961 정보 [main] org.apache.coyote.AbstractProtocol.pause 프로토콜 핸들러 ["http-nio-8081"]을(를) 일시 정지 중
15-Dec-2022 23:34:15.962 정보 [main] org.apache.catalina.core.StandardService.stopInternal 서비스 [Catalina]을(를) 중지시킵니다.
15-Dec-2022 23:34:16.002 정보 [main] org.apache.coyote.AbstractProtocol.stop 프로토콜 핸들러 ["http-nio-8081"]을(를) 중지시킵니다.
15-Dec-2022 23:34:16.004 정보 [main] org.apache.coyote.AbstractProtocol.destroy 프로토콜 핸들러 ["http-nio-8081"]을(를) 소멸시킵니다.
15-Dec-2022 23:34:16.457 정보 [main] org.apache.catalina.startup.HostConfig.deployDirectory 웹 애플리케이션 디렉토리 [C:\fundmentals\apache-tomcat-9.0.65\webapps\examples]에 대한 배치가 [722] 밀리초에 완료되었습니다.
15-Dec-2022 23:34:16.461 정보 [main] org.apache.catalina.startup.HostConfig.deployDirectory 웹 애플리케이션 디렉토리 [C:\fundmentals\apache-tomcat-9.0.65\webapps\Gradle___iducs_jw201912022___servlet_jsp_1_0_SNAPSHOT_war]을(를) 배치합니다.
15-Dec-2022 23:34:16.551 정보 [main] org.apache.catalina.startup.HostConfig.deployDirectory 웹 애플리케이션 디렉토리 [C:\fundmentals\apache-tomcat-9.0.65\webapps\Gradle___iducs_jw201912022___servlet_jsp_1_0_SNAPSHOT_war]에 대한 배치가 [89] 밀리초에 완료되었습니다.
15-Dec-2022 23:34:16.554 정보 [main] org.apache.catalina.startup.HostConfig.deployDirectory 웹 애플리케이션 디렉토리 [C:\fundmentals\apache-tomcat-9.0.65\webapps\host-manager]을(를) 배치합니다.
15-Dec-2022 23:34:16.631 정보 [main] org.apache.catalina.startup.HostConfig.deployDirectory 웹 애플리케이션 디렉토리 [C:\fundmentals\apache-tomcat-9.0.65\webapps\host-manager]에 대한 배치가 [77] 밀리초에 완료되었습니다.
15-Dec-2022 23:34:16.635 정보 [main] org.apache.catalina.startup.HostConfig.deployDirectory 웹 애플리케이션 디렉토리 [C:\fundmentals\apache-tomcat-9.0.65\webapps\manager]을(를) 배치합니다.
15-Dec-2022 23:34:16.713 정보 [main] org.apache.catalina.startup.HostConfig.deployDirectory 웹 애플리케이션 디렉토리 [C:\fundmentals\apache-tomcat-9.0.65\webapps\manager]에 대한 배치가 [78] 밀리초에 완료되었습니다.
15-Dec-2022 23:34:16.717 정보 [main] org.apache.catalina.startup.HostConfig.deployDirectory 웹 애플리케이션 디렉토리 [C:\fundmentals\apache-tomcat-9.0.65\webapps\project]을(를) 배치합니다.
15-Dec-2022 23:34:16.762 정보 [main] org.apache.catalina.startup.HostConfig.deployDirectory 웹 애플리케이션 디렉토리 [C:\fundmentals\apache-tomcat-9.0.65\webapps\project]에 대한 배치가 [44] 밀리초에 완료되었습니다.
15-Dec-2022 23:34:16.764 정보 [main] org.apache.catalina.startup.HostConfig.deployDirectory 웹 애플리케이션 디렉토리 [C:\fundmentals\apache-tomcat-9.0.65\webapps\ROOT]을(를) 배치합니다.
15-Dec-2022 23:34:16.810 정보 [main] org.apache.catalina.startup.HostConfig.deployDirectory 웹 애플리케이션 디렉토리 [C:\fundmentals\apache-tomcat-9.0.65\webapps\ROOT]에 대한 배치가 [46] 밀리초에 완료되었습니다.
15-Dec-2022 23:34:16.812 정보 [main] org.apache.catalina.startup.HostConfig.deployDirectory 웹 애플리케이션 디렉토리 [C:\fundmentals\apache-tomcat-9.0.65\webapps\ttt]을(를) 배치합니다.
15-Dec-2022 23:34:16.849 정보 [main] org.apache.catalina.startup.HostConfig.deployDirectory 웹 애플리케이션 디렉토리 [C:\fundmentals\apache-tomcat-9.0.65\webapps\ttt]에 대한 배치가 [37] 밀리초에 완료되었습니다.
15-Dec-2022 23:34:16.857 정보 [main] org.apache.catalina.startup.Catalina.start 서버가 [2159] 밀리초 내에 시작되었습니다.
15-Dec-2022 23:34:16.866 심각 [main] org.apache.catalina.core.StandardServer.await 주소 [localhost]와(과) 포트 [8005]에, 서버 셧다운 소켓을 생성하지 못했습니다. (base 포트 [8005], offset [0])
	java.net.BindException: Address already in use: NET_Bind
		at java.base/java.net.PlainSocketImpl.bind0(Native Method)
		at java.base/java.net.PlainSocketImpl.socketBind(PlainSocketImpl.java:132)
		at java.base/java.net.AbstractPlainSocketImpl.bind(AbstractPlainSocketImpl.java:452)
		at java.base/java.net.ServerSocket.bind(ServerSocket.java:395)
		at java.base/java.net.ServerSocket.<init>(ServerSocket.java:257)
		at org.apache.catalina.core.StandardServer.await(StandardServer.java:580)
		at org.apache.catalina.startup.Catalina.await(Catalina.java:864)
		at org.apache.catalina.startup.Catalina.start(Catalina.java:810)
		at java.base/jdk.internal.reflect.NativeMethodAccessorImpl.invoke0(Native Method)
		at java.base/jdk.internal.reflect.NativeMethodAccessorImpl.invoke(NativeMethodAccessorImpl.java:62)
		at java.base/jdk.internal.reflect.DelegatingMethodAccessorImpl.invoke(DelegatingMethodAccessorImpl.java:43)
		at java.base/java.lang.reflect.Method.invoke(Method.java:566)
		at org.apache.catalina.startup.Bootstrap.start(Bootstrap.java:345)
		at org.apache.catalina.startup.Bootstrap.main(Bootstrap.java:476)
15-Dec-2022 23:34:16.867 정보 [main] org.apache.coyote.AbstractProtocol.pause 프로토콜 핸들러 ["http-nio-8081"]을(를) 일시 정지 중
15-Dec-2022 23:34:16.871 정보 [main] org.apache.catalina.core.StandardService.stopInternal 서비스 [Catalina]을(를) 중지시킵니다.
15-Dec-2022 23:34:16.903 정보 [main] org.apache.coyote.AbstractProtocol.stop 프로토콜 핸들러 ["http-nio-8081"]을(를) 중지시킵니다.
15-Dec-2022 23:34:16.908 정보 [main] org.apache.coyote.AbstractProtocol.destroy 프로토콜 핸들러 ["http-nio-8081"]을(를) 소멸시킵니다.
15-Dec-2022 23:34:30.732 정보 [main] org.apache.catalina.startup.VersionLoggerListener.log 서버 버전 이름:    Apache Tomcat/9.0.65
15-Dec-2022 23:34:30.738 정보 [main] org.apache.catalina.startup.VersionLoggerListener.log Server 빌드 시각:  Jul 14 2022 12:28:53 UTC
15-Dec-2022 23:34:30.738 정보 [main] org.apache.catalina.startup.VersionLoggerListener.log Server 버전 번호:  9.0.65.0
15-Dec-2022 23:34:30.739 정보 [main] org.apache.catalina.startup.VersionLoggerListener.log 운영체제 이름:     Windows 10
15-Dec-2022 23:34:30.739 정보 [main] org.apache.catalina.startup.VersionLoggerListener.log 운영체제 버전:     10.0
15-Dec-2022 23:34:30.739 정보 [main] org.apache.catalina.startup.VersionLoggerListener.log 아키텍처:          amd64
15-Dec-2022 23:34:30.739 정보 [main] org.apache.catalina.startup.VersionLoggerListener.log 자바 홈:           C:\Program Files\Eclipse Adoptium\jdk-11.0.14.101-hotspot
15-Dec-2022 23:34:30.739 정보 [main] org.apache.catalina.startup.VersionLoggerListener.log JVM 버전:          11.0.14.1+1
15-Dec-2022 23:34:30.739 정보 [main] org.apache.catalina.startup.VersionLoggerListener.log JVM 벤더:          Eclipse Adoptium
15-Dec-2022 23:34:30.740 정보 [main] org.apache.catalina.startup.VersionLoggerListener.log CATALINA_BASE:     C:\fundmentals\apache-tomcat-9.0.65
15-Dec-2022 23:34:30.740 정보 [main] org.apache.catalina.startup.VersionLoggerListener.log CATALINA_HOME:     C:\fundmentals\apache-tomcat-9.0.65
15-Dec-2022 23:34:30.755 정보 [main] org.apache.catalina.startup.VersionLoggerListener.log 명령 행 아규먼트:  -Dcatalina.home=C:\fundmentals\apache-tomcat-9.0.65
15-Dec-2022 23:34:30.756 정보 [main] org.apache.catalina.startup.VersionLoggerListener.log 명령 행 아규먼트:  -Dcatalina.base=C:\fundmentals\apache-tomcat-9.0.65
15-Dec-2022 23:34:30.756 정보 [main] org.apache.catalina.startup.VersionLoggerListener.log 명령 행 아규먼트:  -Dignore.endorsed.dirs=C:\fundmentals\apache-tomcat-9.0.65\endorsed
15-Dec-2022 23:34:30.756 정보 [main] org.apache.catalina.startup.VersionLoggerListener.log 명령 행 아규먼트:  -Djava.io.tmpdir=C:\fundmentals\apache-tomcat-9.0.65\temp
15-Dec-2022 23:34:30.756 정보 [main] org.apache.catalina.startup.VersionLoggerListener.log 명령 행 아규먼트:  -Djava.util.logging.manager=org.apache.juli.ClassLoaderLogManager
15-Dec-2022 23:34:30.756 정보 [main] org.apache.catalina.startup.VersionLoggerListener.log 명령 행 아규먼트:  -Djava.util.logging.config.file=C:\fundmentals\apache-tomcat-9.0.65\conf\logging.properties
15-Dec-2022 23:34:30.757 정보 [main] org.apache.catalina.startup.VersionLoggerListener.log 명령 행 아규먼트:  --add-opens=java.base/java.lang=ALL-UNNAMED
15-Dec-2022 23:34:30.757 정보 [main] org.apache.catalina.startup.VersionLoggerListener.log 명령 행 아규먼트:  --add-opens=java.base/java.io=ALL-UNNAMED
15-Dec-2022 23:34:30.757 정보 [main] org.apache.catalina.startup.VersionLoggerListener.log 명령 행 아규먼트:  --add-opens=java.base/java.util=ALL-UNNAMED
15-Dec-2022 23:34:30.757 정보 [main] org.apache.catalina.startup.VersionLoggerListener.log 명령 행 아규먼트:  --add-opens=java.base/java.util.concurrent=ALL-UNNAMED
15-Dec-2022 23:34:30.757 정보 [main] org.apache.catalina.startup.VersionLoggerListener.log 명령 행 아규먼트:  --add-opens=java.rmi/sun.rmi.transport=ALL-UNNAMED
15-Dec-2022 23:34:30.757 정보 [main] org.apache.catalina.startup.VersionLoggerListener.log 명령 행 아규먼트:  exit
15-Dec-2022 23:34:30.758 정보 [main] org.apache.catalina.startup.VersionLoggerListener.log 명령 행 아규먼트:  abort
15-Dec-2022 23:34:30.758 정보 [main] org.apache.catalina.startup.VersionLoggerListener.log 명령 행 아규먼트:  -Xms128m
15-Dec-2022 23:34:30.758 정보 [main] org.apache.catalina.startup.VersionLoggerListener.log 명령 행 아규먼트:  -Xmx256m
15-Dec-2022 23:34:30.763 정보 [main] org.apache.catalina.core.AprLifecycleListener.lifecycleEvent APR 버전 [1.7.0]을(를) 사용한, APR 기반 Apache Tomcat Native 라이브러리 [1.2.35]을(를) 로드했습니다.
15-Dec-2022 23:34:30.763 정보 [main] org.apache.catalina.core.AprLifecycleListener.lifecycleEvent APR 용량정보들: IPv6 [true], sendfile [true], accept filters [false], random [true], UDS [true].
15-Dec-2022 23:34:30.764 정보 [main] org.apache.catalina.core.AprLifecycleListener.lifecycleEvent APR/OpenSSL 설정: useAprConnector [false], useOpenSSL [true]
15-Dec-2022 23:34:30.771 정보 [main] org.apache.catalina.core.AprLifecycleListener.initializeSSL OpenSSL이 성공적으로 초기화되었습니다: [OpenSSL 1.1.1q  5 Jul 2022]
15-Dec-2022 23:34:31.120 정보 [main] org.apache.coyote.AbstractProtocol.init 프로토콜 핸들러 ["http-nio-8081"]을(를) 초기화합니다.
15-Dec-2022 23:34:31.142 심각 [main] org.apache.catalina.util.LifecycleBase.handleSubClassException 구성요소 [Connector[HTTP/1.1-8081]]을(를) 초기화하지 못했습니다.
	org.apache.catalina.LifecycleException: 프로토콜 핸들러 초기화가 실패했습니다.
		at org.apache.catalina.connector.Connector.initInternal(Connector.java:1051)
		at org.apache.catalina.util.LifecycleBase.init(LifecycleBase.java:136)
		at org.apache.catalina.core.StandardService.initInternal(StandardService.java:556)
		at org.apache.catalina.util.LifecycleBase.init(LifecycleBase.java:136)
		at org.apache.catalina.core.StandardServer.initInternal(StandardServer.java:1045)
		at org.apache.catalina.util.LifecycleBase.init(LifecycleBase.java:136)
		at org.apache.catalina.startup.Catalina.load(Catalina.java:724)
		at org.apache.catalina.startup.Catalina.load(Catalina.java:746)
		at java.base/jdk.internal.reflect.NativeMethodAccessorImpl.invoke0(Native Method)
		at java.base/jdk.internal.reflect.NativeMethodAccessorImpl.invoke(NativeMethodAccessorImpl.java:62)
		at java.base/jdk.internal.reflect.DelegatingMethodAccessorImpl.invoke(DelegatingMethodAccessorImpl.java:43)
		at java.base/java.lang.reflect.Method.invoke(Method.java:566)
		at org.apache.catalina.startup.Bootstrap.load(Bootstrap.java:305)
		at org.apache.catalina.startup.Bootstrap.main(Bootstrap.java:475)
	Caused by: java.net.BindException: Address already in use: bind
		at java.base/sun.nio.ch.Net.bind0(Native Method)
		at java.base/sun.nio.ch.Net.bind(Net.java:459)
		at java.base/sun.nio.ch.Net.bind(Net.java:448)
		at java.base/sun.nio.ch.ServerSocketChannelImpl.bind(ServerSocketChannelImpl.java:227)
		at org.apache.tomcat.util.net.NioEndpoint.initServerSocket(NioEndpoint.java:275)
		at org.apache.tomcat.util.net.NioEndpoint.bind(NioEndpoint.java:230)
		at org.apache.tomcat.util.net.AbstractEndpoint.bindWithCleanup(AbstractEndpoint.java:1227)
		at org.apache.tomcat.util.net.AbstractEndpoint.init(AbstractEndpoint.java:1240)
		at org.apache.coyote.AbstractProtocol.init(AbstractProtocol.java:603)
		at org.apache.coyote.http11.AbstractHttp11Protocol.init(AbstractHttp11Protocol.java:80)
		at org.apache.catalina.connector.Connector.initInternal(Connector.java:1048)
		... 13 more
15-Dec-2022 23:34:31.144 정보 [main] org.apache.catalina.startup.Catalina.load [707] 밀리초 내에 서버가 초기화되었습니다.
15-Dec-2022 23:34:31.227 정보 [main] org.apache.catalina.core.StandardService.startInternal 서비스 [Catalina]을(를) 시작합니다.
15-Dec-2022 23:34:31.228 정보 [main] org.apache.catalina.core.StandardEngine.startInternal 서버 엔진을 시작합니다: [Apache Tomcat/9.0.65]
15-Dec-2022 23:34:31.245 정보 [main] org.apache.catalina.startup.HostConfig.deployDirectory 웹 애플리케이션 디렉토리 [C:\fundmentals\apache-tomcat-9.0.65\webapps\docs]을(를) 배치합니다.
15-Dec-2022 23:34:31.916 경고 [main] org.apache.catalina.util.SessionIdGeneratorBase.createSecureRandom [SHA1PRNG] 알고리즘을 사용하여, 세션 ID를 생성하기 위한 SecureRandom 객체를 생성하는데, [234] 밀리초가 소요됐습니다.
15-Dec-2022 23:34:31.944 정보 [main] org.apache.catalina.startup.HostConfig.deployDirectory 웹 애플리케이션 디렉토리 [C:\fundmentals\apache-tomcat-9.0.65\webapps\docs]에 대한 배치가 [700] 밀리초에 완료되었습니다.
15-Dec-2022 23:34:31.944 정보 [main] org.apache.catalina.startup.HostConfig.deployDirectory 웹 애플리케이션 디렉토리 [C:\fundmentals\apache-tomcat-9.0.65\webapps\examples]을(를) 배치합니다.
15-Dec-2022 23:34:32.618 정보 [main] org.apache.catalina.startup.HostConfig.deployDirectory 웹 애플리케이션 디렉토리 [C:\fundmentals\apache-tomcat-9.0.65\webapps\examples]에 대한 배치가 [674] 밀리초에 완료되었습니다.
15-Dec-2022 23:34:32.619 정보 [main] org.apache.catalina.startup.HostConfig.deployDirectory 웹 애플리케이션 디렉토리 [C:\fundmentals\apache-tomcat-9.0.65\webapps\Gradle___iducs_jw201912022___servlet_jsp_1_0_SNAPSHOT_war]을(를) 배치합니다.
15-Dec-2022 23:34:32.698 정보 [main] org.apache.catalina.startup.HostConfig.deployDirectory 웹 애플리케이션 디렉토리 [C:\fundmentals\apache-tomcat-9.0.65\webapps\Gradle___iducs_jw201912022___servlet_jsp_1_0_SNAPSHOT_war]에 대한 배치가 [79] 밀리초에 완료되었습니다.
15-Dec-2022 23:34:32.699 정보 [main] org.apache.catalina.startup.HostConfig.deployDirectory 웹 애플리케이션 디렉토리 [C:\fundmentals\apache-tomcat-9.0.65\webapps\host-manager]을(를) 배치합니다.
15-Dec-2022 23:34:32.751 정보 [main] org.apache.catalina.startup.HostConfig.deployDirectory 웹 애플리케이션 디렉토리 [C:\fundmentals\apache-tomcat-9.0.65\webapps\host-manager]에 대한 배치가 [52] 밀리초에 완료되었습니다.
15-Dec-2022 23:34:32.751 정보 [main] org.apache.catalina.startup.HostConfig.deployDirectory 웹 애플리케이션 디렉토리 [C:\fundmentals\apache-tomcat-9.0.65\webapps\manager]을(를) 배치합니다.
15-Dec-2022 23:34:32.804 정보 [main] org.apache.catalina.startup.HostConfig.deployDirectory 웹 애플리케이션 디렉토리 [C:\fundmentals\apache-tomcat-9.0.65\webapps\manager]에 대한 배치가 [53] 밀리초에 완료되었습니다.
15-Dec-2022 23:34:32.804 정보 [main] org.apache.catalina.startup.HostConfig.deployDirectory 웹 애플리케이션 디렉토리 [C:\fundmentals\apache-tomcat-9.0.65\webapps\project]을(를) 배치합니다.
15-Dec-2022 23:34:32.844 정보 [main] org.apache.catalina.startup.HostConfig.deployDirectory 웹 애플리케이션 디렉토리 [C:\fundmentals\apache-tomcat-9.0.65\webapps\project]에 대한 배치가 [40] 밀리초에 완료되었습니다.
15-Dec-2022 23:34:32.844 정보 [main] org.apache.catalina.startup.HostConfig.deployDirectory 웹 애플리케이션 디렉토리 [C:\fundmentals\apache-tomcat-9.0.65\webapps\ROOT]을(를) 배치합니다.
15-Dec-2022 23:34:32.883 정보 [main] org.apache.catalina.startup.HostConfig.deployDirectory 웹 애플리케이션 디렉토리 [C:\fundmentals\apache-tomcat-9.0.65\webapps\ROOT]에 대한 배치가 [39] 밀리초에 완료되었습니다.
15-Dec-2022 23:34:32.883 정보 [main] org.apache.catalina.startup.HostConfig.deployDirectory 웹 애플리케이션 디렉토리 [C:\fundmentals\apache-tomcat-9.0.65\webapps\ttt]을(를) 배치합니다.
15-Dec-2022 23:34:32.920 정보 [main] org.apache.catalina.startup.HostConfig.deployDirectory 웹 애플리케이션 디렉토리 [C:\fundmentals\apache-tomcat-9.0.65\webapps\ttt]에 대한 배치가 [37] 밀리초에 완료되었습니다.
15-Dec-2022 23:34:32.926 정보 [main] org.apache.catalina.startup.Catalina.start 서버가 [1781] 밀리초 내에 시작되었습니다.
15-Dec-2022 23:34:32.935 심각 [main] org.apache.catalina.core.StandardServer.await 주소 [localhost]와(과) 포트 [8005]에, 서버 셧다운 소켓을 생성하지 못했습니다. (base 포트 [8005], offset [0])
	java.net.BindException: Address already in use: NET_Bind
		at java.base/java.net.PlainSocketImpl.bind0(Native Method)
		at java.base/java.net.PlainSocketImpl.socketBind(PlainSocketImpl.java:132)
		at java.base/java.net.AbstractPlainSocketImpl.bind(AbstractPlainSocketImpl.java:452)
		at java.base/java.net.ServerSocket.bind(ServerSocket.java:395)
		at java.base/java.net.ServerSocket.<init>(ServerSocket.java:257)
		at org.apache.catalina.core.StandardServer.await(StandardServer.java:580)
		at org.apache.catalina.startup.Catalina.await(Catalina.java:864)
		at org.apache.catalina.startup.Catalina.start(Catalina.java:810)
		at java.base/jdk.internal.reflect.NativeMethodAccessorImpl.invoke0(Native Method)
		at java.base/jdk.internal.reflect.NativeMethodAccessorImpl.invoke(NativeMethodAccessorImpl.java:62)
		at java.base/jdk.internal.reflect.DelegatingMethodAccessorImpl.invoke(DelegatingMethodAccessorImpl.java:43)
		at java.base/java.lang.reflect.Method.invoke(Method.java:566)
		at org.apache.catalina.startup.Bootstrap.start(Bootstrap.java:345)
		at org.apache.catalina.startup.Bootstrap.main(Bootstrap.java:476)
15-Dec-2022 23:34:32.936 정보 [main] org.apache.coyote.AbstractProtocol.pause 프로토콜 핸들러 ["http-nio-8081"]을(를) 일시 정지 중
15-Dec-2022 23:34:32.936 정보 [main] org.apache.catalina.core.StandardService.stopInternal 서비스 [Catalina]을(를) 중지시킵니다.
15-Dec-2022 23:34:32.964 정보 [main] org.apache.coyote.AbstractProtocol.stop 프로토콜 핸들러 ["http-nio-8081"]을(를) 중지시킵니다.
15-Dec-2022 23:34:32.965 정보 [main] org.apache.coyote.AbstractProtocol.destroy 프로토콜 핸들러 ["http-nio-8081"]을(를) 소멸시킵니다.
15-Dec-2022 23:34:46.850 정보 [main] org.apache.catalina.core.StandardServer.await 셧다운 포트를 통해 유효한 셧다운 명령을 받았습니다. 서버 인스턴스를 중지시킵니다.
15-Dec-2022 23:34:46.851 정보 [main] org.apache.coyote.AbstractProtocol.pause 프로토콜 핸들러 ["http-nio-8081"]을(를) 일시 정지 중
15-Dec-2022 23:34:47.065 정보 [main] org.apache.catalina.core.StandardService.stopInternal 서비스 [Catalina]을(를) 중지시킵니다.
15-Dec-2022 23:34:47.092 정보 [main] org.apache.coyote.AbstractProtocol.stop 프로토콜 핸들러 ["http-nio-8081"]을(를) 중지시킵니다.
15-Dec-2022 23:34:47.101 정보 [main] org.apache.coyote.AbstractProtocol.destroy 프로토콜 핸들러 ["http-nio-8081"]을(를) 소멸시킵니다.
15-Dec-2022 23:34:48.360 심각 [main] org.apache.catalina.startup.Catalina.stopServer [localhost:8005] (base 포트 [8005] 그리고 offset [0])와(과) 연결할 수 없었습니다. Tomcat이 실행 중이지 않을 수 있습니다.
15-Dec-2022 23:34:53.276 정보 [main] org.apache.catalina.startup.VersionLoggerListener.log 서버 버전 이름:    Apache Tomcat/9.0.65
15-Dec-2022 23:34:53.281 정보 [main] org.apache.catalina.startup.VersionLoggerListener.log Server 빌드 시각:  Jul 14 2022 12:28:53 UTC
15-Dec-2022 23:34:53.282 정보 [main] org.apache.catalina.startup.VersionLoggerListener.log Server 버전 번호:  9.0.65.0
15-Dec-2022 23:34:53.282 정보 [main] org.apache.catalina.startup.VersionLoggerListener.log 운영체제 이름:     Windows 10
15-Dec-2022 23:34:53.282 정보 [main] org.apache.catalina.startup.VersionLoggerListener.log 운영체제 버전:     10.0
15-Dec-2022 23:34:53.282 정보 [main] org.apache.catalina.startup.VersionLoggerListener.log 아키텍처:          amd64
15-Dec-2022 23:34:53.282 정보 [main] org.apache.catalina.startup.VersionLoggerListener.log 자바 홈:           C:\Program Files\Eclipse Adoptium\jdk-11.0.14.101-hotspot
15-Dec-2022 23:34:53.283 정보 [main] org.apache.catalina.startup.VersionLoggerListener.log JVM 버전:          11.0.14.1+1
15-Dec-2022 23:34:53.283 정보 [main] org.apache.catalina.startup.VersionLoggerListener.log JVM 벤더:          Eclipse Adoptium
15-Dec-2022 23:34:53.283 정보 [main] org.apache.catalina.startup.VersionLoggerListener.log CATALINA_BASE:     C:\fundmentals\apache-tomcat-9.0.65
15-Dec-2022 23:34:53.283 정보 [main] org.apache.catalina.startup.VersionLoggerListener.log CATALINA_HOME:     C:\fundmentals\apache-tomcat-9.0.65
15-Dec-2022 23:34:53.297 정보 [main] org.apache.catalina.startup.VersionLoggerListener.log 명령 행 아규먼트:  -Dcatalina.home=C:\fundmentals\apache-tomcat-9.0.65
15-Dec-2022 23:34:53.297 정보 [main] org.apache.catalina.startup.VersionLoggerListener.log 명령 행 아규먼트:  -Dcatalina.base=C:\fundmentals\apache-tomcat-9.0.65
15-Dec-2022 23:34:53.297 정보 [main] org.apache.catalina.startup.VersionLoggerListener.log 명령 행 아규먼트:  -Dignore.endorsed.dirs=C:\fundmentals\apache-tomcat-9.0.65\endorsed
15-Dec-2022 23:34:53.298 정보 [main] org.apache.catalina.startup.VersionLoggerListener.log 명령 행 아규먼트:  -Djava.io.tmpdir=C:\fundmentals\apache-tomcat-9.0.65\temp
15-Dec-2022 23:34:53.298 정보 [main] org.apache.catalina.startup.VersionLoggerListener.log 명령 행 아규먼트:  -Djava.util.logging.manager=org.apache.juli.ClassLoaderLogManager
15-Dec-2022 23:34:53.298 정보 [main] org.apache.catalina.startup.VersionLoggerListener.log 명령 행 아규먼트:  -Djava.util.logging.config.file=C:\fundmentals\apache-tomcat-9.0.65\conf\logging.properties
15-Dec-2022 23:34:53.298 정보 [main] org.apache.catalina.startup.VersionLoggerListener.log 명령 행 아규먼트:  --add-opens=java.base/java.lang=ALL-UNNAMED
15-Dec-2022 23:34:53.298 정보 [main] org.apache.catalina.startup.VersionLoggerListener.log 명령 행 아규먼트:  --add-opens=java.base/java.io=ALL-UNNAMED
15-Dec-2022 23:34:53.298 정보 [main] org.apache.catalina.startup.VersionLoggerListener.log 명령 행 아규먼트:  --add-opens=java.base/java.util=ALL-UNNAMED
15-Dec-2022 23:34:53.298 정보 [main] org.apache.catalina.startup.VersionLoggerListener.log 명령 행 아규먼트:  --add-opens=java.base/java.util.concurrent=ALL-UNNAMED
15-Dec-2022 23:34:53.298 정보 [main] org.apache.catalina.startup.VersionLoggerListener.log 명령 행 아규먼트:  --add-opens=java.rmi/sun.rmi.transport=ALL-UNNAMED
15-Dec-2022 23:34:53.299 정보 [main] org.apache.catalina.startup.VersionLoggerListener.log 명령 행 아규먼트:  exit
15-Dec-2022 23:34:53.299 정보 [main] org.apache.catalina.startup.VersionLoggerListener.log 명령 행 아규먼트:  abort
15-Dec-2022 23:34:53.299 정보 [main] org.apache.catalina.startup.VersionLoggerListener.log 명령 행 아규먼트:  -Xms128m
15-Dec-2022 23:34:53.299 정보 [main] org.apache.catalina.startup.VersionLoggerListener.log 명령 행 아규먼트:  -Xmx256m
15-Dec-2022 23:34:53.304 정보 [main] org.apache.catalina.core.AprLifecycleListener.lifecycleEvent APR 버전 [1.7.0]을(를) 사용한, APR 기반 Apache Tomcat Native 라이브러리 [1.2.35]을(를) 로드했습니다.
15-Dec-2022 23:34:53.304 정보 [main] org.apache.catalina.core.AprLifecycleListener.lifecycleEvent APR 용량정보들: IPv6 [true], sendfile [true], accept filters [false], random [true], UDS [true].
15-Dec-2022 23:34:53.305 정보 [main] org.apache.catalina.core.AprLifecycleListener.lifecycleEvent APR/OpenSSL 설정: useAprConnector [false], useOpenSSL [true]
15-Dec-2022 23:34:53.312 정보 [main] org.apache.catalina.core.AprLifecycleListener.initializeSSL OpenSSL이 성공적으로 초기화되었습니다: [OpenSSL 1.1.1q  5 Jul 2022]
15-Dec-2022 23:34:53.687 정보 [main] org.apache.coyote.AbstractProtocol.init 프로토콜 핸들러 ["http-nio-8081"]을(를) 초기화합니다.
15-Dec-2022 23:34:53.736 정보 [main] org.apache.catalina.startup.Catalina.load [726] 밀리초 내에 서버가 초기화되었습니다.
15-Dec-2022 23:34:53.855 정보 [main] org.apache.catalina.core.StandardService.startInternal 서비스 [Catalina]을(를) 시작합니다.
15-Dec-2022 23:34:53.856 정보 [main] org.apache.catalina.core.StandardEngine.startInternal 서버 엔진을 시작합니다: [Apache Tomcat/9.0.65]
15-Dec-2022 23:34:53.871 정보 [main] org.apache.catalina.startup.HostConfig.deployDirectory 웹 애플리케이션 디렉토리 [C:\fundmentals\apache-tomcat-9.0.65\webapps\docs]을(를) 배치합니다.
15-Dec-2022 23:34:54.401 경고 [main] org.apache.catalina.util.SessionIdGeneratorBase.createSecureRandom [SHA1PRNG] 알고리즘을 사용하여, 세션 ID를 생성하기 위한 SecureRandom 객체를 생성하는데, [216] 밀리초가 소요됐습니다.
15-Dec-2022 23:34:54.427 정보 [main] org.apache.catalina.startup.HostConfig.deployDirectory 웹 애플리케이션 디렉토리 [C:\fundmentals\apache-tomcat-9.0.65\webapps\docs]에 대한 배치가 [556] 밀리초에 완료되었습니다.
15-Dec-2022 23:34:54.427 정보 [main] org.apache.catalina.startup.HostConfig.deployDirectory 웹 애플리케이션 디렉토리 [C:\fundmentals\apache-tomcat-9.0.65\webapps\examples]을(를) 배치합니다.
15-Dec-2022 23:34:55.052 정보 [main] org.apache.catalina.startup.HostConfig.deployDirectory 웹 애플리케이션 디렉토리 [C:\fundmentals\apache-tomcat-9.0.65\webapps\examples]에 대한 배치가 [625] 밀리초에 완료되었습니다.
15-Dec-2022 23:34:55.053 정보 [main] org.apache.catalina.startup.HostConfig.deployDirectory 웹 애플리케이션 디렉토리 [C:\fundmentals\apache-tomcat-9.0.65\webapps\Gradle___iducs_jw201912022___servlet_jsp_1_0_SNAPSHOT_war]을(를) 배치합니다.
15-Dec-2022 23:34:55.131 정보 [main] org.apache.catalina.startup.HostConfig.deployDirectory 웹 애플리케이션 디렉토리 [C:\fundmentals\apache-tomcat-9.0.65\webapps\Gradle___iducs_jw201912022___servlet_jsp_1_0_SNAPSHOT_war]에 대한 배치가 [78] 밀리초에 완료되었습니다.
15-Dec-2022 23:34:55.131 정보 [main] org.apache.catalina.startup.HostConfig.deployDirectory 웹 애플리케이션 디렉토리 [C:\fundmentals\apache-tomcat-9.0.65\webapps\host-manager]을(를) 배치합니다.
15-Dec-2022 23:34:55.202 정보 [main] org.apache.catalina.startup.HostConfig.deployDirectory 웹 애플리케이션 디렉토리 [C:\fundmentals\apache-tomcat-9.0.65\webapps\host-manager]에 대한 배치가 [71] 밀리초에 완료되었습니다.
15-Dec-2022 23:34:55.203 정보 [main] org.apache.catalina.startup.HostConfig.deployDirectory 웹 애플리케이션 디렉토리 [C:\fundmentals\apache-tomcat-9.0.65\webapps\manager]을(를) 배치합니다.
15-Dec-2022 23:34:55.276 정보 [main] org.apache.catalina.startup.HostConfig.deployDirectory 웹 애플리케이션 디렉토리 [C:\fundmentals\apache-tomcat-9.0.65\webapps\manager]에 대한 배치가 [73] 밀리초에 완료되었습니다.
15-Dec-2022 23:34:55.276 정보 [main] org.apache.catalina.startup.HostConfig.deployDirectory 웹 애플리케이션 디렉토리 [C:\fundmentals\apache-tomcat-9.0.65\webapps\project]을(를) 배치합니다.
15-Dec-2022 23:34:55.318 정보 [main] org.apache.catalina.startup.HostConfig.deployDirectory 웹 애플리케이션 디렉토리 [C:\fundmentals\apache-tomcat-9.0.65\webapps\project]에 대한 배치가 [42] 밀리초에 완료되었습니다.
15-Dec-2022 23:34:55.319 정보 [main] org.apache.catalina.startup.HostConfig.deployDirectory 웹 애플리케이션 디렉토리 [C:\fundmentals\apache-tomcat-9.0.65\webapps\ROOT]을(를) 배치합니다.
15-Dec-2022 23:34:55.361 정보 [main] org.apache.catalina.startup.HostConfig.deployDirectory 웹 애플리케이션 디렉토리 [C:\fundmentals\apache-tomcat-9.0.65\webapps\ROOT]에 대한 배치가 [42] 밀리초에 완료되었습니다.
15-Dec-2022 23:34:55.362 정보 [main] org.apache.catalina.startup.HostConfig.deployDirectory 웹 애플리케이션 디렉토리 [C:\fundmentals\apache-tomcat-9.0.65\webapps\ttt]을(를) 배치합니다.
15-Dec-2022 23:34:55.403 정보 [main] org.apache.catalina.startup.HostConfig.deployDirectory 웹 애플리케이션 디렉토리 [C:\fundmentals\apache-tomcat-9.0.65\webapps\ttt]에 대한 배치가 [41] 밀리초에 완료되었습니다.
15-Dec-2022 23:34:55.409 정보 [main] org.apache.coyote.AbstractProtocol.start 프로토콜 핸들러 ["http-nio-8081"]을(를) 시작합니다.
15-Dec-2022 23:34:55.690 정보 [main] org.apache.catalina.startup.Catalina.start 서버가 [1953] 밀리초 내에 시작되었습니다.
