NOTE: Picked up JDK_JAVA_OPTIONS:  --add-opens=java.base/java.lang=ALL-UNNAMED --add-opens=java.base/java.io=ALL-UNNAMED --add-opens=java.base/java.util=ALL-UNNAMED --add-opens=java.base/java.util.concurrent=ALL-UNNAMED --add-opens=java.rmi/sun.rmi.transport=ALL-UNNAMED
12-Dec-2022 02:48:39.853 정보 [main] org.apache.catalina.startup.VersionLoggerListener.log 서버 버전 이름:    Apache Tomcat/9.0.65
12-Dec-2022 02:48:39.857 정보 [main] org.apache.catalina.startup.VersionLoggerListener.log Server 빌드 시각:  Jul 14 2022 12:28:53 UTC
12-Dec-2022 02:48:39.857 정보 [main] org.apache.catalina.startup.VersionLoggerListener.log Server 버전 번호:  9.0.65.0
12-Dec-2022 02:48:39.858 정보 [main] org.apache.catalina.startup.VersionLoggerListener.log 운영체제 이름:     Windows 10
12-Dec-2022 02:48:39.858 정보 [main] org.apache.catalina.startup.VersionLoggerListener.log 운영체제 버전:     10.0
12-Dec-2022 02:48:39.858 정보 [main] org.apache.catalina.startup.VersionLoggerListener.log 아키텍처:          amd64
12-Dec-2022 02:48:39.859 정보 [main] org.apache.catalina.startup.VersionLoggerListener.log 자바 홈:           C:\Program Files\Eclipse Adoptium\jdk-11.0.14.101-hotspot
12-Dec-2022 02:48:39.859 정보 [main] org.apache.catalina.startup.VersionLoggerListener.log JVM 버전:          11.0.14.1+1
12-Dec-2022 02:48:39.859 정보 [main] org.apache.catalina.startup.VersionLoggerListener.log JVM 벤더:          Eclipse Adoptium
12-Dec-2022 02:48:39.859 정보 [main] org.apache.catalina.startup.VersionLoggerListener.log CATALINA_BASE:     C:\fundmentals\apache-tomcat-9.0.65
12-Dec-2022 02:48:39.859 정보 [main] org.apache.catalina.startup.VersionLoggerListener.log CATALINA_HOME:     C:\fundmentals\apache-tomcat-9.0.65
12-Dec-2022 02:48:39.870 정보 [main] org.apache.catalina.startup.VersionLoggerListener.log 명령 행 아규먼트:  --add-opens=java.base/java.lang=ALL-UNNAMED
12-Dec-2022 02:48:39.870 정보 [main] org.apache.catalina.startup.VersionLoggerListener.log 명령 행 아규먼트:  --add-opens=java.base/java.io=ALL-UNNAMED
12-Dec-2022 02:48:39.870 정보 [main] org.apache.catalina.startup.VersionLoggerListener.log 명령 행 아규먼트:  --add-opens=java.base/java.util=ALL-UNNAMED
12-Dec-2022 02:48:39.870 정보 [main] org.apache.catalina.startup.VersionLoggerListener.log 명령 행 아규먼트:  --add-opens=java.base/java.util.concurrent=ALL-UNNAMED
12-Dec-2022 02:48:39.870 정보 [main] org.apache.catalina.startup.VersionLoggerListener.log 명령 행 아규먼트:  --add-opens=java.rmi/sun.rmi.transport=ALL-UNNAMED
12-Dec-2022 02:48:39.870 정보 [main] org.apache.catalina.startup.VersionLoggerListener.log 명령 행 아규먼트:  -Djava.util.logging.config.file=C:/fundmentals/apache-tomcat-9.0.65/conf/logging.properties
12-Dec-2022 02:48:39.870 정보 [main] org.apache.catalina.startup.VersionLoggerListener.log 명령 행 아규먼트:  -Djava.util.logging.manager=org.apache.juli.ClassLoaderLogManager
12-Dec-2022 02:48:39.871 정보 [main] org.apache.catalina.startup.VersionLoggerListener.log 명령 행 아규먼트:  -Djdk.tls.ephemeralDHKeySize=2048
12-Dec-2022 02:48:39.871 정보 [main] org.apache.catalina.startup.VersionLoggerListener.log 명령 행 아규먼트:  -Djava.protocol.handler.pkgs=org.apache.catalina.webresources
12-Dec-2022 02:48:39.871 정보 [main] org.apache.catalina.startup.VersionLoggerListener.log 명령 행 아규먼트:  -Dorg.apache.catalina.security.SecurityListener.UMASK=0027
12-Dec-2022 02:48:39.871 정보 [main] org.apache.catalina.startup.VersionLoggerListener.log 명령 행 아규먼트:  -Dignore.endorsed.dirs=
12-Dec-2022 02:48:39.871 정보 [main] org.apache.catalina.startup.VersionLoggerListener.log 명령 행 아규먼트:  -Dcatalina.base=C:/fundmentals/apache-tomcat-9.0.65
12-Dec-2022 02:48:39.871 정보 [main] org.apache.catalina.startup.VersionLoggerListener.log 명령 행 아규먼트:  -Dcatalina.home=C:/fundmentals/apache-tomcat-9.0.65
12-Dec-2022 02:48:39.871 정보 [main] org.apache.catalina.startup.VersionLoggerListener.log 명령 행 아규먼트:  -Djava.io.tmpdir=C:/fundmentals/apache-tomcat-9.0.65/temp
12-Dec-2022 02:48:39.876 정보 [main] org.apache.catalina.core.AprLifecycleListener.lifecycleEvent APR 버전 [1.7.0]을(를) 사용한, APR 기반 Apache Tomcat Native 라이브러리 [1.2.35]을(를) 로드했습니다.
12-Dec-2022 02:48:39.876 정보 [main] org.apache.catalina.core.AprLifecycleListener.lifecycleEvent APR 용량정보들: IPv6 [true], sendfile [true], accept filters [false], random [true], UDS [true].
12-Dec-2022 02:48:39.877 정보 [main] org.apache.catalina.core.AprLifecycleListener.lifecycleEvent APR/OpenSSL 설정: useAprConnector [false], useOpenSSL [true]
12-Dec-2022 02:48:39.884 정보 [main] org.apache.catalina.core.AprLifecycleListener.initializeSSL OpenSSL이 성공적으로 초기화되었습니다: [OpenSSL 1.1.1q  5 Jul 2022]
NOTE: Picked up JDK_JAVA_OPTIONS:  --add-opens=java.base/java.lang=ALL-UNNAMED --add-opens=java.base/java.io=ALL-UNNAMED --add-opens=java.base/java.util=ALL-UNNAMED --add-opens=java.base/java.util.concurrent=ALL-UNNAMED --add-opens=java.rmi/sun.rmi.transport=ALL-UNNAMED
15-Dec-2022 23:34:07.433 정보 [main] org.apache.catalina.startup.VersionLoggerListener.log 서버 버전 이름:    Apache Tomcat/9.0.65
15-Dec-2022 23:34:07.439 정보 [main] org.apache.catalina.startup.VersionLoggerListener.log Server 빌드 시각:  Jul 14 2022 12:28:53 UTC
15-Dec-2022 23:34:07.439 정보 [main] org.apache.catalina.startup.VersionLoggerListener.log Server 버전 번호:  9.0.65.0
15-Dec-2022 23:34:07.440 정보 [main] org.apache.catalina.startup.VersionLoggerListener.log 운영체제 이름:     Windows 10
15-Dec-2022 23:34:07.440 정보 [main] org.apache.catalina.startup.VersionLoggerListener.log 운영체제 버전:     10.0
15-Dec-2022 23:34:07.440 정보 [main] org.apache.catalina.startup.VersionLoggerListener.log 아키텍처:          amd64
15-Dec-2022 23:34:07.440 정보 [main] org.apache.catalina.startup.VersionLoggerListener.log 자바 홈:           C:\Program Files\Eclipse Adoptium\jdk-11.0.14.101-hotspot
15-Dec-2022 23:34:07.440 정보 [main] org.apache.catalina.startup.VersionLoggerListener.log JVM 버전:          11.0.14.1+1
15-Dec-2022 23:34:07.441 정보 [main] org.apache.catalina.startup.VersionLoggerListener.log JVM 벤더:          Eclipse Adoptium
15-Dec-2022 23:34:07.441 정보 [main] org.apache.catalina.startup.VersionLoggerListener.log CATALINA_BASE:     C:\fundmentals\apache-tomcat-9.0.65
15-Dec-2022 23:34:07.441 정보 [main] org.apache.catalina.startup.VersionLoggerListener.log CATALINA_HOME:     C:\fundmentals\apache-tomcat-9.0.65
15-Dec-2022 23:34:07.462 정보 [main] org.apache.catalina.startup.VersionLoggerListener.log 명령 행 아규먼트:  --add-opens=java.base/java.lang=ALL-UNNAMED
15-Dec-2022 23:34:07.462 정보 [main] org.apache.catalina.startup.VersionLoggerListener.log 명령 행 아규먼트:  --add-opens=java.base/java.io=ALL-UNNAMED
15-Dec-2022 23:34:07.463 정보 [main] org.apache.catalina.startup.VersionLoggerListener.log 명령 행 아규먼트:  --add-opens=java.base/java.util=ALL-UNNAMED
15-Dec-2022 23:34:07.463 정보 [main] org.apache.catalina.startup.VersionLoggerListener.log 명령 행 아규먼트:  --add-opens=java.base/java.util.concurrent=ALL-UNNAMED
15-Dec-2022 23:34:07.463 정보 [main] org.apache.catalina.startup.VersionLoggerListener.log 명령 행 아규먼트:  --add-opens=java.rmi/sun.rmi.transport=ALL-UNNAMED
15-Dec-2022 23:34:07.463 정보 [main] org.apache.catalina.startup.VersionLoggerListener.log 명령 행 아규먼트:  -Djava.util.logging.config.file=C:/fundmentals/apache-tomcat-9.0.65/conf/logging.properties
15-Dec-2022 23:34:07.463 정보 [main] org.apache.catalina.startup.VersionLoggerListener.log 명령 행 아규먼트:  -Djava.util.logging.manager=org.apache.juli.ClassLoaderLogManager
15-Dec-2022 23:34:07.463 정보 [main] org.apache.catalina.startup.VersionLoggerListener.log 명령 행 아규먼트:  -Djdk.tls.ephemeralDHKeySize=2048
15-Dec-2022 23:34:07.463 정보 [main] org.apache.catalina.startup.VersionLoggerListener.log 명령 행 아규먼트:  -Djava.protocol.handler.pkgs=org.apache.catalina.webresources
15-Dec-2022 23:34:07.464 정보 [main] org.apache.catalina.startup.VersionLoggerListener.log 명령 행 아규먼트:  -Dorg.apache.catalina.security.SecurityListener.UMASK=0027
15-Dec-2022 23:34:07.464 정보 [main] org.apache.catalina.startup.VersionLoggerListener.log 명령 행 아규먼트:  -Dignore.endorsed.dirs=
15-Dec-2022 23:34:07.464 정보 [main] org.apache.catalina.startup.VersionLoggerListener.log 명령 행 아규먼트:  -Dcatalina.base=C:/fundmentals/apache-tomcat-9.0.65
15-Dec-2022 23:34:07.464 정보 [main] org.apache.catalina.startup.VersionLoggerListener.log 명령 행 아규먼트:  -Dcatalina.home=C:/fundmentals/apache-tomcat-9.0.65
15-Dec-2022 23:34:07.464 정보 [main] org.apache.catalina.startup.VersionLoggerListener.log 명령 행 아규먼트:  -Djava.io.tmpdir=C:/fundmentals/apache-tomcat-9.0.65/temp
15-Dec-2022 23:34:07.475 정보 [main] org.apache.catalina.core.AprLifecycleListener.lifecycleEvent APR 버전 [1.7.0]을(를) 사용한, APR 기반 Apache Tomcat Native 라이브러리 [1.2.35]을(를) 로드했습니다.
15-Dec-2022 23:34:07.475 정보 [main] org.apache.catalina.core.AprLifecycleListener.lifecycleEvent APR 용량정보들: IPv6 [true], sendfile [true], accept filters [false], random [true], UDS [true].
15-Dec-2022 23:34:07.476 정보 [main] org.apache.catalina.core.AprLifecycleListener.lifecycleEvent APR/OpenSSL 설정: useAprConnector [false], useOpenSSL [true]
15-Dec-2022 23:34:07.492 정보 [main] org.apache.catalina.core.AprLifecycleListener.initializeSSL OpenSSL이 성공적으로 초기화되었습니다: [OpenSSL 1.1.1q  5 Jul 2022]
15-Dec-2022 23:34:07.916 정보 [main] org.apache.coyote.AbstractProtocol.init 프로토콜 핸들러 ["http-nio-8081"]을(를) 초기화합니다.
15-Dec-2022 23:34:07.956 정보 [main] org.apache.catalina.startup.Catalina.load [829] 밀리초 내에 서버가 초기화되었습니다.
15-Dec-2022 23:34:08.046 정보 [main] org.apache.catalina.core.StandardService.startInternal 서비스 [Catalina]을(를) 시작합니다.
15-Dec-2022 23:34:08.047 정보 [main] org.apache.catalina.core.StandardEngine.startInternal 서버 엔진을 시작합니다: [Apache Tomcat/9.0.65]
15-Dec-2022 23:34:08.064 정보 [main] org.apache.catalina.startup.HostConfig.deployDirectory 웹 애플리케이션 디렉토리 [C:\fundmentals\apache-tomcat-9.0.65\webapps\docs]을(를) 배치합니다.
15-Dec-2022 23:34:08.727 경고 [main] org.apache.catalina.util.SessionIdGeneratorBase.createSecureRandom [SHA1PRNG] 알고리즘을 사용하여, 세션 ID를 생성하기 위한 SecureRandom 객체를 생성하는데, [255] 밀리초가 소요됐습니다.
15-Dec-2022 23:34:08.756 정보 [main] org.apache.catalina.startup.HostConfig.deployDirectory 웹 애플리케이션 디렉토리 [C:\fundmentals\apache-tomcat-9.0.65\webapps\docs]에 대한 배치가 [693] 밀리초에 완료되었습니다.
15-Dec-2022 23:34:08.756 정보 [main] org.apache.catalina.startup.HostConfig.deployDirectory 웹 애플리케이션 디렉토리 [C:\fundmentals\apache-tomcat-9.0.65\webapps\examples]을(를) 배치합니다.
15-Dec-2022 23:34:09.609 정보 [main] org.apache.catalina.startup.HostConfig.deployDirectory 웹 애플리케이션 디렉토리 [C:\fundmentals\apache-tomcat-9.0.65\webapps\examples]에 대한 배치가 [853] 밀리초에 완료되었습니다.
15-Dec-2022 23:34:09.610 정보 [main] org.apache.catalina.startup.HostConfig.deployDirectory 웹 애플리케이션 디렉토리 [C:\fundmentals\apache-tomcat-9.0.65\webapps\Gradle___iducs_jw201912022___servlet_jsp_1_0_SNAPSHOT_war]을(를) 배치합니다.
15-Dec-2022 23:34:09.705 정보 [main] org.apache.catalina.startup.HostConfig.deployDirectory 웹 애플리케이션 디렉토리 [C:\fundmentals\apache-tomcat-9.0.65\webapps\Gradle___iducs_jw201912022___servlet_jsp_1_0_SNAPSHOT_war]에 대한 배치가 [95] 밀리초에 완료되었습니다.
15-Dec-2022 23:34:09.706 정보 [main] org.apache.catalina.startup.HostConfig.deployDirectory 웹 애플리케이션 디렉토리 [C:\fundmentals\apache-tomcat-9.0.65\webapps\host-manager]을(를) 배치합니다.
15-Dec-2022 23:34:09.778 정보 [main] org.apache.catalina.startup.HostConfig.deployDirectory 웹 애플리케이션 디렉토리 [C:\fundmentals\apache-tomcat-9.0.65\webapps\host-manager]에 대한 배치가 [71] 밀리초에 완료되었습니다.
15-Dec-2022 23:34:09.778 정보 [main] org.apache.catalina.startup.HostConfig.deployDirectory 웹 애플리케이션 디렉토리 [C:\fundmentals\apache-tomcat-9.0.65\webapps\manager]을(를) 배치합니다.
15-Dec-2022 23:34:09.839 정보 [main] org.apache.catalina.startup.HostConfig.deployDirectory 웹 애플리케이션 디렉토리 [C:\fundmentals\apache-tomcat-9.0.65\webapps\manager]에 대한 배치가 [61] 밀리초에 완료되었습니다.
15-Dec-2022 23:34:09.840 정보 [main] org.apache.catalina.startup.HostConfig.deployDirectory 웹 애플리케이션 디렉토리 [C:\fundmentals\apache-tomcat-9.0.65\webapps\project]을(를) 배치합니다.
15-Dec-2022 23:34:09.877 정보 [main] org.apache.catalina.startup.HostConfig.deployDirectory 웹 애플리케이션 디렉토리 [C:\fundmentals\apache-tomcat-9.0.65\webapps\project]에 대한 배치가 [36] 밀리초에 완료되었습니다.
15-Dec-2022 23:34:09.877 정보 [main] org.apache.catalina.startup.HostConfig.deployDirectory 웹 애플리케이션 디렉토리 [C:\fundmentals\apache-tomcat-9.0.65\webapps\ROOT]을(를) 배치합니다.
15-Dec-2022 23:34:09.915 정보 [main] org.apache.catalina.startup.HostConfig.deployDirectory 웹 애플리케이션 디렉토리 [C:\fundmentals\apache-tomcat-9.0.65\webapps\ROOT]에 대한 배치가 [38] 밀리초에 완료되었습니다.
15-Dec-2022 23:34:09.915 정보 [main] org.apache.catalina.startup.HostConfig.deployDirectory 웹 애플리케이션 디렉토리 [C:\fundmentals\apache-tomcat-9.0.65\webapps\ttt]을(를) 배치합니다.
15-Dec-2022 23:34:09.961 정보 [main] org.apache.catalina.startup.HostConfig.deployDirectory 웹 애플리케이션 디렉토리 [C:\fundmentals\apache-tomcat-9.0.65\webapps\ttt]에 대한 배치가 [46] 밀리초에 완료되었습니다.
15-Dec-2022 23:34:09.966 정보 [main] org.apache.coyote.AbstractProtocol.start 프로토콜 핸들러 ["http-nio-8081"]을(를) 시작합니다.
15-Dec-2022 23:34:10.226 정보 [main] org.apache.catalina.startup.Catalina.start 서버가 [2270] 밀리초 내에 시작되었습니다.
15-Dec-2022 23:34:46.850 정보 [main] org.apache.catalina.core.StandardServer.await 셧다운 포트를 통해 유효한 셧다운 명령을 받았습니다. 서버 인스턴스를 중지시킵니다.
15-Dec-2022 23:34:46.851 정보 [main] org.apache.coyote.AbstractProtocol.pause 프로토콜 핸들러 ["http-nio-8081"]을(를) 일시 정지 중
15-Dec-2022 23:34:47.065 정보 [main] org.apache.catalina.core.StandardService.stopInternal 서비스 [Catalina]을(를) 중지시킵니다.
15-Dec-2022 23:34:47.092 정보 [main] org.apache.coyote.AbstractProtocol.stop 프로토콜 핸들러 ["http-nio-8081"]을(를) 중지시킵니다.
15-Dec-2022 23:34:47.101 정보 [main] org.apache.coyote.AbstractProtocol.destroy 프로토콜 핸들러 ["http-nio-8081"]을(를) 소멸시킵니다.
   Windows 10
15-Dec-2022 23:34:12.680 정보 [main] org.apache.catalina.startup.VersionLoggerListener.log 운영체제 버전:     10.0
15-Dec-2022 23:34:12.681 정보 [main] org.apache.catalina.startup.VersionLoggerListener.log 아키텍처:          amd64
15-Dec-2022 23:34:12.681 정보 [main] org.apache.catalina.startup.VersionLoggerListener.log 자바 홈:           C:\Program Files\Eclipse Adoptium\jdk-11.0.14.101-hotspot
15-Dec-2022 23:34:12.681 정보 [main] org.apache.catalina.startup.VersionLoggerListener.log JVM 버전:          11.0.14.1+1
15-Dec-2022 23:34:12.681 정보 [main] org.apache.catalina.startup.VersionLoggerListener.log JVM 벤더:          Eclipse Adoptium
15-Dec-2022 23:34:12.682 정보 [main] org.apache.catalina.startup.VersionLoggerListener.log CATALINA_BASE:     C:\fundmentals\apache-tomcat-9.0.65
15-Dec-2022 23:34:12.682 정보 [main] org.apache.catalina.startup.VersionLoggerListener.log CATALINA_HOME:     C:\fundmentals\apache-tomcat-9.0.65
15-Dec-2022 23:34:12.697 정보 [main] org.apache.catalina.startup.VersionLoggerListener.log 명령 행 아규먼트:  --add-opens=java.base/java.lang=ALL-UNNAMED
15-Dec-2022 23:34:12.697 정보 [main] org.apache.catalina.startup.VersionLoggerListener.log 명령 행 아규먼트:  --add-opens=java.base/java.io=ALL-UNNAMED
15-Dec-2022 23:34:12.697 정보 [main] org.apache.catalina.startup.VersionLoggerListener.log 명령 행 아규먼트:  --add-opens=java.base/java.util=ALL-UNNAMED
15-Dec-2022 23:34:12.697 정보 [main] org.apache.catalina.startup.VersionLoggerListener.log 명령 행 아규먼트:  --add-opens=java.base/java.util.concurrent=ALL-UNNAMED
15-Dec-2022 23:34:12.697 정보 [main] org.apache.catalina.startup.VersionLoggerListener.log 명령 행 아규먼트:  --add-opens=java.rmi/sun.rmi.transport=ALL-UNNAMED
15-Dec-2022 23:34:12.698 정보 [main] org.apache.catalina.startup.VersionLoggerListener.log 명령 행 아규먼트:  -Djava.util.logging.config.file=C:/fundmentals/apache-tomcat-9.0.65/conf/logging.properties
15-Dec-2022 23:34:12.698 정보 [main] org.apache.catalina.startup.VersionLoggerListener.log 명령 행 아규먼트:  -Djava.util.logging.manager=org.apache.juli.ClassLoaderLogManager
15-Dec-2022 23:34:12.698 정보 [main] org.apache.catalina.startup.VersionLoggerListener.log 명령 행 아규먼트:  -Djdk.tls.ephemeralDHKeySize=2048
15-Dec-2022 23:34:12.698 정보 [main] org.apache.catalina.startup.VersionLoggerListener.log 명령 행 아규먼트:  -Djava.protocol.handler.pkgs=org.apache.catalina.webresources
15-Dec-2022 23:34:12.698 정보 [main] org.apache.catalina.startup.VersionLoggerListener.log 명령 행 아규먼트:  -Dorg.apache.catalina.security.SecurityListener.UMASK=0027
15-Dec-2022 23:34:12.698 정보 [main] org.apache.catalina.startup.VersionLoggerListener.log 명령 행 아규먼트:  -Dignore.endorsed.dirs=
15-Dec-2022 23:34:12.699 정보 [main] org.apache.catalina.startup.VersionLoggerListener.log 명령 행 아규먼트:  -Dcatalina.base=C:/fundmentals/apache-tomcat-9.0.65
15-Dec-2022 23:34:12.699 정보 [main] org.apache.catalina.startup.VersionLoggerListener.log 명령 행 아규먼트:  -Dcatalina.home=C:/fundmentals/apache-tomcat-9.0.65
15-Dec-2022 23:34:12.699 정보 [main] org.apache.catalina.startup.VersionLoggerListener.log 명령 행 아규먼트:  -Djava.io.tmpdir=C:/fundmentals/apache-tomcat-9.0.65/temp
15-Dec-2022 23:34:12.705 정보 [main] org.apache.catalina.core.AprLifecycleListener.lifecycleEvent APR 버전 [1.7.0]을(를) 사용한, APR 기반 Apache Tomcat Native 라이브러리 [1.2.35]을(를) 로드했습니다.
15-Dec-2022 23:34:12.705 정보 [main] org.apache.catalina.core.AprLifecycleListener.lifecycleEvent APR 용량정보들: IPv6 [true], sendfile [true], accept filters [false], random [true], UDS [true].
15-Dec-2022 23:34:12.705 정보 [main] org.apache.catalina.core.AprLifecycleListener.lifecycleEvent APR/OpenSSL 설정: useAprConnector [false], useOpenSSL [true]
15-Dec-2022 23:34:12.714 정보 [main] org.apache.catalina.core.AprLifecycleListener.initializeSSL OpenSSL이 성공적으로 초기화되었습니다: [OpenSSL 1.1.1q  5 Jul 2022]
15-Dec-2022 23:34:13.295 정보 [main] org.apache.coyote.AbstractProtocol.init 프로토콜 핸들러 ["http-nio-8081"]을(를) 초기화합니다.
15-Dec-2022 23:34:13.327 심각 [main] org.apache.catalina.util.LifecycleBase.handleSubClassException 구성요소 [Connector[HTTP/1.1-8081]]을(를) 초기화하지 못했습니다.
	org.apache.catalina.LifecycleException: 프로토콜 핸들러 초기화가 실패했습니다.
		at org.apache.catalina.connector.Connector.initInternal(Connector.java:1051)
		at org.apache.catalina.util.LifecycleBase.init(LifecycleBase.java:136)
		at org.apache.catalina.core.StandardService.initInternal(StandardService.java:556)
		at org.apache.catalina.util.LifecycleBase.init(LifecycleBase.java:136)
		at org.apache.catalina.core.StandardServer.initInternal(StandardServer.java:1045)
		at org.apache.catalina.util.LifecycleBase.init(LifecycleBase.java:136)
		at org.apache.catalina.startup.Catalina.load(Catalina.java:724)
		at org.apache.catalina.startup.Catalina.load(Catalina.java:746)
		at java.base/jdk.internal.reflect.NativeMethodAccessorImpl.invoke0(Native Method)
		at java.base/jdk.internal.reflect.NativeMethodAccessorImpl.invoke(NativeMethodAccessorImpl.java:62)
		at java.base/jdk.internal.reflect.DelegatingMethodAccessorImpl.invoke(DelegatingMethodAccessorImpl.java:43)
		at java.base/java.lang.reflect.Method.invoke(Method.java:566)
		at org.apache.catalina.startup.Bootstrap.load(Bootstrap.java:305)
		at org.apache.catalina.startup.Bootstrap.main(Bootstrap.java:475)
	Caused by: java.net.BindException: Address already in use: bind
		at java.base/sun.nio.ch.Net.bind0(Native Method)
		at java.base/sun.nio.ch.Net.bind(Net.java:459)
		at java.base/sun.nio.ch.Net.bind(Net.java:448)
		at java.base/sun.nio.ch.ServerSocketChannelImpl.bind(ServerSocketChannelImpl.java:227)
		at org.apache.tomcat.util.net.NioEndpoint.initServerSocket(NioEndpoint.java:275)
		at org.apache.tomcat.util.net.NioEndpoint.bind(NioEndpoint.java:230)
		at org.apache.tomcat.util.net.AbstractEndpoint.bindWithCleanup(AbstractEndpoint.java:1227)
		at org.apache.tomcat.util.net.AbstractEndpoint.init(AbstractEndpoint.java:1240)
		at org.apache.coyote.AbstractProtocol.init(AbstractProtocol.java:603)
		at org.apache.coyote.http11.AbstractHttp11Protocol.init(AbstractHttp11Protocol.java:80)
		at org.apache.catalina.connector.Connector.initInternal(Connector.java:1048)
		... 13 more
15-Dec-2022 23:34:13.329 정보 [main] org.apache.catalina.startup.Catalina.load [999] 밀리초 내에 서버가 초기화되었습니다.
15-Dec-2022 23:34:13.466 정보 [main] org.apache.catalina.core.StandardService.startInternal 서비스 [Catalina]을(를) 시작합니다.
15-Dec-2022 23:34:13.466 정보 [main] org.apache.catalina.core.StandardEngine.startInternal 서버 엔진을 시작합니다: [Apache Tomcat/9.0.65]
15-Dec-2022 23:34:13.484 정보 [main] org.apache.catalina.startup.HostConfig.deployDirectory 웹 애플리케이션 디렉토리 [C:\fundmentals\apache-tomcat-9.0.65\webapps\docs]을(를) 배치합니다.
15-Dec-2022 23:34:14.378 경고 [main] org.apache.catalina.util.SessionIdGeneratorBase.createSecureRandom [SHA1PRNG] 알고리즘을 사용하여, 세션 ID를 생성하기 위한 SecureRandom 객체를 생성하는데, [362] 밀리초가 소요됐습니다.
15-Dec-2022 23:34:14.427 정보 [main] org.apache.catalina.startup.HostConfig.deployDirectory 웹 애플리케이션 디렉토리 [C:\fundmentals\apache-tomcat-9.0.65\webapps\docs]에 대한 배치가 [943] 밀리초에 완료되었습니다.
15-Dec-2022 23:34:14.427 정보 [main] org.apache.catalina.startup.HostConfig.deployDirectory 웹 애플리케이션 디렉토리 [C:\fundmentals\apache-tomcat-9.0.65\webapps\examples]을(를) 배치합니다.
15-Dec-2022 23:34:15.533 정보 [main] org.apache.catalina.startup.HostConfig.deployDirectory 웹 애플리케이션 디렉토리 [C:\fundmentals\apache-tomcat-9.0.65\webapps\examples]에 대한 배치가 [1,106] 밀리초에 완료되었습니다.
15-Dec-2022 23:34:15.533 정보 [main] org.apache.catalina.startup.HostConfig.deployDirectory 웹 애플리케이션 디렉토리 [C:\fundmentals\apache-tomcat-9.0.65\webapps\Gradle___iducs_jw201912022___servlet_jsp_1_0_SNAPSHOT_war]을(를) 배치합니다.
15-Dec-2022 23:34:15.615 정보 [main] org.apache.catalina.startup.HostConfig.deployDirectory 웹 애플리케이션 디렉토리 [C:\fundmentals\apache-tomcat-9.0.65\webapps\Gradle___iducs_jw201912022___servlet_jsp_1_0_SNAPSHOT_war]에 대한 배치가 [82] 밀리초에 완료되었습니다.
15-Dec-2022 23:34:15.616 정보 [main] org.apache.catalina.startup.HostConfig.deployDirectory 웹 애플리케이션 디렉토리 [C:\fundmentals\apache-tomcat-9.0.65\webapps\host-manager]을(를) 배치합니다.
15-Dec-2022 23:34:15.679 정보 [main] org.apache.catalina.startup.HostConfig.deployDirectory 웹 애플리케이션 디렉토리 [C:\fundmentals\apache-tomcat-9.0.65\webapps\host-manager]에 대한 배치가 [63] 밀리초에 완료되었습니다.
15-Dec-2022 23:34:15.680 정보 [main] org.apache.catalina.startup.HostConfig.deployDirectory 웹 애플리케이션 디렉토리 [C:\fundmentals\apache-tomcat-9.0.65\webapps\manager]을(를) 배치합니다.
15-Dec-2022 23:34:15.756 정보 [main] org.apache.catalina.startup.HostConfig.deployDirectory 웹 애플리케이션 디렉토리 [C:\fundmentals\apache-tomcat-9.0.65\webapps\manager]에 대한 배치가 [76] 밀리초에 완료되었습니다.
15-Dec-2022 23:34:15.759 정보 [main] org.apache.catalina.startup.HostConfig.deployDirectory 웹 애플리케이션 디렉토리 [C:\fundmentals\apache-tomcat-9.0.65\webapps\project]을(를) 배치합니다.
15-Dec-2022 23:34:15.816 정보 [main] org.apache.catalina.startup.HostConfig.deployDirectory 웹 애플리케이션 디렉토리 [C:\fundmentals\apache-tomcat-9.0.65\webapps\project]에 대한 배치가 [59] 밀리초에 완료되었습니다.
15-Dec-2022 23:34:15.817 정보 [main] org.apache.catalina.startup.HostConfig.deployDirectory 웹 애플리케이션 디렉토리 [C:\fundmentals\apache-tomcat-9.0.65\webapps\ROOT]을(를) 배치합니다.
15-Dec-2022 23:34:15.873 정보 [main] org.apache.catalina.startup.HostConfig.deployDirectory 웹 애플리케이션 디렉토리 [C:\fundmentals\apache-tomcat-9.0.65\webapps\ROOT]에 대한 배치가 [56] 밀리초에 완료되었습니다.
15-Dec-2022 23:34:15.874 정보 [main] org.apache.catalina.startup.HostConfig.deployDirectory 웹 애플리케이션 디렉토리 [C:\fundmentals\apache-tomcat-9.0.65\webapps\ttt]을(를) 배치합니다.
15-Dec-2022 23:34:15.923 정보 [main] org.apache.catalina.startup.HostConfig.deployDirectory 웹 애플리케이션 디렉토리 [C:\fundmentals\apache-tomcat-9.0.65\webapps\ttt]에 대한 배치가 [49] 밀리초에 완료되었습니다.
15-Dec-2022 23:34:15.933 정보 [main] org.apache.catalina.startup.Catalina.start 서버가 [2600] 밀리초 내에 시작되었습니다.
15-Dec-2022 23:34:15.959 심각 [main] org.apache.catalina.core.StandardServer.await 주소 [localhost]와(과) 포트 [8005]에, 서버 셧다운 소켓을 생성하지 못했습니다. (base 포트 [8005], offset [0])
	java.net.BindException: Address already in use: NET_Bind
		at java.base/java.net.PlainSocketImpl.bind0(Native Method)
		at java.base/java.net.PlainSocketImpl.socketBind(PlainSocketImpl.java:132)
		at java.base/java.net.AbstractPlainSocketImpl.bind(AbstractPlainSocketImpl.java:452)
		at java.base/java.net.ServerSocket.bind(ServerSocket.java:395)
		at java.base/java.net.ServerSocket.<init>(ServerSocket.java:257)
		at org.apache.catalina.core.StandardServer.await(StandardServer.java:580)
		at org.apache.catalina.startup.Catalina.await(Catalina.java:864)
		at org.apache.catalina.startup.Catalina.start(Catalina.java:810)
		at java.base/jdk.internal.reflect.NativeMethodAccessorImpl.invoke0(Native Method)
		at java.base/jdk.internal.reflect.NativeMethodAccessorImpl.invoke(NativeMethodAccessorImpl.java:62)
		at java.base/jdk.internal.reflect.DelegatingMethodAccessorImpl.invoke(DelegatingMethodAccessorImpl.java:43)
		at java.base/java.lang.reflect.Method.invoke(Method.java:566)
		at org.apache.catalina.startup.Bootstrap.start(Bootstrap.java:345)
		at org.apache.catalina.startup.Bootstrap.main(Bootstrap.java:476)
15-Dec-2022 23:34:15.961 정보 [main] org.apache.coyote.AbstractProtocol.pause 프로토콜 핸들러 ["http-nio-8081"]을(를) 일시 정지 중
15-Dec-2022 23:34:15.962 정보 [main] org.apache.catalina.core.StandardService.stopInternal 서비스 [Catalina]을(를) 중지시킵니다.
15-Dec-2022 23:34:16.002 정보 [main] org.apache.coyote.AbstractProtocol.stop 프로토콜 핸들러 ["http-nio-8081"]을(를) 중지시킵니다.
15-Dec-2022 23:34:16.004 정보 [main] org.apache.coyote.AbstractProtocol.destroy 프로토콜 핸들러 ["http-nio-8081"]을(를) 소멸시킵니다.
