[2022-12-12 03:19:36] [info]  [24648] Apache Commons Daemon procrun (1.3.1.0 64-bit) started.
[2022-12-12 03:19:36] [info]  [24648] Running Service 'Tomcat9'...
[2022-12-12 03:19:36] [info]  [ 5112] Starting service...
[2022-12-12 03:19:37] [info]  [ 5112] Service started in 1261 milliseconds.
[2022-12-12 04:05:30] [info]  [24648] Service SERVICE_CONTROL_STOP signalled.
[2022-12-12 04:05:30] [info]  [30544] Stopping service...
[2022-12-12 04:05:31] [info]  [30544] Service stop thread completed.
[2022-12-12 04:05:31] [info]  [24648] Run service finished.
[2022-12-12 04:05:31] [info]  [24648] Apache Commons Daemon procrun finished.
[2022-12-12 04:05:39] [info]  [17904] Apache Commons Daemon procrun (1.3.1.0 64-bit) started.
[2022-12-12 04:05:39] [info]  [17904] Running Service 'Tomcat9'...
[2022-12-12 04:05:39] [info]  [24456] Starting service...
[2022-12-12 04:05:41] [info]  [24456] Service started in 1242 milliseconds.
[2022-12-12 04:19:43] [info]  [17904] Service SERVICE_CONTROL_STOP signalled.
[2022-12-12 04:19:43] [info]  [14220] Stopping service...
[2022-12-12 04:19:44] [info]  [14220] Service stop thread completed.
[2022-12-12 04:19:44] [info]  [17904] Run service finished.
[2022-12-12 04:19:44] [info]  [17904] Apache Commons Daemon procrun finished.
[2022-12-12 04:19:49] [info]  [44840] Apache Commons Daemon procrun (1.3.1.0 64-bit) started.
[2022-12-12 04:19:49] [info]  [44840] Running Service 'Tomcat9'...
[2022-12-12 04:19:49] [info]  [33740] Starting service...
[2022-12-12 04:19:50] [info]  [33740] Service started in 1203 milliseconds.
[2022-12-12 04:20:38] [info]  [44840] Service SERVICE_CONTROL_STOP signalled.
[2022-12-12 04:20:38] [info]  [41004] Stopping service...
[2022-12-12 04:20:39] [info]  [41004] Service stop thread completed.
[2022-12-12 04:20:39] [info]  [44840] Run service finished.
[2022-12-12 04:20:39] [info]  [44840] Apache Commons Daemon procrun finished.
[2022-12-12 04:22:07] [info]  [12016] Apache Commons Daemon procrun (1.3.1.0 64-bit) started.
[2022-12-12 04:22:07] [info]  [12016] Running Service 'Tomcat9'...
[2022-12-12 04:22:07] [info]  [24764] Starting service...
[2022-12-12 04:22:08] [info]  [24764] Service started in 1232 milliseconds.
[2022-12-12 04:22:45] [info]  [12016] Service SERVICE_CONTROL_STOP signalled.
[2022-12-12 04:22:45] [info]  [36716] Stopping service...
[2022-12-12 04:22:46] [info]  [36716] Service stop thread completed.
[2022-12-12 04:22:46] [info]  [12016] Run service finished.
[2022-12-12 04:22:46] [info]  [12016] Apache Commons Daemon procrun finished.
[2022-12-12 04:33:24] [info]  [27544] Apache Commons Daemon procrun (1.3.1.0 64-bit) started.
[2022-12-12 04:33:24] [info]  [27544] Running Service 'Tomcat9'...
[2022-12-12 04:33:24] [info]  [22676] Starting service...
[2022-12-12 04:33:25] [info]  [22676] Service started in 1235 milliseconds.
[2022-12-12 23:14:10] [info]  [13176] Console SHUTDOWN event signaled.
[2022-12-12 23:14:10] [info]  [13176] Stopping service...
[2022-12-12 23:14:11] [info]  [13176] Service stop thread completed.
[2022-12-12 23:14:11] [info]  [27544] Run service finished.
[2022-12-12 23:14:11] [info]  [27544] Apache Commons Daemon procrun finished.
