15-Dec-2022 23:34:09.582 정보 [main] org.apache.catalina.core.ApplicationContext.log ContextListener: contextInitialized()
15-Dec-2022 23:34:09.582 정보 [main] org.apache.catalina.core.ApplicationContext.log SessionListener: contextInitialized()
15-Dec-2022 23:34:09.587 정보 [main] org.apache.catalina.core.ApplicationContext.log ContextListener: attributeAdded('StockTicker', 'async.Stockticker@28fa700e')
15-Dec-2022 23:34:15.515 정보 [main] org.apache.catalina.core.ApplicationContext.log ContextListener: contextInitialized()
15-Dec-2022 23:34:15.515 정보 [main] org.apache.catalina.core.ApplicationContext.log SessionListener: contextInitialized()
15-Dec-2022 23:34:15.518 정보 [main] org.apache.catalina.core.ApplicationContext.log ContextListener: attributeAdded('StockTicker', 'async.Stockticker@50d68830')
15-Dec-2022 23:34:15.984 정보 [main] org.apache.catalina.core.ApplicationContext.log SessionListener: contextDestroyed()
15-Dec-2022 23:34:15.984 정보 [main] org.apache.catalina.core.ApplicationContext.log ContextListener: contextDestroyed()
15-Dec-2022 23:34:16.439 정보 [main] org.apache.catalina.core.ApplicationContext.log ContextListener: contextInitialized()
15-Dec-2022 23:34:16.439 정보 [main] org.apache.catalina.core.ApplicationContext.log SessionListener: contextInitialized()
15-Dec-2022 23:34:16.442 정보 [main] org.apache.catalina.core.ApplicationContext.log ContextListener: attributeAdded('StockTicker', 'async.Stockticker@2b27cc70')
15-Dec-2022 23:34:16.884 정보 [main] org.apache.catalina.core.ApplicationContext.log SessionListener: contextDestroyed()
15-Dec-2022 23:34:16.884 정보 [main] org.apache.catalina.core.ApplicationContext.log ContextListener: contextDestroyed()
15-Dec-2022 23:34:32.597 정보 [main] org.apache.catalina.core.ApplicationContext.log ContextListener: contextInitialized()
15-Dec-2022 23:34:32.597 정보 [main] org.apache.catalina.core.ApplicationContext.log SessionListener: contextInitialized()
15-Dec-2022 23:34:32.600 정보 [main] org.apache.catalina.core.ApplicationContext.log ContextListener: attributeAdded('StockTicker', 'async.Stockticker@1bdaa23d')
15-Dec-2022 23:34:32.947 정보 [main] org.apache.catalina.core.ApplicationContext.log SessionListener: contextDestroyed()
15-Dec-2022 23:34:32.948 정보 [main] org.apache.catalina.core.ApplicationContext.log ContextListener: contextDestroyed()
15-Dec-2022 23:34:47.078 정보 [main] org.apache.catalina.core.ApplicationContext.log SessionListener: contextDestroyed()
15-Dec-2022 23:34:47.079 정보 [main] org.apache.catalina.core.ApplicationContext.log ContextListener: contextDestroyed()
15-Dec-2022 23:34:55.029 정보 [main] org.apache.catalina.core.ApplicationContext.log ContextListener: contextInitialized()
15-Dec-2022 23:34:55.029 정보 [main] org.apache.catalina.core.ApplicationContext.log SessionListener: contextInitialized()
15-Dec-2022 23:34:55.032 정보 [main] org.apache.catalina.core.ApplicationContext.log ContextListener: attributeAdded('StockTicker', 'async.Stockticker@78e16155')
