12-Dec-2022 03:19:39.111 정보 [main] org.apache.catalina.core.ApplicationContext.log ContextListener: contextInitialized()
12-Dec-2022 03:19:39.111 정보 [main] org.apache.catalina.core.ApplicationContext.log SessionListener: contextInitialized()
12-Dec-2022 03:19:39.116 정보 [main] org.apache.catalina.core.ApplicationContext.log ContextListener: attributeAdded('StockTicker', 'async.Stockticker@6754ef00')
12-Dec-2022 04:05:30.903 정보 [Thread-3] org.apache.catalina.core.ApplicationContext.log SessionListener: contextDestroyed()
12-Dec-2022 04:05:30.904 정보 [Thread-3] org.apache.catalina.core.ApplicationContext.log ContextListener: contextDestroyed()
12-Dec-2022 04:05:42.355 정보 [main] org.apache.catalina.core.ApplicationContext.log ContextListener: contextInitialized()
12-Dec-2022 04:05:42.356 정보 [main] org.apache.catalina.core.ApplicationContext.log SessionListener: contextInitialized()
12-Dec-2022 04:05:42.359 정보 [main] org.apache.catalina.core.ApplicationContext.log ContextListener: attributeAdded('StockTicker', 'async.Stockticker@85ec632')
12-Dec-2022 04:19:43.958 정보 [Thread-3] org.apache.catalina.core.ApplicationContext.log SessionListener: contextDestroyed()
12-Dec-2022 04:19:43.958 정보 [Thread-3] org.apache.catalina.core.ApplicationContext.log ContextListener: contextDestroyed()
12-Dec-2022 04:19:50.982 정보 [main] org.apache.catalina.core.ApplicationContext.log ContextListener: contextInitialized()
12-Dec-2022 04:19:50.982 정보 [main] org.apache.catalina.core.ApplicationContext.log SessionListener: contextInitialized()
12-Dec-2022 04:19:50.984 정보 [main] org.apache.catalina.core.ApplicationContext.log ContextListener: attributeAdded('StockTicker', 'async.Stockticker@6a1ebcff')
12-Dec-2022 04:19:57.347 정보 [http-nio-8081-exec-1] org.apache.catalina.core.ApplicationContext.log ContextListener: attributeAdded('org.apache.jasper.runtime.JspApplicationContextImpl', 'org.apache.jasper.runtime.JspApplicationContextImpl@4de6d55')
12-Dec-2022 04:19:57.366 정보 [http-nio-8081-exec-1] org.apache.catalina.core.ApplicationContext.log ContextListener: attributeAdded('org.apache.jasper.compiler.ELInterpreter', 'org.apache.jasper.compiler.ELInterpreterFactory$DefaultELInterpreter@10a4ba3d')
12-Dec-2022 04:19:57.367 정보 [http-nio-8081-exec-1] org.apache.catalina.core.ApplicationContext.log ContextListener: attributeAdded('org.apache.jasper.compiler.StringInterpreter', 'org.apache.jasper.compiler.StringInterpreterFactory$DefaultStringInterpreter@1a722c37')
12-Dec-2022 04:19:58.175 정보 [http-nio-8081-exec-1] org.apache.catalina.core.ApplicationContext.log SessionListener: sessionCreated('41312CAB52D0A901EB616A742B474A30')
12-Dec-2022 04:20:38.302 정보 [Thread-3] org.apache.catalina.core.ApplicationContext.log SessionListener: contextDestroyed()
12-Dec-2022 04:20:38.302 정보 [Thread-3] org.apache.catalina.core.ApplicationContext.log ContextListener: contextDestroyed()
12-Dec-2022 04:22:09.493 정보 [main] org.apache.catalina.core.ApplicationContext.log ContextListener: contextInitialized()
12-Dec-2022 04:22:09.493 정보 [main] org.apache.catalina.core.ApplicationContext.log SessionListener: contextInitialized()
12-Dec-2022 04:22:09.496 정보 [main] org.apache.catalina.core.ApplicationContext.log ContextListener: attributeAdded('StockTicker', 'async.Stockticker@3d526ad9')
12-Dec-2022 04:22:17.598 정보 [http-nio-8081-exec-1] org.apache.catalina.core.ApplicationContext.log ContextListener: attributeAdded('org.apache.jasper.runtime.JspApplicationContextImpl', 'org.apache.jasper.runtime.JspApplicationContextImpl@775fcb54')
12-Dec-2022 04:22:21.504 정보 [http-nio-8081-exec-2] org.apache.catalina.core.ApplicationContext.log ContextListener: attributeAdded('org.apache.jasper.compiler.ELInterpreter', 'org.apache.jasper.compiler.ELInterpreterFactory$DefaultELInterpreter@53b79af4')
12-Dec-2022 04:22:21.505 정보 [http-nio-8081-exec-2] org.apache.catalina.core.ApplicationContext.log ContextListener: attributeAdded('org.apache.jasper.compiler.StringInterpreter', 'org.apache.jasper.compiler.StringInterpreterFactory$DefaultStringInterpreter@5d8ece05')
12-Dec-2022 04:22:45.654 정보 [Thread-3] org.apache.catalina.core.ApplicationContext.log SessionListener: contextDestroyed()
12-Dec-2022 04:22:45.654 정보 [Thread-3] org.apache.catalina.core.ApplicationContext.log ContextListener: contextDestroyed()
12-Dec-2022 04:33:25.979 정보 [main] org.apache.catalina.core.ApplicationContext.log ContextListener: contextInitialized()
12-Dec-2022 04:33:25.979 정보 [main] org.apache.catalina.core.ApplicationContext.log SessionListener: contextInitialized()
12-Dec-2022 04:33:25.982 정보 [main] org.apache.catalina.core.ApplicationContext.log ContextListener: attributeAdded('StockTicker', 'async.Stockticker@6548bb7d')
12-Dec-2022 05:03:34.854 정보 [Catalina-utility-1] org.apache.catalina.core.ApplicationContext.log SessionListener: sessionDestroyed('41312CAB52D0A901EB616A742B474A30')
12-Dec-2022 23:14:11.150 정보 [Thread-3] org.apache.catalina.core.ApplicationContext.log SessionListener: contextDestroyed()
12-Dec-2022 23:14:11.151 정보 [Thread-3] org.apache.catalina.core.ApplicationContext.log ContextListener: contextDestroyed()
