
2022-12-12 03:19:36 Apache Commons Daemon procrun stderr initialized.
12-Dec-2022 03:19:36.797 정보 [main] org.apache.catalina.startup.VersionLoggerListener.log 서버 버전 이름:    Apache Tomcat/9.0.65
12-Dec-2022 03:19:36.802 정보 [main] org.apache.catalina.startup.VersionLoggerListener.log Server 빌드 시각:  Jul 14 2022 12:28:53 UTC
12-Dec-2022 03:19:36.802 정보 [main] org.apache.catalina.startup.VersionLoggerListener.log Server 버전 번호:  9.0.65.0
12-Dec-2022 03:19:36.803 정보 [main] org.apache.catalina.startup.VersionLoggerListener.log 운영체제 이름:     Windows 10
12-Dec-2022 03:19:36.803 정보 [main] org.apache.catalina.startup.VersionLoggerListener.log 운영체제 버전:     10.0
12-Dec-2022 03:19:36.803 정보 [main] org.apache.catalina.startup.VersionLoggerListener.log 아키텍처:          amd64
12-Dec-2022 03:19:36.803 정보 [main] org.apache.catalina.startup.VersionLoggerListener.log 자바 홈:           C:\Program Files\Eclipse Adoptium\jdk-11.0.14.101-hotspot
12-Dec-2022 03:19:36.804 정보 [main] org.apache.catalina.startup.VersionLoggerListener.log JVM 버전:          11.0.14.1+1
12-Dec-2022 03:19:36.804 정보 [main] org.apache.catalina.startup.VersionLoggerListener.log JVM 벤더:          Eclipse Adoptium
12-Dec-2022 03:19:36.804 정보 [main] org.apache.catalina.startup.VersionLoggerListener.log CATALINA_BASE:     C:\fundmentals\apache-tomcat-9.0.65
12-Dec-2022 03:19:36.804 정보 [main] org.apache.catalina.startup.VersionLoggerListener.log CATALINA_HOME:     C:\fundmentals\apache-tomcat-9.0.65
12-Dec-2022 03:19:36.818 정보 [main] org.apache.catalina.startup.VersionLoggerListener.log 명령 행 아규먼트:  -Dcatalina.home=C:\fundmentals\apache-tomcat-9.0.65
12-Dec-2022 03:19:36.818 정보 [main] org.apache.catalina.startup.VersionLoggerListener.log 명령 행 아규먼트:  -Dcatalina.base=C:\fundmentals\apache-tomcat-9.0.65
12-Dec-2022 03:19:36.818 정보 [main] org.apache.catalina.startup.VersionLoggerListener.log 명령 행 아규먼트:  -Dignore.endorsed.dirs=C:\fundmentals\apache-tomcat-9.0.65\endorsed
12-Dec-2022 03:19:36.818 정보 [main] org.apache.catalina.startup.VersionLoggerListener.log 명령 행 아규먼트:  -Djava.io.tmpdir=C:\fundmentals\apache-tomcat-9.0.65\temp
12-Dec-2022 03:19:36.818 정보 [main] org.apache.catalina.startup.VersionLoggerListener.log 명령 행 아규먼트:  -Djava.util.logging.manager=org.apache.juli.ClassLoaderLogManager
12-Dec-2022 03:19:36.818 정보 [main] org.apache.catalina.startup.VersionLoggerListener.log 명령 행 아규먼트:  -Djava.util.logging.config.file=C:\fundmentals\apache-tomcat-9.0.65\conf\logging.properties
12-Dec-2022 03:19:36.819 정보 [main] org.apache.catalina.startup.VersionLoggerListener.log 명령 행 아규먼트:  --add-opens=java.base/java.lang=ALL-UNNAMED
12-Dec-2022 03:19:36.819 정보 [main] org.apache.catalina.startup.VersionLoggerListener.log 명령 행 아규먼트:  --add-opens=java.base/java.io=ALL-UNNAMED
12-Dec-2022 03:19:36.819 정보 [main] org.apache.catalina.startup.VersionLoggerListener.log 명령 행 아규먼트:  --add-opens=java.base/java.util=ALL-UNNAMED
12-Dec-2022 03:19:36.819 정보 [main] org.apache.catalina.startup.VersionLoggerListener.log 명령 행 아규먼트:  --add-opens=java.base/java.util.concurrent=ALL-UNNAMED
12-Dec-2022 03:19:36.819 정보 [main] org.apache.catalina.startup.VersionLoggerListener.log 명령 행 아규먼트:  --add-opens=java.rmi/sun.rmi.transport=ALL-UNNAMED
12-Dec-2022 03:19:36.819 정보 [main] org.apache.catalina.startup.VersionLoggerListener.log 명령 행 아규먼트:  exit
12-Dec-2022 03:19:36.820 정보 [main] org.apache.catalina.startup.VersionLoggerListener.log 명령 행 아규먼트:  abort
12-Dec-2022 03:19:36.820 정보 [main] org.apache.catalina.startup.VersionLoggerListener.log 명령 행 아규먼트:  -Xms128m
12-Dec-2022 03:19:36.820 정보 [main] org.apache.catalina.startup.VersionLoggerListener.log 명령 행 아규먼트:  -Xmx256m
12-Dec-2022 03:19:36.825 정보 [main] org.apache.catalina.core.AprLifecycleListener.lifecycleEvent APR 버전 [1.7.0]을(를) 사용한, APR 기반 Apache Tomcat Native 라이브러리 [1.2.35]을(를) 로드했습니다.
12-Dec-2022 03:19:36.825 정보 [main] org.apache.catalina.core.AprLifecycleListener.lifecycleEvent APR 용량정보들: IPv6 [true], sendfile [true], accept filters [false], random [true], UDS [true].
12-Dec-2022 03:19:36.826 정보 [main] org.apache.catalina.core.AprLifecycleListener.lifecycleEvent APR/OpenSSL 설정: useAprConnector [false], useOpenSSL [true]
12-Dec-2022 03:19:36.833 정보 [main] org.apache.catalina.core.AprLifecycleListener.initializeSSL OpenSSL이 성공적으로 초기화되었습니다: [OpenSSL 1.1.1q  5 Jul 2022]
12-Dec-2022 03:19:37.208 정보 [main] org.apache.coyote.AbstractProtocol.init 프로토콜 핸들러 ["http-nio-8080"]을(를) 초기화합니다.
12-Dec-2022 03:19:37.231 심각 [main] org.apache.catalina.util.LifecycleBase.handleSubClassException 구성요소 [Connector[HTTP/1.1-8080]]을(를) 초기화하지 못했습니다.
	org.apache.catalina.LifecycleException: 프로토콜 핸들러 초기화가 실패했습니다.
		at org.apache.catalina.connector.Connector.initInternal(Connector.java:1051)
		at org.apache.catalina.util.LifecycleBase.init(LifecycleBase.java:136)
		at org.apache.catalina.core.StandardService.initInternal(StandardService.java:556)
		at org.apache.catalina.util.LifecycleBase.init(LifecycleBase.java:136)
		at org.apache.catalina.core.StandardServer.initInternal(StandardServer.java:1045)
		at org.apache.catalina.util.LifecycleBase.init(LifecycleBase.java:136)
		at org.apache.catalina.startup.Catalina.load(Catalina.java:724)
		at org.apache.catalina.startup.Catalina.load(Catalina.java:746)
		at java.base/jdk.internal.reflect.NativeMethodAccessorImpl.invoke0(Native Method)
		at java.base/jdk.internal.reflect.NativeMethodAccessorImpl.invoke(NativeMethodAccessorImpl.java:62)
		at java.base/jdk.internal.reflect.DelegatingMethodAccessorImpl.invoke(DelegatingMethodAccessorImpl.java:43)
		at java.base/java.lang.reflect.Method.invoke(Method.java:566)
		at org.apache.catalina.startup.Bootstrap.load(Bootstrap.java:305)
		at org.apache.catalina.startup.Bootstrap.main(Bootstrap.java:475)
	Caused by: java.net.BindException: Address already in use: bind
		at java.base/sun.nio.ch.Net.bind0(Native Method)
		at java.base/sun.nio.ch.Net.bind(Net.java:459)
		at java.base/sun.nio.ch.Net.bind(Net.java:448)
		at java.base/sun.nio.ch.ServerSocketChannelImpl.bind(ServerSocketChannelImpl.java:227)
		at org.apache.tomcat.util.net.NioEndpoint.initServerSocket(NioEndpoint.java:275)
		at org.apache.tomcat.util.net.NioEndpoint.bind(NioEndpoint.java:230)
		at org.apache.tomcat.util.net.AbstractEndpoint.bindWithCleanup(AbstractEndpoint.java:1227)
		at org.apache.tomcat.util.net.AbstractEndpoint.init(AbstractEndpoint.java:1240)
		at org.apache.coyote.AbstractProtocol.init(AbstractProtocol.java:603)
		at org.apache.coyote.http11.AbstractHttp11Protocol.init(AbstractHttp11Protocol.java:80)
		at org.apache.catalina.connector.Connector.initInternal(Connector.java:1048)
		... 13 more
12-Dec-2022 03:19:37.234 정보 [main] org.apache.catalina.startup.Catalina.load [708] 밀리초 내에 서버가 초기화되었습니다.
12-Dec-2022 03:19:37.328 정보 [main] org.apache.catalina.core.StandardService.startInternal 서비스 [Catalina]을(를) 시작합니다.
12-Dec-2022 03:19:37.328 정보 [main] org.apache.catalina.core.StandardEngine.startInternal 서버 엔진을 시작합니다: [Apache Tomcat/9.0.65]
12-Dec-2022 03:19:37.348 정보 [main] org.apache.catalina.startup.HostConfig.deployDirectory 웹 애플리케이션 디렉토리 [C:\fundmentals\apache-tomcat-9.0.65\webapps\docs]을(를) 배치합니다.
12-Dec-2022 03:19:37.980 경고 [main] org.apache.catalina.util.SessionIdGeneratorBase.createSecureRandom [SHA1PRNG] 알고리즘을 사용하여, 세션 ID를 생성하기 위한 SecureRandom 객체를 생성하는데, [222] 밀리초가 소요됐습니다.
12-Dec-2022 03:19:38.012 정보 [main] org.apache.catalina.startup.HostConfig.deployDirectory 웹 애플리케이션 디렉토리 [C:\fundmentals\apache-tomcat-9.0.65\webapps\docs]에 대한 배치가 [664] 밀리초에 완료되었습니다.
12-Dec-2022 03:19:38.013 정보 [main] org.apache.catalina.startup.HostConfig.deployDirectory 웹 애플리케이션 디렉토리 [C:\fundmentals\apache-tomcat-9.0.65\webapps\examples]을(를) 배치합니다.
12-Dec-2022 03:19:39.136 정보 [main] org.apache.catalina.startup.HostConfig.deployDirectory 웹 애플리케이션 디렉토리 [C:\fundmentals\apache-tomcat-9.0.65\webapps\examples]에 대한 배치가 [1,122] 밀리초에 완료되었습니다.
12-Dec-2022 03:19:39.136 정보 [main] org.apache.catalina.startup.HostConfig.deployDirectory 웹 애플리케이션 디렉토리 [C:\fundmentals\apache-tomcat-9.0.65\webapps\Gradle___iducs_jw201912022___servlet_jsp_1_0_SNAPSHOT_war]을(를) 배치합니다.
12-Dec-2022 03:19:39.239 정보 [main] org.apache.catalina.startup.HostConfig.deployDirectory 웹 애플리케이션 디렉토리 [C:\fundmentals\apache-tomcat-9.0.65\webapps\Gradle___iducs_jw201912022___servlet_jsp_1_0_SNAPSHOT_war]에 대한 배치가 [102] 밀리초에 완료되었습니다.
12-Dec-2022 03:19:39.239 정보 [main] org.apache.catalina.startup.HostConfig.deployDirectory 웹 애플리케이션 디렉토리 [C:\fundmentals\apache-tomcat-9.0.65\webapps\host-manager]을(를) 배치합니다.
12-Dec-2022 03:19:39.339 정보 [main] org.apache.catalina.startup.HostConfig.deployDirectory 웹 애플리케이션 디렉토리 [C:\fundmentals\apache-tomcat-9.0.65\webapps\host-manager]에 대한 배치가 [100] 밀리초에 완료되었습니다.
12-Dec-2022 03:19:39.340 정보 [main] org.apache.catalina.startup.HostConfig.deployDirectory 웹 애플리케이션 디렉토리 [C:\fundmentals\apache-tomcat-9.0.65\webapps\manager]을(를) 배치합니다.
12-Dec-2022 03:19:39.410 정보 [main] org.apache.catalina.startup.HostConfig.deployDirectory 웹 애플리케이션 디렉토리 [C:\fundmentals\apache-tomcat-9.0.65\webapps\manager]에 대한 배치가 [70] 밀리초에 완료되었습니다.
12-Dec-2022 03:19:39.411 정보 [main] org.apache.catalina.startup.HostConfig.deployDirectory 웹 애플리케이션 디렉토리 [C:\fundmentals\apache-tomcat-9.0.65\webapps\ROOT]을(를) 배치합니다.
12-Dec-2022 03:19:39.457 정보 [main] org.apache.catalina.startup.HostConfig.deployDirectory 웹 애플리케이션 디렉토리 [C:\fundmentals\apache-tomcat-9.0.65\webapps\ROOT]에 대한 배치가 [46] 밀리초에 완료되었습니다.
12-Dec-2022 03:19:39.464 정보 [main] org.apache.catalina.startup.Catalina.start 서버가 [2229] 밀리초 내에 시작되었습니다.
12-Dec-2022 04:05:30.880 정보 [Thread-3] org.apache.coyote.AbstractProtocol.pause 프로토콜 핸들러 ["http-nio-8080"]을(를) 일시 정지 중
12-Dec-2022 04:05:30.881 정보 [Thread-3] org.apache.catalina.core.StandardService.stopInternal 서비스 [Catalina]을(를) 중지시킵니다.
12-Dec-2022 04:05:30.922 정보 [Thread-3] org.apache.coyote.AbstractProtocol.stop 프로토콜 핸들러 ["http-nio-8080"]을(를) 중지시킵니다.
12-Dec-2022 04:05:30.923 정보 [Thread-3] org.apache.coyote.AbstractProtocol.destroy 프로토콜 핸들러 ["http-nio-8080"]을(를) 소멸시킵니다.

2022-12-12 04:05:39 Apache Commons Daemon procrun stderr initialized.
12-Dec-2022 04:05:40.570 정보 [main] org.apache.catalina.startup.VersionLoggerListener.log 서버 버전 이름:    Apache Tomcat/9.0.65
12-Dec-2022 04:05:40.575 정보 [main] org.apache.catalina.startup.VersionLoggerListener.log Server 빌드 시각:  Jul 14 2022 12:28:53 UTC
12-Dec-2022 04:05:40.575 정보 [main] org.apache.catalina.startup.VersionLoggerListener.log Server 버전 번호:  9.0.65.0
12-Dec-2022 04:05:40.575 정보 [main] org.apache.catalina.startup.VersionLoggerListener.log 운영체제 이름:     Windows 10
12-Dec-2022 04:05:40.575 정보 [main] org.apache.catalina.startup.VersionLoggerListener.log 운영체제 버전:     10.0
12-Dec-2022 04:05:40.576 정보 [main] org.apache.catalina.startup.VersionLoggerListener.log 아키텍처:          amd64
12-Dec-2022 04:05:40.576 정보 [main] org.apache.catalina.startup.VersionLoggerListener.log 자바 홈:           C:\Program Files\Eclipse Adoptium\jdk-11.0.14.101-hotspot
12-Dec-2022 04:05:40.576 정보 [main] org.apache.catalina.startup.VersionLoggerListener.log JVM 버전:          11.0.14.1+1
12-Dec-2022 04:05:40.576 정보 [main] org.apache.catalina.startup.VersionLoggerListener.log JVM 벤더:          Eclipse Adoptium
12-Dec-2022 04:05:40.576 정보 [main] org.apache.catalina.startup.VersionLoggerListener.log CATALINA_BASE:     C:\fundmentals\apache-tomcat-9.0.65
12-Dec-2022 04:05:40.577 정보 [main] org.apache.catalina.startup.VersionLoggerListener.log CATALINA_HOME:     C:\fundmentals\apache-tomcat-9.0.65
12-Dec-2022 04:05:40.591 정보 [main] org.apache.catalina.startup.VersionLoggerListener.log 명령 행 아규먼트:  -Dcatalina.home=C:\fundmentals\apache-tomcat-9.0.65
12-Dec-2022 04:05:40.591 정보 [main] org.apache.catalina.startup.VersionLoggerListener.log 명령 행 아규먼트:  -Dcatalina.base=C:\fundmentals\apache-tomcat-9.0.65
12-Dec-2022 04:05:40.592 정보 [main] org.apache.catalina.startup.VersionLoggerListener.log 명령 행 아규먼트:  -Dignore.endorsed.dirs=C:\fundmentals\apache-tomcat-9.0.65\endorsed
12-Dec-2022 04:05:40.592 정보 [main] org.apache.catalina.startup.VersionLoggerListener.log 명령 행 아규먼트:  -Djava.io.tmpdir=C:\fundmentals\apache-tomcat-9.0.65\temp
12-Dec-2022 04:05:40.592 정보 [main] org.apache.catalina.startup.VersionLoggerListener.log 명령 행 아규먼트:  -Djava.util.logging.manager=org.apache.juli.ClassLoaderLogManager
12-Dec-2022 04:05:40.592 정보 [main] org.apache.catalina.startup.VersionLoggerListener.log 명령 행 아규먼트:  -Djava.util.logging.config.file=C:\fundmentals\apache-tomcat-9.0.65\conf\logging.properties
12-Dec-2022 04:05:40.592 정보 [main] org.apache.catalina.startup.VersionLoggerListener.log 명령 행 아규먼트:  --add-opens=java.base/java.lang=ALL-UNNAMED
12-Dec-2022 04:05:40.592 정보 [main] org.apache.catalina.startup.VersionLoggerListener.log 명령 행 아규먼트:  --add-opens=java.base/java.io=ALL-UNNAMED
12-Dec-2022 04:05:40.593 정보 [main] org.apache.catalina.startup.VersionLoggerListener.log 명령 행 아규먼트:  --add-opens=java.base/java.util=ALL-UNNAMED
12-Dec-2022 04:05:40.593 정보 [main] org.apache.catalina.startup.VersionLoggerListener.log 명령 행 아규먼트:  --add-opens=java.base/java.util.concurrent=ALL-UNNAMED
12-Dec-2022 04:05:40.593 정보 [main] org.apache.catalina.startup.VersionLoggerListener.log 명령 행 아규먼트:  --add-opens=java.rmi/sun.rmi.transport=ALL-UNNAMED
12-Dec-2022 04:05:40.593 정보 [main] org.apache.catalina.startup.VersionLoggerListener.log 명령 행 아규먼트:  exit
12-Dec-2022 04:05:40.593 정보 [main] org.apache.catalina.startup.VersionLoggerListener.log 명령 행 아규먼트:  abort
12-Dec-2022 04:05:40.593 정보 [main] org.apache.catalina.startup.VersionLoggerListener.log 명령 행 아규먼트:  -Xms128m
12-Dec-2022 04:05:40.594 정보 [main] org.apache.catalina.startup.VersionLoggerListener.log 명령 행 아규먼트:  -Xmx256m
12-Dec-2022 04:05:40.598 정보 [main] org.apache.catalina.core.AprLifecycleListener.lifecycleEvent APR 버전 [1.7.0]을(를) 사용한, APR 기반 Apache Tomcat Native 라이브러리 [1.2.35]을(를) 로드했습니다.
12-Dec-2022 04:05:40.598 정보 [main] org.apache.catalina.core.AprLifecycleListener.lifecycleEvent APR 용량정보들: IPv6 [true], sendfile [true], accept filters [false], random [true], UDS [true].
12-Dec-2022 04:05:40.598 정보 [main] org.apache.catalina.core.AprLifecycleListener.lifecycleEvent APR/OpenSSL 설정: useAprConnector [false], useOpenSSL [true]
12-Dec-2022 04:05:40.606 정보 [main] org.apache.catalina.core.AprLifecycleListener.initializeSSL OpenSSL이 성공적으로 초기화되었습니다: [OpenSSL 1.1.1q  5 Jul 2022]
12-Dec-2022 04:05:40.966 정보 [main] org.apache.coyote.AbstractProtocol.init 프로토콜 핸들러 ["http-nio-8081"]을(를) 초기화합니다.
12-Dec-2022 04:05:40.998 정보 [main] org.apache.catalina.startup.Catalina.load [715] 밀리초 내에 서버가 초기화되었습니다.
12-Dec-2022 04:05:41.077 정보 [main] org.apache.catalina.core.StandardService.startInternal 서비스 [Catalina]을(를) 시작합니다.
12-Dec-2022 04:05:41.078 정보 [main] org.apache.catalina.core.StandardEngine.startInternal 서버 엔진을 시작합니다: [Apache Tomcat/9.0.65]
12-Dec-2022 04:05:41.097 정보 [main] org.apache.catalina.startup.HostConfig.deployDirectory 웹 애플리케이션 디렉토리 [C:\fundmentals\apache-tomcat-9.0.65\webapps\docs]을(를) 배치합니다.
12-Dec-2022 04:05:41.643 경고 [main] org.apache.catalina.util.SessionIdGeneratorBase.createSecureRandom [SHA1PRNG] 알고리즘을 사용하여, 세션 ID를 생성하기 위한 SecureRandom 객체를 생성하는데, [225] 밀리초가 소요됐습니다.
12-Dec-2022 04:05:41.669 정보 [main] org.apache.catalina.startup.HostConfig.deployDirectory 웹 애플리케이션 디렉토리 [C:\fundmentals\apache-tomcat-9.0.65\webapps\docs]에 대한 배치가 [572] 밀리초에 완료되었습니다.
12-Dec-2022 04:05:41.670 정보 [main] org.apache.catalina.startup.HostConfig.deployDirectory 웹 애플리케이션 디렉토리 [C:\fundmentals\apache-tomcat-9.0.65\webapps\examples]을(를) 배치합니다.
12-Dec-2022 04:05:42.387 정보 [main] org.apache.catalina.startup.HostConfig.deployDirectory 웹 애플리케이션 디렉토리 [C:\fundmentals\apache-tomcat-9.0.65\webapps\examples]에 대한 배치가 [716] 밀리초에 완료되었습니다.
12-Dec-2022 04:05:42.387 정보 [main] org.apache.catalina.startup.HostConfig.deployDirectory 웹 애플리케이션 디렉토리 [C:\fundmentals\apache-tomcat-9.0.65\webapps\Gradle___iducs_jw201912022___servlet_jsp_1_0_SNAPSHOT_war]을(를) 배치합니다.
12-Dec-2022 04:05:42.514 정보 [main] org.apache.catalina.startup.HostConfig.deployDirectory 웹 애플리케이션 디렉토리 [C:\fundmentals\apache-tomcat-9.0.65\webapps\Gradle___iducs_jw201912022___servlet_jsp_1_0_SNAPSHOT_war]에 대한 배치가 [127] 밀리초에 완료되었습니다.
12-Dec-2022 04:05:42.515 정보 [main] org.apache.catalina.startup.HostConfig.deployDirectory 웹 애플리케이션 디렉토리 [C:\fundmentals\apache-tomcat-9.0.65\webapps\host-manager]을(를) 배치합니다.
12-Dec-2022 04:05:42.557 정보 [main] org.apache.catalina.startup.HostConfig.deployDirectory 웹 애플리케이션 디렉토리 [C:\fundmentals\apache-tomcat-9.0.65\webapps\host-manager]에 대한 배치가 [43] 밀리초에 완료되었습니다.
12-Dec-2022 04:05:42.557 정보 [main] org.apache.catalina.startup.HostConfig.deployDirectory 웹 애플리케이션 디렉토리 [C:\fundmentals\apache-tomcat-9.0.65\webapps\manager]을(를) 배치합니다.
12-Dec-2022 04:05:42.597 정보 [main] org.apache.catalina.startup.HostConfig.deployDirectory 웹 애플리케이션 디렉토리 [C:\fundmentals\apache-tomcat-9.0.65\webapps\manager]에 대한 배치가 [40] 밀리초에 완료되었습니다.
12-Dec-2022 04:05:42.598 정보 [main] org.apache.catalina.startup.HostConfig.deployDirectory 웹 애플리케이션 디렉토리 [C:\fundmentals\apache-tomcat-9.0.65\webapps\ROOT]을(를) 배치합니다.
12-Dec-2022 04:05:42.631 정보 [main] org.apache.catalina.startup.HostConfig.deployDirectory 웹 애플리케이션 디렉토리 [C:\fundmentals\apache-tomcat-9.0.65\webapps\ROOT]에 대한 배치가 [33] 밀리초에 완료되었습니다.
12-Dec-2022 04:05:42.634 정보 [main] org.apache.coyote.AbstractProtocol.start 프로토콜 핸들러 ["http-nio-8081"]을(를) 시작합니다.
12-Dec-2022 04:05:42.843 정보 [main] org.apache.catalina.startup.Catalina.start 서버가 [1844] 밀리초 내에 시작되었습니다.
12-Dec-2022 04:19:43.770 정보 [Thread-3] org.apache.coyote.AbstractProtocol.pause 프로토콜 핸들러 ["http-nio-8081"]을(를) 일시 정지 중
12-Dec-2022 04:19:43.941 정보 [Thread-3] org.apache.catalina.core.StandardService.stopInternal 서비스 [Catalina]을(를) 중지시킵니다.
12-Dec-2022 04:19:43.973 정보 [Thread-3] org.apache.coyote.AbstractProtocol.stop 프로토콜 핸들러 ["http-nio-8081"]을(를) 중지시킵니다.
12-Dec-2022 04:19:43.988 정보 [Thread-3] org.apache.coyote.AbstractProtocol.destroy 프로토콜 핸들러 ["http-nio-8081"]을(를) 소멸시킵니다.

2022-12-12 04:19:49 Apache Commons Daemon procrun stderr initialized.
12-Dec-2022 04:19:49.541 정보 [main] org.apache.catalina.startup.VersionLoggerListener.log 서버 버전 이름:    Apache Tomcat/9.0.65
12-Dec-2022 04:19:49.545 정보 [main] org.apache.catalina.startup.VersionLoggerListener.log Server 빌드 시각:  Jul 14 2022 12:28:53 UTC
12-Dec-2022 04:19:49.546 정보 [main] org.apache.catalina.startup.VersionLoggerListener.log Server 버전 번호:  9.0.65.0
12-Dec-2022 04:19:49.546 정보 [main] org.apache.catalina.startup.VersionLoggerListener.log 운영체제 이름:     Windows 10
12-Dec-2022 04:19:49.546 정보 [main] org.apache.catalina.startup.VersionLoggerListener.log 운영체제 버전:     10.0
12-Dec-2022 04:19:49.546 정보 [main] org.apache.catalina.startup.VersionLoggerListener.log 아키텍처:          amd64
12-Dec-2022 04:19:49.546 정보 [main] org.apache.catalina.startup.VersionLoggerListener.log 자바 홈:           C:\Program Files\Eclipse Adoptium\jdk-11.0.14.101-hotspot
12-Dec-2022 04:19:49.546 정보 [main] org.apache.catalina.startup.VersionLoggerListener.log JVM 버전:          11.0.14.1+1
12-Dec-2022 04:19:49.546 정보 [main] org.apache.catalina.startup.VersionLoggerListener.log JVM 벤더:          Eclipse Adoptium
12-Dec-2022 04:19:49.546 정보 [main] org.apache.catalina.startup.VersionLoggerListener.log CATALINA_BASE:     C:\fundmentals\apache-tomcat-9.0.65
12-Dec-2022 04:19:49.546 정보 [main] org.apache.catalina.startup.VersionLoggerListener.log CATALINA_HOME:     C:\fundmentals\apache-tomcat-9.0.65
12-Dec-2022 04:19:49.557 정보 [main] org.apache.catalina.startup.VersionLoggerListener.log 명령 행 아규먼트:  -Dcatalina.home=C:\fundmentals\apache-tomcat-9.0.65
12-Dec-2022 04:19:49.557 정보 [main] org.apache.catalina.startup.VersionLoggerListener.log 명령 행 아규먼트:  -Dcatalina.base=C:\fundmentals\apache-tomcat-9.0.65
12-Dec-2022 04:19:49.557 정보 [main] org.apache.catalina.startup.VersionLoggerListener.log 명령 행 아규먼트:  -Dignore.endorsed.dirs=C:\fundmentals\apache-tomcat-9.0.65\endorsed
12-Dec-2022 04:19:49.558 정보 [main] org.apache.catalina.startup.VersionLoggerListener.log 명령 행 아규먼트:  -Djava.io.tmpdir=C:\fundmentals\apache-tomcat-9.0.65\temp
12-Dec-2022 04:19:49.558 정보 [main] org.apache.catalina.startup.VersionLoggerListener.log 명령 행 아규먼트:  -Djava.util.logging.manager=org.apache.juli.ClassLoaderLogManager
12-Dec-2022 04:19:49.558 정보 [main] org.apache.catalina.startup.VersionLoggerListener.log 명령 행 아규먼트:  -Djava.util.logging.config.file=C:\fundmentals\apache-tomcat-9.0.65\conf\logging.properties
12-Dec-2022 04:19:49.558 정보 [main] org.apache.catalina.startup.VersionLoggerListener.log 명령 행 아규먼트:  --add-opens=java.base/java.lang=ALL-UNNAMED
12-Dec-2022 04:19:49.558 정보 [main] org.apache.catalina.startup.VersionLoggerListener.log 명령 행 아규먼트:  --add-opens=java.base/java.io=ALL-UNNAMED
12-Dec-2022 04:19:49.558 정보 [main] org.apache.catalina.startup.VersionLoggerListener.log 명령 행 아규먼트:  --add-opens=java.base/java.util=ALL-UNNAMED
12-Dec-2022 04:19:49.558 정보 [main] org.apache.catalina.startup.VersionLoggerListener.log 명령 행 아규먼트:  --add-opens=java.base/java.util.concurrent=ALL-UNNAMED
12-Dec-2022 04:19:49.559 정보 [main] org.apache.catalina.startup.VersionLoggerListener.log 명령 행 아규먼트:  --add-opens=java.rmi/sun.rmi.transport=ALL-UNNAMED
12-Dec-2022 04:19:49.559 정보 [main] org.apache.catalina.startup.VersionLoggerListener.log 명령 행 아규먼트:  exit
12-Dec-2022 04:19:49.559 정보 [main] org.apache.catalina.startup.VersionLoggerListener.log 명령 행 아규먼트:  abort
12-Dec-2022 04:19:49.559 정보 [main] org.apache.catalina.startup.VersionLoggerListener.log 명령 행 아규먼트:  -Xms128m
12-Dec-2022 04:19:49.559 정보 [main] org.apache.catalina.startup.VersionLoggerListener.log 명령 행 아규먼트:  -Xmx256m
12-Dec-2022 04:19:49.563 정보 [main] org.apache.catalina.core.AprLifecycleListener.lifecycleEvent APR 버전 [1.7.0]을(를) 사용한, APR 기반 Apache Tomcat Native 라이브러리 [1.2.35]을(를) 로드했습니다.
12-Dec-2022 04:19:49.563 정보 [main] org.apache.catalina.core.AprLifecycleListener.lifecycleEvent APR 용량정보들: IPv6 [true], sendfile [true], accept filters [false], random [true], UDS [true].
12-Dec-2022 04:19:49.563 정보 [main] org.apache.catalina.core.AprLifecycleListener.lifecycleEvent APR/OpenSSL 설정: useAprConnector [false], useOpenSSL [true]
12-Dec-2022 04:19:49.569 정보 [main] org.apache.catalina.core.AprLifecycleListener.initializeSSL OpenSSL이 성공적으로 초기화되었습니다: [OpenSSL 1.1.1q  5 Jul 2022]
12-Dec-2022 04:19:49.846 정보 [main] org.apache.coyote.AbstractProtocol.init 프로토콜 핸들러 ["http-nio-8081"]을(를) 초기화합니다.
12-Dec-2022 04:19:49.873 정보 [main] org.apache.catalina.startup.Catalina.load [551] 밀리초 내에 서버가 초기화되었습니다.
12-Dec-2022 04:19:49.944 정보 [main] org.apache.catalina.core.StandardService.startInternal 서비스 [Catalina]을(를) 시작합니다.
12-Dec-2022 04:19:49.944 정보 [main] org.apache.catalina.core.StandardEngine.startInternal 서버 엔진을 시작합니다: [Apache Tomcat/9.0.65]
12-Dec-2022 04:19:49.957 정보 [main] org.apache.catalina.startup.HostConfig.deployDirectory 웹 애플리케이션 디렉토리 [C:\fundmentals\apache-tomcat-9.0.65\webapps\docs]을(를) 배치합니다.
12-Dec-2022 04:19:50.446 경고 [main] org.apache.catalina.util.SessionIdGeneratorBase.createSecureRandom [SHA1PRNG] 알고리즘을 사용하여, 세션 ID를 생성하기 위한 SecureRandom 객체를 생성하는데, [191] 밀리초가 소요됐습니다.
12-Dec-2022 04:19:50.469 정보 [main] org.apache.catalina.startup.HostConfig.deployDirectory 웹 애플리케이션 디렉토리 [C:\fundmentals\apache-tomcat-9.0.65\webapps\docs]에 대한 배치가 [513] 밀리초에 완료되었습니다.
12-Dec-2022 04:19:50.469 정보 [main] org.apache.catalina.startup.HostConfig.deployDirectory 웹 애플리케이션 디렉토리 [C:\fundmentals\apache-tomcat-9.0.65\webapps\examples]을(를) 배치합니다.
12-Dec-2022 04:19:50.997 정보 [main] org.apache.catalina.startup.HostConfig.deployDirectory 웹 애플리케이션 디렉토리 [C:\fundmentals\apache-tomcat-9.0.65\webapps\examples]에 대한 배치가 [528] 밀리초에 완료되었습니다.
12-Dec-2022 04:19:50.998 정보 [main] org.apache.catalina.startup.HostConfig.deployDirectory 웹 애플리케이션 디렉토리 [C:\fundmentals\apache-tomcat-9.0.65\webapps\Gradle___iducs_jw201912022___servlet_jsp_1_0_SNAPSHOT_war]을(를) 배치합니다.
12-Dec-2022 04:19:51.061 정보 [main] org.apache.catalina.startup.HostConfig.deployDirectory 웹 애플리케이션 디렉토리 [C:\fundmentals\apache-tomcat-9.0.65\webapps\Gradle___iducs_jw201912022___servlet_jsp_1_0_SNAPSHOT_war]에 대한 배치가 [63] 밀리초에 완료되었습니다.
12-Dec-2022 04:19:51.062 정보 [main] org.apache.catalina.startup.HostConfig.deployDirectory 웹 애플리케이션 디렉토리 [C:\fundmentals\apache-tomcat-9.0.65\webapps\host-manager]을(를) 배치합니다.
12-Dec-2022 04:19:51.108 정보 [main] org.apache.catalina.startup.HostConfig.deployDirectory 웹 애플리케이션 디렉토리 [C:\fundmentals\apache-tomcat-9.0.65\webapps\host-manager]에 대한 배치가 [46] 밀리초에 완료되었습니다.
12-Dec-2022 04:19:51.109 정보 [main] org.apache.catalina.startup.HostConfig.deployDirectory 웹 애플리케이션 디렉토리 [C:\fundmentals\apache-tomcat-9.0.65\webapps\manager]을(를) 배치합니다.
12-Dec-2022 04:19:51.150 정보 [main] org.apache.catalina.startup.HostConfig.deployDirectory 웹 애플리케이션 디렉토리 [C:\fundmentals\apache-tomcat-9.0.65\webapps\manager]에 대한 배치가 [41] 밀리초에 완료되었습니다.
12-Dec-2022 04:19:51.151 정보 [main] org.apache.catalina.startup.HostConfig.deployDirectory 웹 애플리케이션 디렉토리 [C:\fundmentals\apache-tomcat-9.0.65\webapps\ROOT]을(를) 배치합니다.
12-Dec-2022 04:19:51.186 정보 [main] org.apache.catalina.startup.HostConfig.deployDirectory 웹 애플리케이션 디렉토리 [C:\fundmentals\apache-tomcat-9.0.65\webapps\ROOT]에 대한 배치가 [35] 밀리초에 완료되었습니다.
12-Dec-2022 04:19:51.191 정보 [main] org.apache.coyote.AbstractProtocol.start 프로토콜 핸들러 ["http-nio-8081"]을(를) 시작합니다.
12-Dec-2022 04:19:51.385 정보 [main] org.apache.catalina.startup.Catalina.start 서버가 [1510] 밀리초 내에 시작되었습니다.
12-Dec-2022 04:20:38.103 정보 [Thread-3] org.apache.coyote.AbstractProtocol.pause 프로토콜 핸들러 ["http-nio-8081"]을(를) 일시 정지 중
12-Dec-2022 04:20:38.277 정보 [Thread-3] org.apache.catalina.core.StandardService.stopInternal 서비스 [Catalina]을(를) 중지시킵니다.
12-Dec-2022 04:20:38.321 정보 [Thread-3] org.apache.coyote.AbstractProtocol.stop 프로토콜 핸들러 ["http-nio-8081"]을(를) 중지시킵니다.
12-Dec-2022 04:20:38.335 정보 [Thread-3] org.apache.coyote.AbstractProtocol.destroy 프로토콜 핸들러 ["http-nio-8081"]을(를) 소멸시킵니다.

2022-12-12 04:22:07 Apache Commons Daemon procrun stderr initialized.
12-Dec-2022 04:22:07.780 정보 [main] org.apache.catalina.startup.VersionLoggerListener.log 서버 버전 이름:    Apache Tomcat/9.0.65
12-Dec-2022 04:22:07.785 정보 [main] org.apache.catalina.startup.VersionLoggerListener.log Server 빌드 시각:  Jul 14 2022 12:28:53 UTC
12-Dec-2022 04:22:07.785 정보 [main] org.apache.catalina.startup.VersionLoggerListener.log Server 버전 번호:  9.0.65.0
12-Dec-2022 04:22:07.785 정보 [main] org.apache.catalina.startup.VersionLoggerListener.log 운영체제 이름:     Windows 10
12-Dec-2022 04:22:07.785 정보 [main] org.apache.catalina.startup.VersionLoggerListener.log 운영체제 버전:     10.0
12-Dec-2022 04:22:07.786 정보 [main] org.apache.catalina.startup.VersionLoggerListener.log 아키텍처:          amd64
12-Dec-2022 04:22:07.786 정보 [main] org.apache.catalina.startup.VersionLoggerListener.log 자바 홈:           C:\Program Files\Eclipse Adoptium\jdk-11.0.14.101-hotspot
12-Dec-2022 04:22:07.786 정보 [main] org.apache.catalina.startup.VersionLoggerListener.log JVM 버전:          11.0.14.1+1
12-Dec-2022 04:22:07.786 정보 [main] org.apache.catalina.startup.VersionLoggerListener.log JVM 벤더:          Eclipse Adoptium
12-Dec-2022 04:22:07.786 정보 [main] org.apache.catalina.startup.VersionLoggerListener.log CATALINA_BASE:     C:\fundmentals\apache-tomcat-9.0.65
12-Dec-2022 04:22:07.787 정보 [main] org.apache.catalina.startup.VersionLoggerListener.log CATALINA_HOME:     C:\fundmentals\apache-tomcat-9.0.65
12-Dec-2022 04:22:07.797 정보 [main] org.apache.catalina.startup.VersionLoggerListener.log 명령 행 아규먼트:  -Dcatalina.home=C:\fundmentals\apache-tomcat-9.0.65
12-Dec-2022 04:22:07.797 정보 [main] org.apache.catalina.startup.VersionLoggerListener.log 명령 행 아규먼트:  -Dcatalina.base=C:\fundmentals\apache-tomcat-9.0.65
12-Dec-2022 04:22:07.798 정보 [main] org.apache.catalina.startup.VersionLoggerListener.log 명령 행 아규먼트:  -Dignore.endorsed.dirs=C:\fundmentals\apache-tomcat-9.0.65\endorsed
12-Dec-2022 04:22:07.798 정보 [main] org.apache.catalina.startup.VersionLoggerListener.log 명령 행 아규먼트:  -Djava.io.tmpdir=C:\fundmentals\apache-tomcat-9.0.65\temp
12-Dec-2022 04:22:07.798 정보 [main] org.apache.catalina.startup.VersionLoggerListener.log 명령 행 아규먼트:  -Djava.util.logging.manager=org.apache.juli.ClassLoaderLogManager
12-Dec-2022 04:22:07.798 정보 [main] org.apache.catalina.startup.VersionLoggerListener.log 명령 행 아규먼트:  -Djava.util.logging.config.file=C:\fundmentals\apache-tomcat-9.0.65\conf\logging.properties
12-Dec-2022 04:22:07.798 정보 [main] org.apache.catalina.startup.VersionLoggerListener.log 명령 행 아규먼트:  --add-opens=java.base/java.lang=ALL-UNNAMED
12-Dec-2022 04:22:07.798 정보 [main] org.apache.catalina.startup.VersionLoggerListener.log 명령 행 아규먼트:  --add-opens=java.base/java.io=ALL-UNNAMED
12-Dec-2022 04:22:07.799 정보 [main] org.apache.catalina.startup.VersionLoggerListener.log 명령 행 아규먼트:  --add-opens=java.base/java.util=ALL-UNNAMED
12-Dec-2022 04:22:07.799 정보 [main] org.apache.catalina.startup.VersionLoggerListener.log 명령 행 아규먼트:  --add-opens=java.base/java.util.concurrent=ALL-UNNAMED
12-Dec-2022 04:22:07.799 정보 [main] org.apache.catalina.startup.VersionLoggerListener.log 명령 행 아규먼트:  --add-opens=java.rmi/sun.rmi.transport=ALL-UNNAMED
12-Dec-2022 04:22:07.799 정보 [main] org.apache.catalina.startup.VersionLoggerListener.log 명령 행 아규먼트:  exit
12-Dec-2022 04:22:07.799 정보 [main] org.apache.catalina.startup.VersionLoggerListener.log 명령 행 아규먼트:  abort
12-Dec-2022 04:22:07.799 정보 [main] org.apache.catalina.startup.VersionLoggerListener.log 명령 행 아규먼트:  -Xms128m
12-Dec-2022 04:22:07.799 정보 [main] org.apache.catalina.startup.VersionLoggerListener.log 명령 행 아규먼트:  -Xmx256m
12-Dec-2022 04:22:07.803 정보 [main] org.apache.catalina.core.AprLifecycleListener.lifecycleEvent APR 버전 [1.7.0]을(를) 사용한, APR 기반 Apache Tomcat Native 라이브러리 [1.2.35]을(를) 로드했습니다.
12-Dec-2022 04:22:07.803 정보 [main] org.apache.catalina.core.AprLifecycleListener.lifecycleEvent APR 용량정보들: IPv6 [true], sendfile [true], accept filters [false], random [true], UDS [true].
12-Dec-2022 04:22:07.803 정보 [main] org.apache.catalina.core.AprLifecycleListener.lifecycleEvent APR/OpenSSL 설정: useAprConnector [false], useOpenSSL [true]
12-Dec-2022 04:22:07.811 정보 [main] org.apache.catalina.core.AprLifecycleListener.initializeSSL OpenSSL이 성공적으로 초기화되었습니다: [OpenSSL 1.1.1q  5 Jul 2022]
12-Dec-2022 04:22:08.158 정보 [main] org.apache.coyote.AbstractProtocol.init 프로토콜 핸들러 ["http-nio-8081"]을(를) 초기화합니다.
12-Dec-2022 04:22:08.198 정보 [main] org.apache.catalina.startup.Catalina.load [667] 밀리초 내에 서버가 초기화되었습니다.
12-Dec-2022 04:22:08.267 정보 [main] org.apache.catalina.core.StandardService.startInternal 서비스 [Catalina]을(를) 시작합니다.
12-Dec-2022 04:22:08.267 정보 [main] org.apache.catalina.core.StandardEngine.startInternal 서버 엔진을 시작합니다: [Apache Tomcat/9.0.65]
12-Dec-2022 04:22:08.284 정보 [main] org.apache.catalina.startup.HostConfig.deployDirectory 웹 애플리케이션 디렉토리 [C:\fundmentals\apache-tomcat-9.0.65\webapps\docs]을(를) 배치합니다.
12-Dec-2022 04:22:08.858 경고 [main] org.apache.catalina.util.SessionIdGeneratorBase.createSecureRandom [SHA1PRNG] 알고리즘을 사용하여, 세션 ID를 생성하기 위한 SecureRandom 객체를 생성하는데, [211] 밀리초가 소요됐습니다.
12-Dec-2022 04:22:08.892 정보 [main] org.apache.catalina.startup.HostConfig.deployDirectory 웹 애플리케이션 디렉토리 [C:\fundmentals\apache-tomcat-9.0.65\webapps\docs]에 대한 배치가 [608] 밀리초에 완료되었습니다.
12-Dec-2022 04:22:08.893 정보 [main] org.apache.catalina.startup.HostConfig.deployDirectory 웹 애플리케이션 디렉토리 [C:\fundmentals\apache-tomcat-9.0.65\webapps\examples]을(를) 배치합니다.
12-Dec-2022 04:22:09.524 정보 [main] org.apache.catalina.startup.HostConfig.deployDirectory 웹 애플리케이션 디렉토리 [C:\fundmentals\apache-tomcat-9.0.65\webapps\examples]에 대한 배치가 [630] 밀리초에 완료되었습니다.
12-Dec-2022 04:22:09.524 정보 [main] org.apache.catalina.startup.HostConfig.deployDirectory 웹 애플리케이션 디렉토리 [C:\fundmentals\apache-tomcat-9.0.65\webapps\Gradle___iducs_jw201912022___servlet_jsp_1_0_SNAPSHOT_war]을(를) 배치합니다.
12-Dec-2022 04:22:09.590 정보 [main] org.apache.catalina.startup.HostConfig.deployDirectory 웹 애플리케이션 디렉토리 [C:\fundmentals\apache-tomcat-9.0.65\webapps\Gradle___iducs_jw201912022___servlet_jsp_1_0_SNAPSHOT_war]에 대한 배치가 [66] 밀리초에 완료되었습니다.
12-Dec-2022 04:22:09.591 정보 [main] org.apache.catalina.startup.HostConfig.deployDirectory 웹 애플리케이션 디렉토리 [C:\fundmentals\apache-tomcat-9.0.65\webapps\host-manager]을(를) 배치합니다.
12-Dec-2022 04:22:09.638 정보 [main] org.apache.catalina.startup.HostConfig.deployDirectory 웹 애플리케이션 디렉토리 [C:\fundmentals\apache-tomcat-9.0.65\webapps\host-manager]에 대한 배치가 [47] 밀리초에 완료되었습니다.
12-Dec-2022 04:22:09.639 정보 [main] org.apache.catalina.startup.HostConfig.deployDirectory 웹 애플리케이션 디렉토리 [C:\fundmentals\apache-tomcat-9.0.65\webapps\manager]을(를) 배치합니다.
12-Dec-2022 04:22:09.685 정보 [main] org.apache.catalina.startup.HostConfig.deployDirectory 웹 애플리케이션 디렉토리 [C:\fundmentals\apache-tomcat-9.0.65\webapps\manager]에 대한 배치가 [46] 밀리초에 완료되었습니다.
12-Dec-2022 04:22:09.686 정보 [main] org.apache.catalina.startup.HostConfig.deployDirectory 웹 애플리케이션 디렉토리 [C:\fundmentals\apache-tomcat-9.0.65\webapps\ROOT]을(를) 배치합니다.
12-Dec-2022 04:22:09.726 정보 [main] org.apache.catalina.startup.HostConfig.deployDirectory 웹 애플리케이션 디렉토리 [C:\fundmentals\apache-tomcat-9.0.65\webapps\ROOT]에 대한 배치가 [40] 밀리초에 완료되었습니다.
12-Dec-2022 04:22:09.731 정보 [main] org.apache.coyote.AbstractProtocol.start 프로토콜 핸들러 ["http-nio-8081"]을(를) 시작합니다.
12-Dec-2022 04:22:09.940 정보 [main] org.apache.catalina.startup.Catalina.start 서버가 [1742] 밀리초 내에 시작되었습니다.
12-Dec-2022 04:22:45.464 정보 [Thread-3] org.apache.coyote.AbstractProtocol.pause 프로토콜 핸들러 ["http-nio-8081"]을(를) 일시 정지 중
12-Dec-2022 04:22:45.636 정보 [Thread-3] org.apache.catalina.core.StandardService.stopInternal 서비스 [Catalina]을(를) 중지시킵니다.
12-Dec-2022 04:22:45.666 정보 [Thread-3] org.apache.coyote.AbstractProtocol.stop 프로토콜 핸들러 ["http-nio-8081"]을(를) 중지시킵니다.
12-Dec-2022 04:22:45.673 정보 [Thread-3] org.apache.coyote.AbstractProtocol.destroy 프로토콜 핸들러 ["http-nio-8081"]을(를) 소멸시킵니다.

2022-12-12 04:33:24 Apache Commons Daemon procrun stderr initialized.
12-Dec-2022 04:33:24.598 정보 [main] org.apache.catalina.startup.VersionLoggerListener.log 서버 버전 이름:    Apache Tomcat/9.0.65
12-Dec-2022 04:33:24.602 정보 [main] org.apache.catalina.startup.VersionLoggerListener.log Server 빌드 시각:  Jul 14 2022 12:28:53 UTC
12-Dec-2022 04:33:24.602 정보 [main] org.apache.catalina.startup.VersionLoggerListener.log Server 버전 번호:  9.0.65.0
12-Dec-2022 04:33:24.602 정보 [main] org.apache.catalina.startup.VersionLoggerListener.log 운영체제 이름:     Windows 10
12-Dec-2022 04:33:24.602 정보 [main] org.apache.catalina.startup.VersionLoggerListener.log 운영체제 버전:     10.0
12-Dec-2022 04:33:24.602 정보 [main] org.apache.catalina.startup.VersionLoggerListener.log 아키텍처:          amd64
12-Dec-2022 04:33:24.602 정보 [main] org.apache.catalina.startup.VersionLoggerListener.log 자바 홈:           C:\Program Files\Eclipse Adoptium\jdk-11.0.14.101-hotspot
12-Dec-2022 04:33:24.602 정보 [main] org.apache.catalina.startup.VersionLoggerListener.log JVM 버전:          11.0.14.1+1
12-Dec-2022 04:33:24.602 정보 [main] org.apache.catalina.startup.VersionLoggerListener.log JVM 벤더:          Eclipse Adoptium
12-Dec-2022 04:33:24.603 정보 [main] org.apache.catalina.startup.VersionLoggerListener.log CATALINA_BASE:     C:\fundmentals\apache-tomcat-9.0.65
12-Dec-2022 04:33:24.603 정보 [main] org.apache.catalina.startup.VersionLoggerListener.log CATALINA_HOME:     C:\fundmentals\apache-tomcat-9.0.65
12-Dec-2022 04:33:24.612 정보 [main] org.apache.catalina.startup.VersionLoggerListener.log 명령 행 아규먼트:  -Dcatalina.home=C:\fundmentals\apache-tomcat-9.0.65
12-Dec-2022 04:33:24.613 정보 [main] org.apache.catalina.startup.VersionLoggerListener.log 명령 행 아규먼트:  -Dcatalina.base=C:\fundmentals\apache-tomcat-9.0.65
12-Dec-2022 04:33:24.613 정보 [main] org.apache.catalina.startup.VersionLoggerListener.log 명령 행 아규먼트:  -Dignore.endorsed.dirs=C:\fundmentals\apache-tomcat-9.0.65\endorsed
12-Dec-2022 04:33:24.613 정보 [main] org.apache.catalina.startup.VersionLoggerListener.log 명령 행 아규먼트:  -Djava.io.tmpdir=C:\fundmentals\apache-tomcat-9.0.65\temp
12-Dec-2022 04:33:24.613 정보 [main] org.apache.catalina.startup.VersionLoggerListener.log 명령 행 아규먼트:  -Djava.util.logging.manager=org.apache.juli.ClassLoaderLogManager
12-Dec-2022 04:33:24.613 정보 [main] org.apache.catalina.startup.VersionLoggerListener.log 명령 행 아규먼트:  -Djava.util.logging.config.file=C:\fundmentals\apache-tomcat-9.0.65\conf\logging.properties
12-Dec-2022 04:33:24.613 정보 [main] org.apache.catalina.startup.VersionLoggerListener.log 명령 행 아규먼트:  --add-opens=java.base/java.lang=ALL-UNNAMED
12-Dec-2022 04:33:24.613 정보 [main] org.apache.catalina.startup.VersionLoggerListener.log 명령 행 아규먼트:  --add-opens=java.base/java.io=ALL-UNNAMED
12-Dec-2022 04:33:24.614 정보 [main] org.apache.catalina.startup.VersionLoggerListener.log 명령 행 아규먼트:  --add-opens=java.base/java.util=ALL-UNNAMED
12-Dec-2022 04:33:24.614 정보 [main] org.apache.catalina.startup.VersionLoggerListener.log 명령 행 아규먼트:  --add-opens=java.base/java.util.concurrent=ALL-UNNAMED
12-Dec-2022 04:33:24.614 정보 [main] org.apache.catalina.startup.VersionLoggerListener.log 명령 행 아규먼트:  --add-opens=java.rmi/sun.rmi.transport=ALL-UNNAMED
12-Dec-2022 04:33:24.614 정보 [main] org.apache.catalina.startup.VersionLoggerListener.log 명령 행 아규먼트:  exit
12-Dec-2022 04:33:24.614 정보 [main] org.apache.catalina.startup.VersionLoggerListener.log 명령 행 아규먼트:  abort
12-Dec-2022 04:33:24.614 정보 [main] org.apache.catalina.startup.VersionLoggerListener.log 명령 행 아규먼트:  -Xms128m
12-Dec-2022 04:33:24.614 정보 [main] org.apache.catalina.startup.VersionLoggerListener.log 명령 행 아규먼트:  -Xmx256m
12-Dec-2022 04:33:24.618 정보 [main] org.apache.catalina.core.AprLifecycleListener.lifecycleEvent APR 버전 [1.7.0]을(를) 사용한, APR 기반 Apache Tomcat Native 라이브러리 [1.2.35]을(를) 로드했습니다.
12-Dec-2022 04:33:24.618 정보 [main] org.apache.catalina.core.AprLifecycleListener.lifecycleEvent APR 용량정보들: IPv6 [true], sendfile [true], accept filters [false], random [true], UDS [true].
12-Dec-2022 04:33:24.618 정보 [main] org.apache.catalina.core.AprLifecycleListener.lifecycleEvent APR/OpenSSL 설정: useAprConnector [false], useOpenSSL [true]
12-Dec-2022 04:33:24.623 정보 [main] org.apache.catalina.core.AprLifecycleListener.initializeSSL OpenSSL이 성공적으로 초기화되었습니다: [OpenSSL 1.1.1q  5 Jul 2022]
12-Dec-2022 04:33:24.865 정보 [main] org.apache.coyote.AbstractProtocol.init 프로토콜 핸들러 ["http-nio-8081"]을(를) 초기화합니다.
12-Dec-2022 04:33:24.889 정보 [main] org.apache.catalina.startup.Catalina.load [535] 밀리초 내에 서버가 초기화되었습니다.
12-Dec-2022 04:33:24.946 정보 [main] org.apache.catalina.core.StandardService.startInternal 서비스 [Catalina]을(를) 시작합니다.
12-Dec-2022 04:33:24.946 정보 [main] org.apache.catalina.core.StandardEngine.startInternal 서버 엔진을 시작합니다: [Apache Tomcat/9.0.65]
12-Dec-2022 04:33:24.957 정보 [main] org.apache.catalina.startup.HostConfig.deployDirectory 웹 애플리케이션 디렉토리 [C:\fundmentals\apache-tomcat-9.0.65\webapps\docs]을(를) 배치합니다.
12-Dec-2022 04:33:25.443 경고 [main] org.apache.catalina.util.SessionIdGeneratorBase.createSecureRandom [SHA1PRNG] 알고리즘을 사용하여, 세션 ID를 생성하기 위한 SecureRandom 객체를 생성하는데, [208] 밀리초가 소요됐습니다.
12-Dec-2022 04:33:25.467 정보 [main] org.apache.catalina.startup.HostConfig.deployDirectory 웹 애플리케이션 디렉토리 [C:\fundmentals\apache-tomcat-9.0.65\webapps\docs]에 대한 배치가 [510] 밀리초에 완료되었습니다.
12-Dec-2022 04:33:25.468 정보 [main] org.apache.catalina.startup.HostConfig.deployDirectory 웹 애플리케이션 디렉토리 [C:\fundmentals\apache-tomcat-9.0.65\webapps\examples]을(를) 배치합니다.
12-Dec-2022 04:33:26.005 정보 [main] org.apache.catalina.startup.HostConfig.deployDirectory 웹 애플리케이션 디렉토리 [C:\fundmentals\apache-tomcat-9.0.65\webapps\examples]에 대한 배치가 [537] 밀리초에 완료되었습니다.
12-Dec-2022 04:33:26.005 정보 [main] org.apache.catalina.startup.HostConfig.deployDirectory 웹 애플리케이션 디렉토리 [C:\fundmentals\apache-tomcat-9.0.65\webapps\Gradle___iducs_jw201912022___servlet_jsp_1_0_SNAPSHOT_war]을(를) 배치합니다.
12-Dec-2022 04:33:26.064 정보 [main] org.apache.catalina.startup.HostConfig.deployDirectory 웹 애플리케이션 디렉토리 [C:\fundmentals\apache-tomcat-9.0.65\webapps\Gradle___iducs_jw201912022___servlet_jsp_1_0_SNAPSHOT_war]에 대한 배치가 [58] 밀리초에 완료되었습니다.
12-Dec-2022 04:33:26.064 정보 [main] org.apache.catalina.startup.HostConfig.deployDirectory 웹 애플리케이션 디렉토리 [C:\fundmentals\apache-tomcat-9.0.65\webapps\host-manager]을(를) 배치합니다.
12-Dec-2022 04:33:26.101 정보 [main] org.apache.catalina.startup.HostConfig.deployDirectory 웹 애플리케이션 디렉토리 [C:\fundmentals\apache-tomcat-9.0.65\webapps\host-manager]에 대한 배치가 [37] 밀리초에 완료되었습니다.
12-Dec-2022 04:33:26.102 정보 [main] org.apache.catalina.startup.HostConfig.deployDirectory 웹 애플리케이션 디렉토리 [C:\fundmentals\apache-tomcat-9.0.65\webapps\manager]을(를) 배치합니다.
12-Dec-2022 04:33:26.138 정보 [main] org.apache.catalina.startup.HostConfig.deployDirectory 웹 애플리케이션 디렉토리 [C:\fundmentals\apache-tomcat-9.0.65\webapps\manager]에 대한 배치가 [36] 밀리초에 완료되었습니다.
12-Dec-2022 04:33:26.138 정보 [main] org.apache.catalina.startup.HostConfig.deployDirectory 웹 애플리케이션 디렉토리 [C:\fundmentals\apache-tomcat-9.0.65\webapps\project]을(를) 배치합니다.
12-Dec-2022 04:33:26.165 정보 [main] org.apache.catalina.startup.HostConfig.deployDirectory 웹 애플리케이션 디렉토리 [C:\fundmentals\apache-tomcat-9.0.65\webapps\project]에 대한 배치가 [27] 밀리초에 완료되었습니다.
12-Dec-2022 04:33:26.165 정보 [main] org.apache.catalina.startup.HostConfig.deployDirectory 웹 애플리케이션 디렉토리 [C:\fundmentals\apache-tomcat-9.0.65\webapps\ROOT]을(를) 배치합니다.
12-Dec-2022 04:33:26.194 정보 [main] org.apache.catalina.startup.HostConfig.deployDirectory 웹 애플리케이션 디렉토리 [C:\fundmentals\apache-tomcat-9.0.65\webapps\ROOT]에 대한 배치가 [28] 밀리초에 완료되었습니다.
12-Dec-2022 04:33:26.198 정보 [main] org.apache.coyote.AbstractProtocol.start 프로토콜 핸들러 ["http-nio-8081"]을(를) 시작합니다.
12-Dec-2022 04:33:26.388 정보 [main] org.apache.catalina.startup.Catalina.start 서버가 [1498] 밀리초 내에 시작되었습니다.
12-Dec-2022 07:52:37.644 정보 [http-nio-8081-exec-9] org.apache.coyote.http11.Http11Processor.service HTTP 요청 헤더를 파싱하는 중 오류 발생
 비고: HTTP 요청 파싱 오류들이 더 발생하는 경우 DEBUG 레벨 로그로 기록될 것입니다.
	java.lang.IllegalArgumentException: 메소드 이름에 유효하지 않은 문자가 발견되었습니다. HTTP 메소드 이름은 유효한 토큰이어야 합니다.
		at org.apache.coyote.http11.Http11InputBuffer.parseRequestLine(Http11InputBuffer.java:419)
		at org.apache.coyote.http11.Http11Processor.service(Http11Processor.java:271)
		at org.apache.coyote.AbstractProcessorLight.process(AbstractProcessorLight.java:65)
		at org.apache.coyote.AbstractProtocol$ConnectionHandler.process(AbstractProtocol.java:890)
		at org.apache.tomcat.util.net.NioEndpoint$SocketProcessor.doRun(NioEndpoint.java:1789)
		at org.apache.tomcat.util.net.SocketProcessorBase.run(SocketProcessorBase.java:49)
		at org.apache.tomcat.util.threads.ThreadPoolExecutor.runWorker(ThreadPoolExecutor.java:1191)
		at org.apache.tomcat.util.threads.ThreadPoolExecutor$Worker.run(ThreadPoolExecutor.java:659)
		at org.apache.tomcat.util.threads.TaskThread$WrappingRunnable.run(TaskThread.java:61)
		at java.base/java.lang.Thread.run(Thread.java:829)
12-Dec-2022 23:14:10.861 정보 [Thread-3] org.apache.coyote.AbstractProtocol.pause 프로토콜 핸들러 ["http-nio-8081"]을(를) 일시 정지 중
12-Dec-2022 23:14:11.090 정보 [Thread-3] org.apache.catalina.core.StandardService.stopInternal 서비스 [Catalina]을(를) 중지시킵니다.
12-Dec-2022 23:14:11.177 정보 [Thread-3] org.apache.coyote.AbstractProtocol.stop 프로토콜 핸들러 ["http-nio-8081"]을(를) 중지시킵니다.
12-Dec-2022 23:14:11.198 정보 [Thread-3] org.apache.coyote.AbstractProtocol.destroy 프로토콜 핸들러 ["http-nio-8081"]을(를) 소멸시킵니다.
