
2022-12-15 23:34:30 Apache Commons Daemon procrun stderr initialized.
15-Dec-2022 23:34:30.732 정보 [main] org.apache.catalina.startup.VersionLoggerListener.log 서버 버전 이름:    Apache Tomcat/9.0.65
15-Dec-2022 23:34:30.738 정보 [main] org.apache.catalina.startup.VersionLoggerListener.log Server 빌드 시각:  Jul 14 2022 12:28:53 UTC
15-Dec-2022 23:34:30.738 정보 [main] org.apache.catalina.startup.VersionLoggerListener.log Server 버전 번호:  9.0.65.0
15-Dec-2022 23:34:30.739 정보 [main] org.apache.catalina.startup.VersionLoggerListener.log 운영체제 이름:     Windows 10
15-Dec-2022 23:34:30.739 정보 [main] org.apache.catalina.startup.VersionLoggerListener.log 운영체제 버전:     10.0
15-Dec-2022 23:34:30.739 정보 [main] org.apache.catalina.startup.VersionLoggerListener.log 아키텍처:          amd64
15-Dec-2022 23:34:30.739 정보 [main] org.apache.catalina.startup.VersionLoggerListener.log 자바 홈:           C:\Program Files\Eclipse Adoptium\jdk-11.0.14.101-hotspot
15-Dec-2022 23:34:30.739 정보 [main] org.apache.catalina.startup.VersionLoggerListener.log JVM 버전:          11.0.14.1+1
15-Dec-2022 23:34:30.739 정보 [main] org.apache.catalina.startup.VersionLoggerListener.log JVM 벤더:          Eclipse Adoptium
15-Dec-2022 23:34:30.740 정보 [main] org.apache.catalina.startup.VersionLoggerListener.log CATALINA_BASE:     C:\fundmentals\apache-tomcat-9.0.65
15-Dec-2022 23:34:30.740 정보 [main] org.apache.catalina.startup.VersionLoggerListener.log CATALINA_HOME:     C:\fundmentals\apache-tomcat-9.0.65
15-Dec-2022 23:34:30.755 정보 [main] org.apache.catalina.startup.VersionLoggerListener.log 명령 행 아규먼트:  -Dcatalina.home=C:\fundmentals\apache-tomcat-9.0.65
15-Dec-2022 23:34:30.756 정보 [main] org.apache.catalina.startup.VersionLoggerListener.log 명령 행 아규먼트:  -Dcatalina.base=C:\fundmentals\apache-tomcat-9.0.65
15-Dec-2022 23:34:30.756 정보 [main] org.apache.catalina.startup.VersionLoggerListener.log 명령 행 아규먼트:  -Dignore.endorsed.dirs=C:\fundmentals\apache-tomcat-9.0.65\endorsed
15-Dec-2022 23:34:30.756 정보 [main] org.apache.catalina.startup.VersionLoggerListener.log 명령 행 아규먼트:  -Djava.io.tmpdir=C:\fundmentals\apache-tomcat-9.0.65\temp
15-Dec-2022 23:34:30.756 정보 [main] org.apache.catalina.startup.VersionLoggerListener.log 명령 행 아규먼트:  -Djava.util.logging.manager=org.apache.juli.ClassLoaderLogManager
15-Dec-2022 23:34:30.756 정보 [main] org.apache.catalina.startup.VersionLoggerListener.log 명령 행 아규먼트:  -Djava.util.logging.config.file=C:\fundmentals\apache-tomcat-9.0.65\conf\logging.properties
15-Dec-2022 23:34:30.757 정보 [main] org.apache.catalina.startup.VersionLoggerListener.log 명령 행 아규먼트:  --add-opens=java.base/java.lang=ALL-UNNAMED
15-Dec-2022 23:34:30.757 정보 [main] org.apache.catalina.startup.VersionLoggerListener.log 명령 행 아규먼트:  --add-opens=java.base/java.io=ALL-UNNAMED
15-Dec-2022 23:34:30.757 정보 [main] org.apache.catalina.startup.VersionLoggerListener.log 명령 행 아규먼트:  --add-opens=java.base/java.util=ALL-UNNAMED
15-Dec-2022 23:34:30.757 정보 [main] org.apache.catalina.startup.VersionLoggerListener.log 명령 행 아규먼트:  --add-opens=java.base/java.util.concurrent=ALL-UNNAMED
15-Dec-2022 23:34:30.757 정보 [main] org.apache.catalina.startup.VersionLoggerListener.log 명령 행 아규먼트:  --add-opens=java.rmi/sun.rmi.transport=ALL-UNNAMED
15-Dec-2022 23:34:30.757 정보 [main] org.apache.catalina.startup.VersionLoggerListener.log 명령 행 아규먼트:  exit
15-Dec-2022 23:34:30.758 정보 [main] org.apache.catalina.startup.VersionLoggerListener.log 명령 행 아규먼트:  abort
15-Dec-2022 23:34:30.758 정보 [main] org.apache.catalina.startup.VersionLoggerListener.log 명령 행 아규먼트:  -Xms128m
15-Dec-2022 23:34:30.758 정보 [main] org.apache.catalina.startup.VersionLoggerListener.log 명령 행 아규먼트:  -Xmx256m
15-Dec-2022 23:34:30.763 정보 [main] org.apache.catalina.core.AprLifecycleListener.lifecycleEvent APR 버전 [1.7.0]을(를) 사용한, APR 기반 Apache Tomcat Native 라이브러리 [1.2.35]을(를) 로드했습니다.
15-Dec-2022 23:34:30.763 정보 [main] org.apache.catalina.core.AprLifecycleListener.lifecycleEvent APR 용량정보들: IPv6 [true], sendfile [true], accept filters [false], random [true], UDS [true].
15-Dec-2022 23:34:30.764 정보 [main] org.apache.catalina.core.AprLifecycleListener.lifecycleEvent APR/OpenSSL 설정: useAprConnector [false], useOpenSSL [true]
15-Dec-2022 23:34:30.771 정보 [main] org.apache.catalina.core.AprLifecycleListener.initializeSSL OpenSSL이 성공적으로 초기화되었습니다: [OpenSSL 1.1.1q  5 Jul 2022]
15-Dec-2022 23:34:31.120 정보 [main] org.apache.coyote.AbstractProtocol.init 프로토콜 핸들러 ["http-nio-8081"]을(를) 초기화합니다.
15-Dec-2022 23:34:31.142 심각 [main] org.apache.catalina.util.LifecycleBase.handleSubClassException 구성요소 [Connector[HTTP/1.1-8081]]을(를) 초기화하지 못했습니다.
	org.apache.catalina.LifecycleException: 프로토콜 핸들러 초기화가 실패했습니다.
		at org.apache.catalina.connector.Connector.initInternal(Connector.java:1051)
		at org.apache.catalina.util.LifecycleBase.init(LifecycleBase.java:136)
		at org.apache.catalina.core.StandardService.initInternal(StandardService.java:556)
		at org.apache.catalina.util.LifecycleBase.init(LifecycleBase.java:136)
		at org.apache.catalina.core.StandardServer.initInternal(StandardServer.java:1045)
		at org.apache.catalina.util.LifecycleBase.init(LifecycleBase.java:136)
		at org.apache.catalina.startup.Catalina.load(Catalina.java:724)
		at org.apache.catalina.startup.Catalina.load(Catalina.java:746)
		at java.base/jdk.internal.reflect.NativeMethodAccessorImpl.invoke0(Native Method)
		at java.base/jdk.internal.reflect.NativeMethodAccessorImpl.invoke(NativeMethodAccessorImpl.java:62)
		at java.base/jdk.internal.reflect.DelegatingMethodAccessorImpl.invoke(DelegatingMethodAccessorImpl.java:43)
		at java.base/java.lang.reflect.Method.invoke(Method.java:566)
		at org.apache.catalina.startup.Bootstrap.load(Bootstrap.java:305)
		at org.apache.catalina.startup.Bootstrap.main(Bootstrap.java:475)
	Caused by: java.net.BindException: Address already in use: bind
		at java.base/sun.nio.ch.Net.bind0(Native Method)
		at java.base/sun.nio.ch.Net.bind(Net.java:459)
		at java.base/sun.nio.ch.Net.bind(Net.java:448)
		at java.base/sun.nio.ch.ServerSocketChannelImpl.bind(ServerSocketChannelImpl.java:227)
		at org.apache.tomcat.util.net.NioEndpoint.initServerSocket(NioEndpoint.java:275)
		at org.apache.tomcat.util.net.NioEndpoint.bind(NioEndpoint.java:230)
		at org.apache.tomcat.util.net.AbstractEndpoint.bindWithCleanup(AbstractEndpoint.java:1227)
		at org.apache.tomcat.util.net.AbstractEndpoint.init(AbstractEndpoint.java:1240)
		at org.apache.coyote.AbstractProtocol.init(AbstractProtocol.java:603)
		at org.apache.coyote.http11.AbstractHttp11Protocol.init(AbstractHttp11Protocol.java:80)
		at org.apache.catalina.connector.Connector.initInternal(Connector.java:1048)
		... 13 more
15-Dec-2022 23:34:31.144 정보 [main] org.apache.catalina.startup.Catalina.load [707] 밀리초 내에 서버가 초기화되었습니다.
15-Dec-2022 23:34:31.227 정보 [main] org.apache.catalina.core.StandardService.startInternal 서비스 [Catalina]을(를) 시작합니다.
15-Dec-2022 23:34:31.228 정보 [main] org.apache.catalina.core.StandardEngine.startInternal 서버 엔진을 시작합니다: [Apache Tomcat/9.0.65]
15-Dec-2022 23:34:31.245 정보 [main] org.apache.catalina.startup.HostConfig.deployDirectory 웹 애플리케이션 디렉토리 [C:\fundmentals\apache-tomcat-9.0.65\webapps\docs]을(를) 배치합니다.
15-Dec-2022 23:34:31.916 경고 [main] org.apache.catalina.util.SessionIdGeneratorBase.createSecureRandom [SHA1PRNG] 알고리즘을 사용하여, 세션 ID를 생성하기 위한 SecureRandom 객체를 생성하는데, [234] 밀리초가 소요됐습니다.
15-Dec-2022 23:34:31.944 정보 [main] org.apache.catalina.startup.HostConfig.deployDirectory 웹 애플리케이션 디렉토리 [C:\fundmentals\apache-tomcat-9.0.65\webapps\docs]에 대한 배치가 [700] 밀리초에 완료되었습니다.
15-Dec-2022 23:34:31.944 정보 [main] org.apache.catalina.startup.HostConfig.deployDirectory 웹 애플리케이션 디렉토리 [C:\fundmentals\apache-tomcat-9.0.65\webapps\examples]을(를) 배치합니다.
15-Dec-2022 23:34:32.618 정보 [main] org.apache.catalina.startup.HostConfig.deployDirectory 웹 애플리케이션 디렉토리 [C:\fundmentals\apache-tomcat-9.0.65\webapps\examples]에 대한 배치가 [674] 밀리초에 완료되었습니다.
15-Dec-2022 23:34:32.619 정보 [main] org.apache.catalina.startup.HostConfig.deployDirectory 웹 애플리케이션 디렉토리 [C:\fundmentals\apache-tomcat-9.0.65\webapps\Gradle___iducs_jw201912022___servlet_jsp_1_0_SNAPSHOT_war]을(를) 배치합니다.
15-Dec-2022 23:34:32.698 정보 [main] org.apache.catalina.startup.HostConfig.deployDirectory 웹 애플리케이션 디렉토리 [C:\fundmentals\apache-tomcat-9.0.65\webapps\Gradle___iducs_jw201912022___servlet_jsp_1_0_SNAPSHOT_war]에 대한 배치가 [79] 밀리초에 완료되었습니다.
15-Dec-2022 23:34:32.699 정보 [main] org.apache.catalina.startup.HostConfig.deployDirectory 웹 애플리케이션 디렉토리 [C:\fundmentals\apache-tomcat-9.0.65\webapps\host-manager]을(를) 배치합니다.
15-Dec-2022 23:34:32.751 정보 [main] org.apache.catalina.startup.HostConfig.deployDirectory 웹 애플리케이션 디렉토리 [C:\fundmentals\apache-tomcat-9.0.65\webapps\host-manager]에 대한 배치가 [52] 밀리초에 완료되었습니다.
15-Dec-2022 23:34:32.751 정보 [main] org.apache.catalina.startup.HostConfig.deployDirectory 웹 애플리케이션 디렉토리 [C:\fundmentals\apache-tomcat-9.0.65\webapps\manager]을(를) 배치합니다.
15-Dec-2022 23:34:32.804 정보 [main] org.apache.catalina.startup.HostConfig.deployDirectory 웹 애플리케이션 디렉토리 [C:\fundmentals\apache-tomcat-9.0.65\webapps\manager]에 대한 배치가 [53] 밀리초에 완료되었습니다.
15-Dec-2022 23:34:32.804 정보 [main] org.apache.catalina.startup.HostConfig.deployDirectory 웹 애플리케이션 디렉토리 [C:\fundmentals\apache-tomcat-9.0.65\webapps\project]을(를) 배치합니다.
15-Dec-2022 23:34:32.844 정보 [main] org.apache.catalina.startup.HostConfig.deployDirectory 웹 애플리케이션 디렉토리 [C:\fundmentals\apache-tomcat-9.0.65\webapps\project]에 대한 배치가 [40] 밀리초에 완료되었습니다.
15-Dec-2022 23:34:32.844 정보 [main] org.apache.catalina.startup.HostConfig.deployDirectory 웹 애플리케이션 디렉토리 [C:\fundmentals\apache-tomcat-9.0.65\webapps\ROOT]을(를) 배치합니다.
15-Dec-2022 23:34:32.883 정보 [main] org.apache.catalina.startup.HostConfig.deployDirectory 웹 애플리케이션 디렉토리 [C:\fundmentals\apache-tomcat-9.0.65\webapps\ROOT]에 대한 배치가 [39] 밀리초에 완료되었습니다.
15-Dec-2022 23:34:32.883 정보 [main] org.apache.catalina.startup.HostConfig.deployDirectory 웹 애플리케이션 디렉토리 [C:\fundmentals\apache-tomcat-9.0.65\webapps\ttt]을(를) 배치합니다.
15-Dec-2022 23:34:32.920 정보 [main] org.apache.catalina.startup.HostConfig.deployDirectory 웹 애플리케이션 디렉토리 [C:\fundmentals\apache-tomcat-9.0.65\webapps\ttt]에 대한 배치가 [37] 밀리초에 완료되었습니다.
15-Dec-2022 23:34:32.926 정보 [main] org.apache.catalina.startup.Catalina.start 서버가 [1781] 밀리초 내에 시작되었습니다.
15-Dec-2022 23:34:32.935 심각 [main] org.apache.catalina.core.StandardServer.await 주소 [localhost]와(과) 포트 [8005]에, 서버 셧다운 소켓을 생성하지 못했습니다. (base 포트 [8005], offset [0])
	java.net.BindException: Address already in use: NET_Bind
		at java.base/java.net.PlainSocketImpl.bind0(Native Method)
		at java.base/java.net.PlainSocketImpl.socketBind(PlainSocketImpl.java:132)
		at java.base/java.net.AbstractPlainSocketImpl.bind(AbstractPlainSocketImpl.java:452)
		at java.base/java.net.ServerSocket.bind(ServerSocket.java:395)
		at java.base/java.net.ServerSocket.<init>(ServerSocket.java:257)
		at org.apache.catalina.core.StandardServer.await(StandardServer.java:580)
		at org.apache.catalina.startup.Catalina.await(Catalina.java:864)
		at org.apache.catalina.startup.Catalina.start(Catalina.java:810)
		at java.base/jdk.internal.reflect.NativeMethodAccessorImpl.invoke0(Native Method)
		at java.base/jdk.internal.reflect.NativeMethodAccessorImpl.invoke(NativeMethodAccessorImpl.java:62)
		at java.base/jdk.internal.reflect.DelegatingMethodAccessorImpl.invoke(DelegatingMethodAccessorImpl.java:43)
		at java.base/java.lang.reflect.Method.invoke(Method.java:566)
		at org.apache.catalina.startup.Bootstrap.start(Bootstrap.java:345)
		at org.apache.catalina.startup.Bootstrap.main(Bootstrap.java:476)
15-Dec-2022 23:34:32.936 정보 [main] org.apache.coyote.AbstractProtocol.pause 프로토콜 핸들러 ["http-nio-8081"]을(를) 일시 정지 중
15-Dec-2022 23:34:32.936 정보 [main] org.apache.catalina.core.StandardService.stopInternal 서비스 [Catalina]을(를) 중지시킵니다.
15-Dec-2022 23:34:32.964 정보 [main] org.apache.coyote.AbstractProtocol.stop 프로토콜 핸들러 ["http-nio-8081"]을(를) 중지시킵니다.
15-Dec-2022 23:34:32.965 정보 [main] org.apache.coyote.AbstractProtocol.destroy 프로토콜 핸들러 ["http-nio-8081"]을(를) 소멸시킵니다.

2022-12-15 23:34:52 Apache Commons Daemon procrun stderr initialized.
15-Dec-2022 23:34:53.276 정보 [main] org.apache.catalina.startup.VersionLoggerListener.log 서버 버전 이름:    Apache Tomcat/9.0.65
15-Dec-2022 23:34:53.281 정보 [main] org.apache.catalina.startup.VersionLoggerListener.log Server 빌드 시각:  Jul 14 2022 12:28:53 UTC
15-Dec-2022 23:34:53.282 정보 [main] org.apache.catalina.startup.VersionLoggerListener.log Server 버전 번호:  9.0.65.0
15-Dec-2022 23:34:53.282 정보 [main] org.apache.catalina.startup.VersionLoggerListener.log 운영체제 이름:     Windows 10
15-Dec-2022 23:34:53.282 정보 [main] org.apache.catalina.startup.VersionLoggerListener.log 운영체제 버전:     10.0
15-Dec-2022 23:34:53.282 정보 [main] org.apache.catalina.startup.VersionLoggerListener.log 아키텍처:          amd64
15-Dec-2022 23:34:53.282 정보 [main] org.apache.catalina.startup.VersionLoggerListener.log 자바 홈:           C:\Program Files\Eclipse Adoptium\jdk-11.0.14.101-hotspot
15-Dec-2022 23:34:53.283 정보 [main] org.apache.catalina.startup.VersionLoggerListener.log JVM 버전:          11.0.14.1+1
15-Dec-2022 23:34:53.283 정보 [main] org.apache.catalina.startup.VersionLoggerListener.log JVM 벤더:          Eclipse Adoptium
15-Dec-2022 23:34:53.283 정보 [main] org.apache.catalina.startup.VersionLoggerListener.log CATALINA_BASE:     C:\fundmentals\apache-tomcat-9.0.65
15-Dec-2022 23:34:53.283 정보 [main] org.apache.catalina.startup.VersionLoggerListener.log CATALINA_HOME:     C:\fundmentals\apache-tomcat-9.0.65
15-Dec-2022 23:34:53.297 정보 [main] org.apache.catalina.startup.VersionLoggerListener.log 명령 행 아규먼트:  -Dcatalina.home=C:\fundmentals\apache-tomcat-9.0.65
15-Dec-2022 23:34:53.297 정보 [main] org.apache.catalina.startup.VersionLoggerListener.log 명령 행 아규먼트:  -Dcatalina.base=C:\fundmentals\apache-tomcat-9.0.65
15-Dec-2022 23:34:53.297 정보 [main] org.apache.catalina.startup.VersionLoggerListener.log 명령 행 아규먼트:  -Dignore.endorsed.dirs=C:\fundmentals\apache-tomcat-9.0.65\endorsed
15-Dec-2022 23:34:53.298 정보 [main] org.apache.catalina.startup.VersionLoggerListener.log 명령 행 아규먼트:  -Djava.io.tmpdir=C:\fundmentals\apache-tomcat-9.0.65\temp
15-Dec-2022 23:34:53.298 정보 [main] org.apache.catalina.startup.VersionLoggerListener.log 명령 행 아규먼트:  -Djava.util.logging.manager=org.apache.juli.ClassLoaderLogManager
15-Dec-2022 23:34:53.298 정보 [main] org.apache.catalina.startup.VersionLoggerListener.log 명령 행 아규먼트:  -Djava.util.logging.config.file=C:\fundmentals\apache-tomcat-9.0.65\conf\logging.properties
15-Dec-2022 23:34:53.298 정보 [main] org.apache.catalina.startup.VersionLoggerListener.log 명령 행 아규먼트:  --add-opens=java.base/java.lang=ALL-UNNAMED
15-Dec-2022 23:34:53.298 정보 [main] org.apache.catalina.startup.VersionLoggerListener.log 명령 행 아규먼트:  --add-opens=java.base/java.io=ALL-UNNAMED
15-Dec-2022 23:34:53.298 정보 [main] org.apache.catalina.startup.VersionLoggerListener.log 명령 행 아규먼트:  --add-opens=java.base/java.util=ALL-UNNAMED
15-Dec-2022 23:34:53.298 정보 [main] org.apache.catalina.startup.VersionLoggerListener.log 명령 행 아규먼트:  --add-opens=java.base/java.util.concurrent=ALL-UNNAMED
15-Dec-2022 23:34:53.298 정보 [main] org.apache.catalina.startup.VersionLoggerListener.log 명령 행 아규먼트:  --add-opens=java.rmi/sun.rmi.transport=ALL-UNNAMED
15-Dec-2022 23:34:53.299 정보 [main] org.apache.catalina.startup.VersionLoggerListener.log 명령 행 아규먼트:  exit
15-Dec-2022 23:34:53.299 정보 [main] org.apache.catalina.startup.VersionLoggerListener.log 명령 행 아규먼트:  abort
15-Dec-2022 23:34:53.299 정보 [main] org.apache.catalina.startup.VersionLoggerListener.log 명령 행 아규먼트:  -Xms128m
15-Dec-2022 23:34:53.299 정보 [main] org.apache.catalina.startup.VersionLoggerListener.log 명령 행 아규먼트:  -Xmx256m
15-Dec-2022 23:34:53.304 정보 [main] org.apache.catalina.core.AprLifecycleListener.lifecycleEvent APR 버전 [1.7.0]을(를) 사용한, APR 기반 Apache Tomcat Native 라이브러리 [1.2.35]을(를) 로드했습니다.
15-Dec-2022 23:34:53.304 정보 [main] org.apache.catalina.core.AprLifecycleListener.lifecycleEvent APR 용량정보들: IPv6 [true], sendfile [true], accept filters [false], random [true], UDS [true].
15-Dec-2022 23:34:53.305 정보 [main] org.apache.catalina.core.AprLifecycleListener.lifecycleEvent APR/OpenSSL 설정: useAprConnector [false], useOpenSSL [true]
15-Dec-2022 23:34:53.312 정보 [main] org.apache.catalina.core.AprLifecycleListener.initializeSSL OpenSSL이 성공적으로 초기화되었습니다: [OpenSSL 1.1.1q  5 Jul 2022]
15-Dec-2022 23:34:53.687 정보 [main] org.apache.coyote.AbstractProtocol.init 프로토콜 핸들러 ["http-nio-8081"]을(를) 초기화합니다.
15-Dec-2022 23:34:53.736 정보 [main] org.apache.catalina.startup.Catalina.load [726] 밀리초 내에 서버가 초기화되었습니다.
15-Dec-2022 23:34:53.855 정보 [main] org.apache.catalina.core.StandardService.startInternal 서비스 [Catalina]을(를) 시작합니다.
15-Dec-2022 23:34:53.856 정보 [main] org.apache.catalina.core.StandardEngine.startInternal 서버 엔진을 시작합니다: [Apache Tomcat/9.0.65]
15-Dec-2022 23:34:53.871 정보 [main] org.apache.catalina.startup.HostConfig.deployDirectory 웹 애플리케이션 디렉토리 [C:\fundmentals\apache-tomcat-9.0.65\webapps\docs]을(를) 배치합니다.
15-Dec-2022 23:34:54.401 경고 [main] org.apache.catalina.util.SessionIdGeneratorBase.createSecureRandom [SHA1PRNG] 알고리즘을 사용하여, 세션 ID를 생성하기 위한 SecureRandom 객체를 생성하는데, [216] 밀리초가 소요됐습니다.
15-Dec-2022 23:34:54.427 정보 [main] org.apache.catalina.startup.HostConfig.deployDirectory 웹 애플리케이션 디렉토리 [C:\fundmentals\apache-tomcat-9.0.65\webapps\docs]에 대한 배치가 [556] 밀리초에 완료되었습니다.
15-Dec-2022 23:34:54.427 정보 [main] org.apache.catalina.startup.HostConfig.deployDirectory 웹 애플리케이션 디렉토리 [C:\fundmentals\apache-tomcat-9.0.65\webapps\examples]을(를) 배치합니다.
15-Dec-2022 23:34:55.052 정보 [main] org.apache.catalina.startup.HostConfig.deployDirectory 웹 애플리케이션 디렉토리 [C:\fundmentals\apache-tomcat-9.0.65\webapps\examples]에 대한 배치가 [625] 밀리초에 완료되었습니다.
15-Dec-2022 23:34:55.053 정보 [main] org.apache.catalina.startup.HostConfig.deployDirectory 웹 애플리케이션 디렉토리 [C:\fundmentals\apache-tomcat-9.0.65\webapps\Gradle___iducs_jw201912022___servlet_jsp_1_0_SNAPSHOT_war]을(를) 배치합니다.
15-Dec-2022 23:34:55.131 정보 [main] org.apache.catalina.startup.HostConfig.deployDirectory 웹 애플리케이션 디렉토리 [C:\fundmentals\apache-tomcat-9.0.65\webapps\Gradle___iducs_jw201912022___servlet_jsp_1_0_SNAPSHOT_war]에 대한 배치가 [78] 밀리초에 완료되었습니다.
15-Dec-2022 23:34:55.131 정보 [main] org.apache.catalina.startup.HostConfig.deployDirectory 웹 애플리케이션 디렉토리 [C:\fundmentals\apache-tomcat-9.0.65\webapps\host-manager]을(를) 배치합니다.
15-Dec-2022 23:34:55.202 정보 [main] org.apache.catalina.startup.HostConfig.deployDirectory 웹 애플리케이션 디렉토리 [C:\fundmentals\apache-tomcat-9.0.65\webapps\host-manager]에 대한 배치가 [71] 밀리초에 완료되었습니다.
15-Dec-2022 23:34:55.203 정보 [main] org.apache.catalina.startup.HostConfig.deployDirectory 웹 애플리케이션 디렉토리 [C:\fundmentals\apache-tomcat-9.0.65\webapps\manager]을(를) 배치합니다.
15-Dec-2022 23:34:55.276 정보 [main] org.apache.catalina.startup.HostConfig.deployDirectory 웹 애플리케이션 디렉토리 [C:\fundmentals\apache-tomcat-9.0.65\webapps\manager]에 대한 배치가 [73] 밀리초에 완료되었습니다.
15-Dec-2022 23:34:55.276 정보 [main] org.apache.catalina.startup.HostConfig.deployDirectory 웹 애플리케이션 디렉토리 [C:\fundmentals\apache-tomcat-9.0.65\webapps\project]을(를) 배치합니다.
15-Dec-2022 23:34:55.318 정보 [main] org.apache.catalina.startup.HostConfig.deployDirectory 웹 애플리케이션 디렉토리 [C:\fundmentals\apache-tomcat-9.0.65\webapps\project]에 대한 배치가 [42] 밀리초에 완료되었습니다.
15-Dec-2022 23:34:55.319 정보 [main] org.apache.catalina.startup.HostConfig.deployDirectory 웹 애플리케이션 디렉토리 [C:\fundmentals\apache-tomcat-9.0.65\webapps\ROOT]을(를) 배치합니다.
15-Dec-2022 23:34:55.361 정보 [main] org.apache.catalina.startup.HostConfig.deployDirectory 웹 애플리케이션 디렉토리 [C:\fundmentals\apache-tomcat-9.0.65\webapps\ROOT]에 대한 배치가 [42] 밀리초에 완료되었습니다.
15-Dec-2022 23:34:55.362 정보 [main] org.apache.catalina.startup.HostConfig.deployDirectory 웹 애플리케이션 디렉토리 [C:\fundmentals\apache-tomcat-9.0.65\webapps\ttt]을(를) 배치합니다.
15-Dec-2022 23:34:55.403 정보 [main] org.apache.catalina.startup.HostConfig.deployDirectory 웹 애플리케이션 디렉토리 [C:\fundmentals\apache-tomcat-9.0.65\webapps\ttt]에 대한 배치가 [41] 밀리초에 완료되었습니다.
15-Dec-2022 23:34:55.409 정보 [main] org.apache.coyote.AbstractProtocol.start 프로토콜 핸들러 ["http-nio-8081"]을(를) 시작합니다.
15-Dec-2022 23:34:55.690 정보 [main] org.apache.catalina.startup.Catalina.start 서버가 [1953] 밀리초 내에 시작되었습니다.
17-Dec-2022 19:25:47.232 정보 [http-nio-8081-exec-5] org.apache.coyote.http11.Http11Processor.service HTTP 요청 헤더를 파싱하는 중 오류 발생
 비고: HTTP 요청 파싱 오류들이 더 발생하는 경우 DEBUG 레벨 로그로 기록될 것입니다.
	java.lang.IllegalArgumentException: 메소드 이름에 유효하지 않은 문자가 발견되었습니다. HTTP 메소드 이름은 유효한 토큰이어야 합니다.
		at org.apache.coyote.http11.Http11InputBuffer.parseRequestLine(Http11InputBuffer.java:419)
		at org.apache.coyote.http11.Http11Processor.service(Http11Processor.java:271)
		at org.apache.coyote.AbstractProcessorLight.process(AbstractProcessorLight.java:65)
		at org.apache.coyote.AbstractProtocol$ConnectionHandler.process(AbstractProtocol.java:890)
		at org.apache.tomcat.util.net.NioEndpoint$SocketProcessor.doRun(NioEndpoint.java:1789)
		at org.apache.tomcat.util.net.SocketProcessorBase.run(SocketProcessorBase.java:49)
		at org.apache.tomcat.util.threads.ThreadPoolExecutor.runWorker(ThreadPoolExecutor.java:1191)
		at org.apache.tomcat.util.threads.ThreadPoolExecutor$Worker.run(ThreadPoolExecutor.java:659)
		at org.apache.tomcat.util.threads.TaskThread$WrappingRunnable.run(TaskThread.java:61)
		at java.base/java.lang.Thread.run(Thread.java:829)
17-Dec-2022 20:31:05.270 경고 [main] org.apache.catalina.core.StandardServer.await 유효하지 않은 셧다운 명령 []을(를) 받았습니다.
17-Dec-2022 20:34:24.049 경고 [main] org.apache.catalina.core.StandardServer.await 유효하지 않은 셧다운 명령 []을(를) 받았습니다.
17-Dec-2022 20:38:32.194 경고 [main] org.apache.catalina.core.StandardServer.await 유효하지 않은 셧다운 명령 []을(를) 받았습니다.
17-Dec-2022 20:44:01.251 경고 [main] org.apache.catalina.core.StandardServer.await 유효하지 않은 셧다운 명령 []을(를) 받았습니다.
17-Dec-2022 20:47:29.180 경고 [main] org.apache.catalina.core.StandardServer.await 유효하지 않은 셧다운 명령 []을(를) 받았습니다.
17-Dec-2022 20:48:43.512 경고 [main] org.apache.catalina.core.StandardServer.await 유효하지 않은 셧다운 명령 []을(를) 받았습니다.
17-Dec-2022 20:56:15.671 경고 [main] org.apache.catalina.core.StandardServer.await 유효하지 않은 셧다운 명령 []을(를) 받았습니다.
17-Dec-2022 20:57:16.025 경고 [main] org.apache.catalina.core.StandardServer.await 유효하지 않은 셧다운 명령 []을(를) 받았습니다.
17-Dec-2022 20:57:27.808 경고 [main] org.apache.catalina.core.StandardServer.await 유효하지 않은 셧다운 명령 []을(를) 받았습니다.
17-Dec-2022 20:57:57.971 경고 [main] org.apache.catalina.core.StandardServer.await 유효하지 않은 셧다운 명령 []을(를) 받았습니다.
17-Dec-2022 21:35:11.780 경고 [main] org.apache.catalina.core.StandardServer.await 유효하지 않은 셧다운 명령 []을(를) 받았습니다.
17-Dec-2022 21:37:48.227 경고 [main] org.apache.catalina.core.StandardServer.await 유효하지 않은 셧다운 명령 []을(를) 받았습니다.
17-Dec-2022 21:56:51.910 경고 [main] org.apache.catalina.core.StandardServer.await 유효하지 않은 셧다운 명령 []을(를) 받았습니다.
17-Dec-2022 22:38:45.824 경고 [main] org.apache.catalina.core.StandardServer.await 유효하지 않은 셧다운 명령 []을(를) 받았습니다.
17-Dec-2022 22:39:18.912 경고 [main] org.apache.catalina.core.StandardServer.await 유효하지 않은 셧다운 명령 []을(를) 받았습니다.
17-Dec-2022 22:42:24.323 경고 [main] org.apache.catalina.core.StandardServer.await 유효하지 않은 셧다운 명령 []을(를) 받았습니다.
17-Dec-2022 22:46:55.992 경고 [main] org.apache.catalina.core.StandardServer.await 유효하지 않은 셧다운 명령 []을(를) 받았습니다.
17-Dec-2022 23:08:34.757 경고 [main] org.apache.catalina.core.StandardServer.await 유효하지 않은 셧다운 명령 []을(를) 받았습니다.
17-Dec-2022 23:21:05.536 경고 [main] org.apache.catalina.core.StandardServer.await 유효하지 않은 셧다운 명령 []을(를) 받았습니다.
17-Dec-2022 23:23:28.626 경고 [main] org.apache.catalina.core.StandardServer.await 유효하지 않은 셧다운 명령 []을(를) 받았습니다.
17-Dec-2022 23:26:10.290 경고 [main] org.apache.catalina.core.StandardServer.await 유효하지 않은 셧다운 명령 []을(를) 받았습니다.
17-Dec-2022 23:38:10.684 경고 [main] org.apache.catalina.core.StandardServer.await 유효하지 않은 셧다운 명령 []을(를) 받았습니다.
18-Dec-2022 02:13:15.022 경고 [main] org.apache.catalina.core.StandardServer.await 유효하지 않은 셧다운 명령 []을(를) 받았습니다.
18-Dec-2022 02:18:24.989 경고 [main] org.apache.catalina.core.StandardServer.await 유효하지 않은 셧다운 명령 []을(를) 받았습니다.
18-Dec-2022 02:36:20.223 경고 [main] org.apache.catalina.core.StandardServer.await 유효하지 않은 셧다운 명령 []을(를) 받았습니다.
18-Dec-2022 02:48:17.277 경고 [main] org.apache.catalina.core.StandardServer.await 유효하지 않은 셧다운 명령 []을(를) 받았습니다.
18-Dec-2022 13:33:32.257 정보 [Catalina-utility-1] org.apache.catalina.startup.HostConfig.undeploy 컨텍스트 [/ttt]의 배치를 제거합니다.
